{"C:\\Users\\Abdullah Karolia\\Desktop\\Praktyk\\praktyk\\App.js": {"path":"C:\\Users\\Abdullah Karolia\\Desktop\\Praktyk\\praktyk\\App.js","statementMap":{"0":{"start":{"line":35,"column":14},"end":{"line":35,"column":42}},"1":{"start":{"line":36,"column":12},"end":{"line":36,"column":46}},"2":{"start":{"line":40,"column":2},"end":{"line":51,"column":4}},"3":{"start":{"line":61,"column":2},"end":{"line":102,"column":4}},"4":{"start":{"line":69,"column":12},"end":{"line":69,"column":74}},"5":{"start":{"line":79,"column":12},"end":{"line":83,"column":14}},"6":{"start":{"line":93,"column":12},"end":{"line":97,"column":14}},"7":{"start":{"line":106,"column":2},"end":{"line":137,"column":4}},"8":{"start":{"line":114,"column":12},"end":{"line":118,"column":14}},"9":{"start":{"line":128,"column":12},"end":{"line":132,"column":14}},"10":{"start":{"line":141,"column":2},"end":{"line":187,"column":4}}},"fnMap":{"0":{"name":"HomeStack","decl":{"start":{"line":39,"column":9},"end":{"line":39,"column":18}},"loc":{"start":{"line":39,"column":21},"end":{"line":52,"column":1}},"line":39},"1":{"name":"GeneralTabs","decl":{"start":{"line":60,"column":9},"end":{"line":60,"column":20}},"loc":{"start":{"line":60,"column":23},"end":{"line":103,"column":1}},"line":60},"2":{"name":"(anonymous_2)","decl":{"start":{"line":68,"column":22},"end":{"line":68,"column":23}},"loc":{"start":{"line":69,"column":12},"end":{"line":69,"column":74}},"line":69},"3":{"name":"(anonymous_3)","decl":{"start":{"line":78,"column":22},"end":{"line":78,"column":23}},"loc":{"start":{"line":79,"column":12},"end":{"line":83,"column":14}},"line":79},"4":{"name":"(anonymous_4)","decl":{"start":{"line":92,"column":22},"end":{"line":92,"column":23}},"loc":{"start":{"line":93,"column":12},"end":{"line":97,"column":14}},"line":93},"5":{"name":"LoginTabs","decl":{"start":{"line":105,"column":9},"end":{"line":105,"column":18}},"loc":{"start":{"line":105,"column":21},"end":{"line":138,"column":1}},"line":105},"6":{"name":"(anonymous_6)","decl":{"start":{"line":113,"column":22},"end":{"line":113,"column":23}},"loc":{"start":{"line":114,"column":12},"end":{"line":118,"column":14}},"line":114},"7":{"name":"(anonymous_7)","decl":{"start":{"line":127,"column":22},"end":{"line":127,"column":23}},"loc":{"start":{"line":128,"column":12},"end":{"line":132,"column":14}},"line":128},"8":{"name":"App","decl":{"start":{"line":140,"column":9},"end":{"line":140,"column":12}},"loc":{"start":{"line":140,"column":15},"end":{"line":188,"column":1}},"line":140}},"branchMap":{},"s":{"0":0,"1":0,"2":0,"3":0,"4":0,"5":0,"6":0,"7":0,"8":0,"9":0,"10":0},"f":{"0":0,"1":0,"2":0,"3":0,"4":0,"5":0,"6":0,"7":0,"8":0},"b":{}}
,"C:\\Users\\Abdullah Karolia\\Desktop\\Praktyk\\praktyk\\store.js": {"path":"C:\\Users\\Abdullah Karolia\\Desktop\\Praktyk\\praktyk\\store.js","statementMap":{"0":{"start":{"line":4,"column":14},"end":{"line":4,"column":38}}},"fnMap":{},"branchMap":{},"s":{"0":0},"f":{},"b":{}}
,"C:\\Users\\Abdullah Karolia\\Desktop\\Praktyk\\praktyk\\.expo\\metro\\polyfill.js": {"path":"C:\\Users\\Abdullah Karolia\\Desktop\\Praktyk\\praktyk\\.expo\\metro\\polyfill.js","statementMap":{"0":{"start":{"line":1,"column":0},"end":{"line":1,"column":81}},"1":{"start":{"line":1,"column":76},"end":{"line":1,"column":80}}},"fnMap":{"0":{"name":"(anonymous_0)","decl":{"start":{"line":1,"column":70},"end":{"line":1,"column":71}},"loc":{"start":{"line":1,"column":76},"end":{"line":1,"column":80}},"line":1}},"branchMap":{"0":{"loc":{"start":{"line":1,"column":28},"end":{"line":1,"column":80}},"type":"cond-expr","locations":[{"start":{"line":1,"column":60},"end":{"line":1,"column":67}},{"start":{"line":1,"column":70},"end":{"line":1,"column":80}}],"line":1}},"s":{"0":0,"1":0},"f":{"0":0},"b":{"0":[0,0]},"inputSourceMap":null}
,"C:\\Users\\Abdullah Karolia\\Desktop\\Praktyk\\praktyk\\.expo\\metro\\polyfill.native.js": {"path":"C:\\Users\\Abdullah Karolia\\Desktop\\Praktyk\\praktyk\\.expo\\metro\\polyfill.native.js","statementMap":{"0":{"start":{"line":1,"column":0},"end":{"line":1,"column":155}},"1":{"start":{"line":1,"column":43},"end":{"line":1,"column":154}}},"fnMap":{"0":{"name":"(anonymous_0)","decl":{"start":{"line":1,"column":28},"end":{"line":1,"column":29}},"loc":{"start":{"line":1,"column":42},"end":{"line":1,"column":155}},"line":1}},"branchMap":{},"s":{"0":0,"1":0},"f":{"0":0},"b":{},"inputSourceMap":null}
,"C:\\Users\\Abdullah Karolia\\Desktop\\Praktyk\\praktyk\\.expo\\metro\\externals\\assert\\index.js": {"path":"C:\\Users\\Abdullah Karolia\\Desktop\\Praktyk\\praktyk\\.expo\\metro\\externals\\assert\\index.js","statementMap":{"0":{"start":{"line":1,"column":0},"end":{"line":1,"column":51}}},"fnMap":{},"branchMap":{},"s":{"0":0},"f":{},"b":{},"inputSourceMap":null}
,"C:\\Users\\Abdullah Karolia\\Desktop\\Praktyk\\praktyk\\.expo\\metro\\externals\\async_hooks\\index.js": {"path":"C:\\Users\\Abdullah Karolia\\Desktop\\Praktyk\\praktyk\\.expo\\metro\\externals\\async_hooks\\index.js","statementMap":{"0":{"start":{"line":1,"column":0},"end":{"line":1,"column":56}}},"fnMap":{},"branchMap":{},"s":{"0":0},"f":{},"b":{},"inputSourceMap":null}
,"C:\\Users\\Abdullah Karolia\\Desktop\\Praktyk\\praktyk\\.expo\\metro\\externals\\buffer\\index.js": {"path":"C:\\Users\\Abdullah Karolia\\Desktop\\Praktyk\\praktyk\\.expo\\metro\\externals\\buffer\\index.js","statementMap":{"0":{"start":{"line":1,"column":0},"end":{"line":1,"column":51}}},"fnMap":{},"branchMap":{},"s":{"0":0},"f":{},"b":{},"inputSourceMap":null}
,"C:\\Users\\Abdullah Karolia\\Desktop\\Praktyk\\praktyk\\.expo\\metro\\externals\\child_process\\index.js": {"path":"C:\\Users\\Abdullah Karolia\\Desktop\\Praktyk\\praktyk\\.expo\\metro\\externals\\child_process\\index.js","statementMap":{"0":{"start":{"line":1,"column":0},"end":{"line":1,"column":58}}},"fnMap":{},"branchMap":{},"s":{"0":0},"f":{},"b":{},"inputSourceMap":null}
,"C:\\Users\\Abdullah Karolia\\Desktop\\Praktyk\\praktyk\\.expo\\metro\\externals\\cluster\\index.js": {"path":"C:\\Users\\Abdullah Karolia\\Desktop\\Praktyk\\praktyk\\.expo\\metro\\externals\\cluster\\index.js","statementMap":{"0":{"start":{"line":1,"column":0},"end":{"line":1,"column":52}}},"fnMap":{},"branchMap":{},"s":{"0":0},"f":{},"b":{},"inputSourceMap":null}
,"C:\\Users\\Abdullah Karolia\\Desktop\\Praktyk\\praktyk\\.expo\\metro\\externals\\console\\index.js": {"path":"C:\\Users\\Abdullah Karolia\\Desktop\\Praktyk\\praktyk\\.expo\\metro\\externals\\console\\index.js","statementMap":{"0":{"start":{"line":1,"column":0},"end":{"line":1,"column":52}}},"fnMap":{},"branchMap":{},"s":{"0":0},"f":{},"b":{},"inputSourceMap":null}
,"C:\\Users\\Abdullah Karolia\\Desktop\\Praktyk\\praktyk\\.expo\\metro\\externals\\constants\\index.js": {"path":"C:\\Users\\Abdullah Karolia\\Desktop\\Praktyk\\praktyk\\.expo\\metro\\externals\\constants\\index.js","statementMap":{"0":{"start":{"line":1,"column":0},"end":{"line":1,"column":54}}},"fnMap":{},"branchMap":{},"s":{"0":0},"f":{},"b":{},"inputSourceMap":null}
,"C:\\Users\\Abdullah Karolia\\Desktop\\Praktyk\\praktyk\\.expo\\metro\\externals\\crypto\\index.js": {"path":"C:\\Users\\Abdullah Karolia\\Desktop\\Praktyk\\praktyk\\.expo\\metro\\externals\\crypto\\index.js","statementMap":{"0":{"start":{"line":1,"column":0},"end":{"line":1,"column":51}}},"fnMap":{},"branchMap":{},"s":{"0":0},"f":{},"b":{},"inputSourceMap":null}
,"C:\\Users\\Abdullah Karolia\\Desktop\\Praktyk\\praktyk\\.expo\\metro\\externals\\dgram\\index.js": {"path":"C:\\Users\\Abdullah Karolia\\Desktop\\Praktyk\\praktyk\\.expo\\metro\\externals\\dgram\\index.js","statementMap":{"0":{"start":{"line":1,"column":0},"end":{"line":1,"column":50}}},"fnMap":{},"branchMap":{},"s":{"0":0},"f":{},"b":{},"inputSourceMap":null}
,"C:\\Users\\Abdullah Karolia\\Desktop\\Praktyk\\praktyk\\.expo\\metro\\externals\\diagnostics_channel\\index.js": {"path":"C:\\Users\\Abdullah Karolia\\Desktop\\Praktyk\\praktyk\\.expo\\metro\\externals\\diagnostics_channel\\index.js","statementMap":{"0":{"start":{"line":1,"column":0},"end":{"line":1,"column":64}}},"fnMap":{},"branchMap":{},"s":{"0":0},"f":{},"b":{},"inputSourceMap":null}
,"C:\\Users\\Abdullah Karolia\\Desktop\\Praktyk\\praktyk\\.expo\\metro\\externals\\dns\\index.js": {"path":"C:\\Users\\Abdullah Karolia\\Desktop\\Praktyk\\praktyk\\.expo\\metro\\externals\\dns\\index.js","statementMap":{"0":{"start":{"line":1,"column":0},"end":{"line":1,"column":48}}},"fnMap":{},"branchMap":{},"s":{"0":0},"f":{},"b":{},"inputSourceMap":null}
,"C:\\Users\\Abdullah Karolia\\Desktop\\Praktyk\\praktyk\\.expo\\metro\\externals\\domain\\index.js": {"path":"C:\\Users\\Abdullah Karolia\\Desktop\\Praktyk\\praktyk\\.expo\\metro\\externals\\domain\\index.js","statementMap":{"0":{"start":{"line":1,"column":0},"end":{"line":1,"column":51}}},"fnMap":{},"branchMap":{},"s":{"0":0},"f":{},"b":{},"inputSourceMap":null}
,"C:\\Users\\Abdullah Karolia\\Desktop\\Praktyk\\praktyk\\.expo\\metro\\externals\\events\\index.js": {"path":"C:\\Users\\Abdullah Karolia\\Desktop\\Praktyk\\praktyk\\.expo\\metro\\externals\\events\\index.js","statementMap":{"0":{"start":{"line":1,"column":0},"end":{"line":1,"column":51}}},"fnMap":{},"branchMap":{},"s":{"0":0},"f":{},"b":{},"inputSourceMap":null}
,"C:\\Users\\Abdullah Karolia\\Desktop\\Praktyk\\praktyk\\.expo\\metro\\externals\\fs\\index.js": {"path":"C:\\Users\\Abdullah Karolia\\Desktop\\Praktyk\\praktyk\\.expo\\metro\\externals\\fs\\index.js","statementMap":{"0":{"start":{"line":1,"column":0},"end":{"line":1,"column":47}}},"fnMap":{},"branchMap":{},"s":{"0":0},"f":{},"b":{},"inputSourceMap":null}
,"C:\\Users\\Abdullah Karolia\\Desktop\\Praktyk\\praktyk\\.expo\\metro\\externals\\fs\\promises\\index.js": {"path":"C:\\Users\\Abdullah Karolia\\Desktop\\Praktyk\\praktyk\\.expo\\metro\\externals\\fs\\promises\\index.js","statementMap":{"0":{"start":{"line":1,"column":0},"end":{"line":1,"column":56}}},"fnMap":{},"branchMap":{},"s":{"0":0},"f":{},"b":{},"inputSourceMap":null}
,"C:\\Users\\Abdullah Karolia\\Desktop\\Praktyk\\praktyk\\.expo\\metro\\externals\\http\\index.js": {"path":"C:\\Users\\Abdullah Karolia\\Desktop\\Praktyk\\praktyk\\.expo\\metro\\externals\\http\\index.js","statementMap":{"0":{"start":{"line":1,"column":0},"end":{"line":1,"column":49}}},"fnMap":{},"branchMap":{},"s":{"0":0},"f":{},"b":{},"inputSourceMap":null}
,"C:\\Users\\Abdullah Karolia\\Desktop\\Praktyk\\praktyk\\.expo\\metro\\externals\\http2\\index.js": {"path":"C:\\Users\\Abdullah Karolia\\Desktop\\Praktyk\\praktyk\\.expo\\metro\\externals\\http2\\index.js","statementMap":{"0":{"start":{"line":1,"column":0},"end":{"line":1,"column":50}}},"fnMap":{},"branchMap":{},"s":{"0":0},"f":{},"b":{},"inputSourceMap":null}
,"C:\\Users\\Abdullah Karolia\\Desktop\\Praktyk\\praktyk\\.expo\\metro\\externals\\https\\index.js": {"path":"C:\\Users\\Abdullah Karolia\\Desktop\\Praktyk\\praktyk\\.expo\\metro\\externals\\https\\index.js","statementMap":{"0":{"start":{"line":1,"column":0},"end":{"line":1,"column":50}}},"fnMap":{},"branchMap":{},"s":{"0":0},"f":{},"b":{},"inputSourceMap":null}
,"C:\\Users\\Abdullah Karolia\\Desktop\\Praktyk\\praktyk\\.expo\\metro\\externals\\inspector\\index.js": {"path":"C:\\Users\\Abdullah Karolia\\Desktop\\Praktyk\\praktyk\\.expo\\metro\\externals\\inspector\\index.js","statementMap":{"0":{"start":{"line":1,"column":0},"end":{"line":1,"column":54}}},"fnMap":{},"branchMap":{},"s":{"0":0},"f":{},"b":{},"inputSourceMap":null}
,"C:\\Users\\Abdullah Karolia\\Desktop\\Praktyk\\praktyk\\.expo\\metro\\externals\\module\\index.js": {"path":"C:\\Users\\Abdullah Karolia\\Desktop\\Praktyk\\praktyk\\.expo\\metro\\externals\\module\\index.js","statementMap":{"0":{"start":{"line":1,"column":0},"end":{"line":1,"column":51}}},"fnMap":{},"branchMap":{},"s":{"0":0},"f":{},"b":{},"inputSourceMap":null}
,"C:\\Users\\Abdullah Karolia\\Desktop\\Praktyk\\praktyk\\.expo\\metro\\externals\\net\\index.js": {"path":"C:\\Users\\Abdullah Karolia\\Desktop\\Praktyk\\praktyk\\.expo\\metro\\externals\\net\\index.js","statementMap":{"0":{"start":{"line":1,"column":0},"end":{"line":1,"column":48}}},"fnMap":{},"branchMap":{},"s":{"0":0},"f":{},"b":{},"inputSourceMap":null}
,"C:\\Users\\Abdullah Karolia\\Desktop\\Praktyk\\praktyk\\.expo\\metro\\externals\\os\\index.js": {"path":"C:\\Users\\Abdullah Karolia\\Desktop\\Praktyk\\praktyk\\.expo\\metro\\externals\\os\\index.js","statementMap":{"0":{"start":{"line":1,"column":0},"end":{"line":1,"column":47}}},"fnMap":{},"branchMap":{},"s":{"0":0},"f":{},"b":{},"inputSourceMap":null}
,"C:\\Users\\Abdullah Karolia\\Desktop\\Praktyk\\praktyk\\.expo\\metro\\externals\\path\\index.js": {"path":"C:\\Users\\Abdullah Karolia\\Desktop\\Praktyk\\praktyk\\.expo\\metro\\externals\\path\\index.js","statementMap":{"0":{"start":{"line":1,"column":0},"end":{"line":1,"column":49}}},"fnMap":{},"branchMap":{},"s":{"0":0},"f":{},"b":{},"inputSourceMap":null}
,"C:\\Users\\Abdullah Karolia\\Desktop\\Praktyk\\praktyk\\.expo\\metro\\externals\\perf_hooks\\index.js": {"path":"C:\\Users\\Abdullah Karolia\\Desktop\\Praktyk\\praktyk\\.expo\\metro\\externals\\perf_hooks\\index.js","statementMap":{"0":{"start":{"line":1,"column":0},"end":{"line":1,"column":55}}},"fnMap":{},"branchMap":{},"s":{"0":0},"f":{},"b":{},"inputSourceMap":null}
,"C:\\Users\\Abdullah Karolia\\Desktop\\Praktyk\\praktyk\\.expo\\metro\\externals\\process\\index.js": {"path":"C:\\Users\\Abdullah Karolia\\Desktop\\Praktyk\\praktyk\\.expo\\metro\\externals\\process\\index.js","statementMap":{"0":{"start":{"line":1,"column":0},"end":{"line":1,"column":52}}},"fnMap":{},"branchMap":{},"s":{"0":0},"f":{},"b":{},"inputSourceMap":null}
,"C:\\Users\\Abdullah Karolia\\Desktop\\Praktyk\\praktyk\\.expo\\metro\\externals\\punycode\\index.js": {"path":"C:\\Users\\Abdullah Karolia\\Desktop\\Praktyk\\praktyk\\.expo\\metro\\externals\\punycode\\index.js","statementMap":{"0":{"start":{"line":1,"column":0},"end":{"line":1,"column":53}}},"fnMap":{},"branchMap":{},"s":{"0":0},"f":{},"b":{},"inputSourceMap":null}
,"C:\\Users\\Abdullah Karolia\\Desktop\\Praktyk\\praktyk\\.expo\\metro\\externals\\querystring\\index.js": {"path":"C:\\Users\\Abdullah Karolia\\Desktop\\Praktyk\\praktyk\\.expo\\metro\\externals\\querystring\\index.js","statementMap":{"0":{"start":{"line":1,"column":0},"end":{"line":1,"column":56}}},"fnMap":{},"branchMap":{},"s":{"0":0},"f":{},"b":{},"inputSourceMap":null}
,"C:\\Users\\Abdullah Karolia\\Desktop\\Praktyk\\praktyk\\.expo\\metro\\externals\\readline\\index.js": {"path":"C:\\Users\\Abdullah Karolia\\Desktop\\Praktyk\\praktyk\\.expo\\metro\\externals\\readline\\index.js","statementMap":{"0":{"start":{"line":1,"column":0},"end":{"line":1,"column":53}}},"fnMap":{},"branchMap":{},"s":{"0":0},"f":{},"b":{},"inputSourceMap":null}
,"C:\\Users\\Abdullah Karolia\\Desktop\\Praktyk\\praktyk\\.expo\\metro\\externals\\repl\\index.js": {"path":"C:\\Users\\Abdullah Karolia\\Desktop\\Praktyk\\praktyk\\.expo\\metro\\externals\\repl\\index.js","statementMap":{"0":{"start":{"line":1,"column":0},"end":{"line":1,"column":49}}},"fnMap":{},"branchMap":{},"s":{"0":0},"f":{},"b":{},"inputSourceMap":null}
,"C:\\Users\\Abdullah Karolia\\Desktop\\Praktyk\\praktyk\\.expo\\metro\\externals\\stream\\index.js": {"path":"C:\\Users\\Abdullah Karolia\\Desktop\\Praktyk\\praktyk\\.expo\\metro\\externals\\stream\\index.js","statementMap":{"0":{"start":{"line":1,"column":0},"end":{"line":1,"column":51}}},"fnMap":{},"branchMap":{},"s":{"0":0},"f":{},"b":{},"inputSourceMap":null}
,"C:\\Users\\Abdullah Karolia\\Desktop\\Praktyk\\praktyk\\.expo\\metro\\externals\\string_decoder\\index.js": {"path":"C:\\Users\\Abdullah Karolia\\Desktop\\Praktyk\\praktyk\\.expo\\metro\\externals\\string_decoder\\index.js","statementMap":{"0":{"start":{"line":1,"column":0},"end":{"line":1,"column":59}}},"fnMap":{},"branchMap":{},"s":{"0":0},"f":{},"b":{},"inputSourceMap":null}
,"C:\\Users\\Abdullah Karolia\\Desktop\\Praktyk\\praktyk\\.expo\\metro\\externals\\timers\\index.js": {"path":"C:\\Users\\Abdullah Karolia\\Desktop\\Praktyk\\praktyk\\.expo\\metro\\externals\\timers\\index.js","statementMap":{"0":{"start":{"line":1,"column":0},"end":{"line":1,"column":51}}},"fnMap":{},"branchMap":{},"s":{"0":0},"f":{},"b":{},"inputSourceMap":null}
,"C:\\Users\\Abdullah Karolia\\Desktop\\Praktyk\\praktyk\\.expo\\metro\\externals\\tls\\index.js": {"path":"C:\\Users\\Abdullah Karolia\\Desktop\\Praktyk\\praktyk\\.expo\\metro\\externals\\tls\\index.js","statementMap":{"0":{"start":{"line":1,"column":0},"end":{"line":1,"column":48}}},"fnMap":{},"branchMap":{},"s":{"0":0},"f":{},"b":{},"inputSourceMap":null}
,"C:\\Users\\Abdullah Karolia\\Desktop\\Praktyk\\praktyk\\.expo\\metro\\externals\\trace_events\\index.js": {"path":"C:\\Users\\Abdullah Karolia\\Desktop\\Praktyk\\praktyk\\.expo\\metro\\externals\\trace_events\\index.js","statementMap":{"0":{"start":{"line":1,"column":0},"end":{"line":1,"column":57}}},"fnMap":{},"branchMap":{},"s":{"0":0},"f":{},"b":{},"inputSourceMap":null}
,"C:\\Users\\Abdullah Karolia\\Desktop\\Praktyk\\praktyk\\.expo\\metro\\externals\\tty\\index.js": {"path":"C:\\Users\\Abdullah Karolia\\Desktop\\Praktyk\\praktyk\\.expo\\metro\\externals\\tty\\index.js","statementMap":{"0":{"start":{"line":1,"column":0},"end":{"line":1,"column":48}}},"fnMap":{},"branchMap":{},"s":{"0":0},"f":{},"b":{},"inputSourceMap":null}
,"C:\\Users\\Abdullah Karolia\\Desktop\\Praktyk\\praktyk\\.expo\\metro\\externals\\url\\index.js": {"path":"C:\\Users\\Abdullah Karolia\\Desktop\\Praktyk\\praktyk\\.expo\\metro\\externals\\url\\index.js","statementMap":{"0":{"start":{"line":1,"column":0},"end":{"line":1,"column":48}}},"fnMap":{},"branchMap":{},"s":{"0":0},"f":{},"b":{},"inputSourceMap":null}
,"C:\\Users\\Abdullah Karolia\\Desktop\\Praktyk\\praktyk\\.expo\\metro\\externals\\util\\index.js": {"path":"C:\\Users\\Abdullah Karolia\\Desktop\\Praktyk\\praktyk\\.expo\\metro\\externals\\util\\index.js","statementMap":{"0":{"start":{"line":1,"column":0},"end":{"line":1,"column":49}}},"fnMap":{},"branchMap":{},"s":{"0":0},"f":{},"b":{},"inputSourceMap":null}
,"C:\\Users\\Abdullah Karolia\\Desktop\\Praktyk\\praktyk\\.expo\\metro\\externals\\v8\\index.js": {"path":"C:\\Users\\Abdullah Karolia\\Desktop\\Praktyk\\praktyk\\.expo\\metro\\externals\\v8\\index.js","statementMap":{"0":{"start":{"line":1,"column":0},"end":{"line":1,"column":47}}},"fnMap":{},"branchMap":{},"s":{"0":0},"f":{},"b":{},"inputSourceMap":null}
,"C:\\Users\\Abdullah Karolia\\Desktop\\Praktyk\\praktyk\\.expo\\metro\\externals\\vm\\index.js": {"path":"C:\\Users\\Abdullah Karolia\\Desktop\\Praktyk\\praktyk\\.expo\\metro\\externals\\vm\\index.js","statementMap":{"0":{"start":{"line":1,"column":0},"end":{"line":1,"column":47}}},"fnMap":{},"branchMap":{},"s":{"0":0},"f":{},"b":{},"inputSourceMap":null}
,"C:\\Users\\Abdullah Karolia\\Desktop\\Praktyk\\praktyk\\.expo\\metro\\externals\\wasi\\index.js": {"path":"C:\\Users\\Abdullah Karolia\\Desktop\\Praktyk\\praktyk\\.expo\\metro\\externals\\wasi\\index.js","statementMap":{"0":{"start":{"line":1,"column":0},"end":{"line":1,"column":49}}},"fnMap":{},"branchMap":{},"s":{"0":0},"f":{},"b":{},"inputSourceMap":null}
,"C:\\Users\\Abdullah Karolia\\Desktop\\Praktyk\\praktyk\\.expo\\metro\\externals\\worker_threads\\index.js": {"path":"C:\\Users\\Abdullah Karolia\\Desktop\\Praktyk\\praktyk\\.expo\\metro\\externals\\worker_threads\\index.js","statementMap":{"0":{"start":{"line":1,"column":0},"end":{"line":1,"column":59}}},"fnMap":{},"branchMap":{},"s":{"0":0},"f":{},"b":{},"inputSourceMap":null}
,"C:\\Users\\Abdullah Karolia\\Desktop\\Praktyk\\praktyk\\.expo\\metro\\externals\\zlib\\index.js": {"path":"C:\\Users\\Abdullah Karolia\\Desktop\\Praktyk\\praktyk\\.expo\\metro\\externals\\zlib\\index.js","statementMap":{"0":{"start":{"line":1,"column":0},"end":{"line":1,"column":49}}},"fnMap":{},"branchMap":{},"s":{"0":0},"f":{},"b":{},"inputSourceMap":null}
,"C:\\Users\\Abdullah Karolia\\Desktop\\Praktyk\\praktyk\\components\\BottomNavBar.js": {"path":"C:\\Users\\Abdullah Karolia\\Desktop\\Praktyk\\praktyk\\components\\BottomNavBar.js","statementMap":{"0":{"start":{"line":13,"column":23},"end":{"line":13,"column":29}},"1":{"start":{"line":14,"column":26},"end":{"line":14,"column":35}},"2":{"start":{"line":15,"column":24},"end":{"line":15,"column":31}},"3":{"start":{"line":17,"column":12},"end":{"line":17,"column":38}},"4":{"start":{"line":20,"column":2},"end":{"line":61,"column":4}},"5":{"start":{"line":24,"column":39},"end":{"line":39,"column":9}},"6":{"start":{"line":27,"column":21},"end":{"line":27,"column":31}},"7":{"start":{"line":28,"column":12},"end":{"line":36,"column":13}},"8":{"start":{"line":29,"column":14},"end":{"line":29,"column":59}},"9":{"start":{"line":31,"column":17},"end":{"line":36,"column":13}},"10":{"start":{"line":32,"column":14},"end":{"line":32,"column":59}},"11":{"start":{"line":34,"column":17},"end":{"line":36,"column":13}},"12":{"start":{"line":35,"column":14},"end":{"line":35,"column":87}},"13":{"start":{"line":37,"column":12},"end":{"line":37,"column":74}}},"fnMap":{"0":{"name":"BottomNavBar","decl":{"start":{"line":19,"column":24},"end":{"line":19,"column":36}},"loc":{"start":{"line":19,"column":39},"end":{"line":62,"column":1}},"line":19},"1":{"name":"(anonymous_1)","decl":{"start":{"line":24,"column":23},"end":{"line":24,"column":24}},"loc":{"start":{"line":24,"column":39},"end":{"line":39,"column":9}},"line":24},"2":{"name":"(anonymous_2)","decl":{"start":{"line":25,"column":22},"end":{"line":25,"column":23}},"loc":{"start":{"line":25,"column":52},"end":{"line":38,"column":11}},"line":25}},"branchMap":{"0":{"loc":{"start":{"line":28,"column":12},"end":{"line":36,"column":13}},"type":"if","locations":[{"start":{"line":28,"column":12},"end":{"line":36,"column":13}},{"start":{"line":31,"column":17},"end":{"line":36,"column":13}}],"line":28},"1":{"loc":{"start":{"line":29,"column":25},"end":{"line":29,"column":58}},"type":"cond-expr","locations":[{"start":{"line":29,"column":35},"end":{"line":29,"column":41}},{"start":{"line":29,"column":44},"end":{"line":29,"column":58}}],"line":29},"2":{"loc":{"start":{"line":31,"column":17},"end":{"line":36,"column":13}},"type":"if","locations":[{"start":{"line":31,"column":17},"end":{"line":36,"column":13}},{"start":{"line":34,"column":17},"end":{"line":36,"column":13}}],"line":31},"3":{"loc":{"start":{"line":32,"column":25},"end":{"line":32,"column":58}},"type":"cond-expr","locations":[{"start":{"line":32,"column":35},"end":{"line":32,"column":41}},{"start":{"line":32,"column":44},"end":{"line":32,"column":58}}],"line":32},"4":{"loc":{"start":{"line":34,"column":17},"end":{"line":36,"column":13}},"type":"if","locations":[{"start":{"line":34,"column":17},"end":{"line":36,"column":13}},{"start":{},"end":{}}],"line":34},"5":{"loc":{"start":{"line":35,"column":25},"end":{"line":35,"column":86}},"type":"cond-expr","locations":[{"start":{"line":35,"column":35},"end":{"line":35,"column":55}},{"start":{"line":35,"column":58},"end":{"line":35,"column":86}}],"line":35}},"s":{"0":0,"1":0,"2":0,"3":0,"4":0,"5":0,"6":0,"7":0,"8":0,"9":0,"10":0,"11":0,"12":0,"13":0},"f":{"0":0,"1":0,"2":0},"b":{"0":[0,0],"1":[0,0],"2":[0,0],"3":[0,0],"4":[0,0],"5":[0,0]}}
,"C:\\Users\\Abdullah Karolia\\Desktop\\Praktyk\\praktyk\\components\\ButtonComponent.js": {"path":"C:\\Users\\Abdullah Karolia\\Desktop\\Praktyk\\praktyk\\components\\ButtonComponent.js","statementMap":{"0":{"start":{"line":4,"column":24},"end":{"line":17,"column":1}},"1":{"start":{"line":5,"column":73},"end":{"line":5,"column":78}},"2":{"start":{"line":6,"column":2},"end":{"line":16,"column":4}}},"fnMap":{"0":{"name":"(anonymous_0)","decl":{"start":{"line":4,"column":24},"end":{"line":4,"column":25}},"loc":{"start":{"line":4,"column":35},"end":{"line":17,"column":1}},"line":4}},"branchMap":{},"s":{"0":1,"1":2,"2":2},"f":{"0":2},"b":{},"_coverageSchema":"1a1c01bbd47fc00a2c39e90264f33305004495a9","hash":"b9a7ffc250ded13faef7744000cf1a4e1f12a927"}
,"C:\\Users\\Abdullah Karolia\\Desktop\\Praktyk\\praktyk\\components\\CustomCards.js": {"path":"C:\\Users\\Abdullah Karolia\\Desktop\\Praktyk\\praktyk\\components\\CustomCards.js","statementMap":{"0":{"start":{"line":5,"column":19},"end":{"line":20,"column":1}},"1":{"start":{"line":6,"column":2},"end":{"line":19,"column":21}},"2":{"start":{"line":22,"column":15},"end":{"line":33,"column":2}}},"fnMap":{"0":{"name":"(anonymous_0)","decl":{"start":{"line":5,"column":19},"end":{"line":5,"column":20}},"loc":{"start":{"line":6,"column":2},"end":{"line":19,"column":21}},"line":6}},"branchMap":{},"s":{"0":1,"1":2,"2":1},"f":{"0":2},"b":{},"_coverageSchema":"1a1c01bbd47fc00a2c39e90264f33305004495a9","hash":"371403ce33706690aab318c2d940fc7d70254dec"}
,"C:\\Users\\Abdullah Karolia\\Desktop\\Praktyk\\praktyk\\components\\ImageDisplay.js": {"path":"C:\\Users\\Abdullah Karolia\\Desktop\\Praktyk\\praktyk\\components\\ImageDisplay.js","statementMap":{"0":{"start":{"line":4,"column":21},"end":{"line":14,"column":1}},"1":{"start":{"line":5,"column":35},"end":{"line":5,"column":40}},"2":{"start":{"line":7,"column":4},"end":{"line":13,"column":6}}},"fnMap":{"0":{"name":"(anonymous_0)","decl":{"start":{"line":4,"column":21},"end":{"line":4,"column":22}},"loc":{"start":{"line":4,"column":32},"end":{"line":14,"column":1}},"line":4}},"branchMap":{},"s":{"0":1,"1":1,"2":1},"f":{"0":1},"b":{},"_coverageSchema":"1a1c01bbd47fc00a2c39e90264f33305004495a9","hash":"9262b2480cab743a5c364e3f7800a2ce7f0980fa"}
,"C:\\Users\\Abdullah Karolia\\Desktop\\Praktyk\\praktyk\\components\\InputBox.js": {"path":"C:\\Users\\Abdullah Karolia\\Desktop\\Praktyk\\praktyk\\components\\InputBox.js","statementMap":{"0":{"start":{"line":5,"column":17},"end":{"line":35,"column":1}},"1":{"start":{"line":6,"column":68},"end":{"line":6,"column":73}},"2":{"start":{"line":7,"column":26},"end":{"line":7,"column":44}},"3":{"start":{"line":8,"column":48},"end":{"line":8,"column":68}},"4":{"start":{"line":10,"column":26},"end":{"line":12,"column":3}},"5":{"start":{"line":11,"column":4},"end":{"line":11,"column":41}},"6":{"start":{"line":14,"column":2},"end":{"line":34,"column":4}},"7":{"start":{"line":23,"column":32},"end":{"line":23,"column":45}},"8":{"start":{"line":37,"column":15},"end":{"line":41,"column":2}}},"fnMap":{"0":{"name":"(anonymous_0)","decl":{"start":{"line":5,"column":17},"end":{"line":5,"column":18}},"loc":{"start":{"line":5,"column":28},"end":{"line":35,"column":1}},"line":5},"1":{"name":"(anonymous_1)","decl":{"start":{"line":10,"column":26},"end":{"line":10,"column":27}},"loc":{"start":{"line":10,"column":32},"end":{"line":12,"column":3}},"line":10},"2":{"name":"(anonymous_2)","decl":{"start":{"line":23,"column":22},"end":{"line":23,"column":23}},"loc":{"start":{"line":23,"column":32},"end":{"line":23,"column":45}},"line":23}},"branchMap":{"0":{"loc":{"start":{"line":26,"column":10},"end":{"line":26,"column":71}},"type":"cond-expr","locations":[{"start":{"line":26,"column":59},"end":{"line":26,"column":63}},{"start":{"line":26,"column":66},"end":{"line":26,"column":71}}],"line":26},"1":{"loc":{"start":{"line":26,"column":10},"end":{"line":26,"column":56}},"type":"binary-expr","locations":[{"start":{"line":26,"column":10},"end":{"line":26,"column":25}},{"start":{"line":26,"column":29},"end":{"line":26,"column":56}}],"line":26},"2":{"loc":{"start":{"line":29,"column":10},"end":{"line":29,"column":94}},"type":"cond-expr","locations":[{"start":{"line":29,"column":17},"end":{"line":29,"column":87}},{"start":{"line":29,"column":90},"end":{"line":29,"column":94}}],"line":29}},"s":{"0":1,"1":4,"2":4,"3":4,"4":4,"5":0,"6":4,"7":1,"8":1},"f":{"0":4,"1":0,"2":1},"b":{"0":[0,4],"1":[4,4],"2":[0,4]},"_coverageSchema":"1a1c01bbd47fc00a2c39e90264f33305004495a9","hash":"b2ee5edebf7f28b7616fa7381b66f1ecb487d8ca"}
,"C:\\Users\\Abdullah Karolia\\Desktop\\Praktyk\\praktyk\\components\\Popup.js": {"path":"C:\\Users\\Abdullah Karolia\\Desktop\\Praktyk\\praktyk\\components\\Popup.js","statementMap":{"0":{"start":{"line":5,"column":14},"end":{"line":28,"column":1}},"1":{"start":{"line":6,"column":63},"end":{"line":6,"column":68}},"2":{"start":{"line":8,"column":2},"end":{"line":27,"column":4}},"3":{"start":{"line":15,"column":29},"end":{"line":15,"column":44}},"4":{"start":{"line":18,"column":29},"end":{"line":18,"column":44}},"5":{"start":{"line":30,"column":15},"end":{"line":35,"column":2}}},"fnMap":{"0":{"name":"(anonymous_0)","decl":{"start":{"line":5,"column":14},"end":{"line":5,"column":15}},"loc":{"start":{"line":5,"column":25},"end":{"line":28,"column":1}},"line":5},"1":{"name":"(anonymous_1)","decl":{"start":{"line":15,"column":23},"end":{"line":15,"column":24}},"loc":{"start":{"line":15,"column":29},"end":{"line":15,"column":44}},"line":15},"2":{"name":"(anonymous_2)","decl":{"start":{"line":18,"column":23},"end":{"line":18,"column":24}},"loc":{"start":{"line":18,"column":29},"end":{"line":18,"column":44}},"line":18}},"branchMap":{},"s":{"0":1,"1":1,"2":1,"3":1,"4":1,"5":1},"f":{"0":1,"1":1,"2":1},"b":{},"_coverageSchema":"1a1c01bbd47fc00a2c39e90264f33305004495a9","hash":"a37a4c4e440eecf0a1860000b6c72ee99e3d3298"}
,"C:\\Users\\Abdullah Karolia\\Desktop\\Praktyk\\praktyk\\pages\\DetailsScreen.js": {"path":"C:\\Users\\Abdullah Karolia\\Desktop\\Praktyk\\praktyk\\pages\\DetailsScreen.js","statementMap":{"0":{"start":{"line":11,"column":30},"end":{"line":11,"column":45}},"1":{"start":{"line":12,"column":32},"end":{"line":12,"column":46}},"2":{"start":{"line":13,"column":28},"end":{"line":19,"column":4}},"3":{"start":{"line":23,"column":44},"end":{"line":23,"column":59}},"4":{"start":{"line":26,"column":28},"end":{"line":29,"column":3}},"5":{"start":{"line":27,"column":4},"end":{"line":27,"column":22}},"6":{"start":{"line":28,"column":4},"end":{"line":28,"column":27}},"7":{"start":{"line":32,"column":23},"end":{"line":32,"column":75}},"8":{"start":{"line":34,"column":24},"end":{"line":37,"column":3}},"9":{"start":{"line":35,"column":24},"end":{"line":35,"column":71}},"10":{"start":{"line":36,"column":4},"end":{"line":36,"column":37}},"11":{"start":{"line":46,"column":25},"end":{"line":46,"column":39}},"12":{"start":{"line":47,"column":2},"end":{"line":129,"column":4}},"13":{"start":{"line":89,"column":16},"end":{"line":92,"column":19}},"14":{"start":{"line":101,"column":35},"end":{"line":101,"column":50}},"15":{"start":{"line":102,"column":16},"end":{"line":102,"column":48}},"16":{"start":{"line":118,"column":16},"end":{"line":118,"column":58}},"17":{"start":{"line":133,"column":15},"end":{"line":192,"column":2}}},"fnMap":{"0":{"name":"DetailsScreen","decl":{"start":{"line":9,"column":24},"end":{"line":9,"column":37}},"loc":{"start":{"line":9,"column":54},"end":{"line":130,"column":1}},"line":9},"1":{"name":"(anonymous_1)","decl":{"start":{"line":26,"column":28},"end":{"line":26,"column":29}},"loc":{"start":{"line":26,"column":39},"end":{"line":29,"column":3}},"line":26},"2":{"name":"(anonymous_2)","decl":{"start":{"line":34,"column":24},"end":{"line":34,"column":25}},"loc":{"start":{"line":34,"column":30},"end":{"line":37,"column":3}},"line":34},"3":{"name":"(anonymous_3)","decl":{"start":{"line":87,"column":23},"end":{"line":87,"column":24}},"loc":{"start":{"line":87,"column":29},"end":{"line":93,"column":15}},"line":87},"4":{"name":"(anonymous_4)","decl":{"start":{"line":99,"column":23},"end":{"line":99,"column":24}},"loc":{"start":{"line":99,"column":29},"end":{"line":103,"column":15}},"line":99},"5":{"name":"(anonymous_5)","decl":{"start":{"line":117,"column":23},"end":{"line":117,"column":24}},"loc":{"start":{"line":117,"column":29},"end":{"line":119,"column":15}},"line":117}},"branchMap":{"0":{"loc":{"start":{"line":82,"column":9},"end":{"line":126,"column":9}},"type":"cond-expr","locations":[{"start":{"line":83,"column":10},"end":{"line":121,"column":17}},{"start":{"line":123,"column":10},"end":{"line":125,"column":17}}],"line":82}},"s":{"0":0,"1":0,"2":0,"3":0,"4":0,"5":0,"6":0,"7":0,"8":0,"9":0,"10":0,"11":0,"12":0,"13":0,"14":0,"15":0,"16":0,"17":0},"f":{"0":0,"1":0,"2":0,"3":0,"4":0,"5":0},"b":{"0":[0,0]}}
,"C:\\Users\\Abdullah Karolia\\Desktop\\Praktyk\\praktyk\\pages\\GrammarCategories.js": {"path":"C:\\Users\\Abdullah Karolia\\Desktop\\Praktyk\\praktyk\\pages\\GrammarCategories.js","statementMap":{"0":{"start":{"line":7,"column":2},"end":{"line":31,"column":4}},"1":{"start":{"line":13,"column":10},"end":{"line":13,"column":40}},"2":{"start":{"line":20,"column":10},"end":{"line":20,"column":40}},"3":{"start":{"line":27,"column":10},"end":{"line":27,"column":47}},"4":{"start":{"line":34,"column":15},"end":{"line":41,"column":2}}},"fnMap":{"0":{"name":"GrammarCategories","decl":{"start":{"line":6,"column":24},"end":{"line":6,"column":41}},"loc":{"start":{"line":6,"column":58},"end":{"line":32,"column":1}},"line":6},"1":{"name":"(anonymous_1)","decl":{"start":{"line":12,"column":17},"end":{"line":12,"column":18}},"loc":{"start":{"line":12,"column":23},"end":{"line":14,"column":9}},"line":12},"2":{"name":"(anonymous_2)","decl":{"start":{"line":19,"column":17},"end":{"line":19,"column":18}},"loc":{"start":{"line":19,"column":23},"end":{"line":21,"column":9}},"line":19},"3":{"name":"(anonymous_3)","decl":{"start":{"line":26,"column":17},"end":{"line":26,"column":18}},"loc":{"start":{"line":26,"column":23},"end":{"line":28,"column":9}},"line":26}},"branchMap":{},"s":{"0":0,"1":0,"2":0,"3":0,"4":0},"f":{"0":0,"1":0,"2":0,"3":0},"b":{}}
,"C:\\Users\\Abdullah Karolia\\Desktop\\Praktyk\\praktyk\\pages\\GrammarLearning.js": {"path":"C:\\Users\\Abdullah Karolia\\Desktop\\Praktyk\\praktyk\\pages\\GrammarLearning.js","statementMap":{"0":{"start":{"line":6,"column":2},"end":{"line":12,"column":4}}},"fnMap":{"0":{"name":"GrammarLearning","decl":{"start":{"line":5,"column":24},"end":{"line":5,"column":39}},"loc":{"start":{"line":5,"column":47},"end":{"line":13,"column":1}},"line":5}},"branchMap":{},"s":{"0":0},"f":{"0":0},"b":{}}
,"C:\\Users\\Abdullah Karolia\\Desktop\\Praktyk\\praktyk\\pages\\GrammarNegative.js": {"path":"C:\\Users\\Abdullah Karolia\\Desktop\\Praktyk\\praktyk\\pages\\GrammarNegative.js","statementMap":{"0":{"start":{"line":20,"column":2},"end":{"line":27,"column":3}},"1":{"start":{"line":21,"column":23},"end":{"line":21,"column":51}},"2":{"start":{"line":22,"column":4},"end":{"line":22,"column":36}},"3":{"start":{"line":23,"column":4},"end":{"line":23,"column":45}},"4":{"start":{"line":26,"column":4},"end":{"line":26,"column":27}},"5":{"start":{"line":32,"column":2},"end":{"line":44,"column":3}},"6":{"start":{"line":33,"column":4},"end":{"line":33,"column":20}},"7":{"start":{"line":34,"column":9},"end":{"line":44,"column":3}},"8":{"start":{"line":35,"column":4},"end":{"line":35,"column":28}},"9":{"start":{"line":36,"column":9},"end":{"line":44,"column":3}},"10":{"start":{"line":37,"column":4},"end":{"line":37,"column":27}},"11":{"start":{"line":38,"column":9},"end":{"line":44,"column":3}},"12":{"start":{"line":39,"column":4},"end":{"line":39,"column":31}},"13":{"start":{"line":40,"column":9},"end":{"line":44,"column":3}},"14":{"start":{"line":41,"column":4},"end":{"line":41,"column":22}},"15":{"start":{"line":43,"column":4},"end":{"line":43,"column":14}},"16":{"start":{"line":48,"column":15},"end":{"line":50,"column":3}},"17":{"start":{"line":52,"column":2},"end":{"line":86,"column":3}},"18":{"start":{"line":53,"column":21},"end":{"line":62,"column":5}},"19":{"start":{"line":64,"column":4},"end":{"line":83,"column":5}},"20":{"start":{"line":65,"column":19},"end":{"line":65,"column":32}},"21":{"start":{"line":69,"column":28},"end":{"line":69,"column":46}},"22":{"start":{"line":71,"column":23},"end":{"line":71,"column":25}},"23":{"start":{"line":72,"column":23},"end":{"line":72,"column":25}},"24":{"start":{"line":74,"column":6},"end":{"line":77,"column":7}},"25":{"start":{"line":75,"column":8},"end":{"line":75,"column":29}},"26":{"start":{"line":76,"column":8},"end":{"line":76,"column":27}},"27":{"start":{"line":80,"column":6},"end":{"line":80,"column":36}},"28":{"start":{"line":82,"column":6},"end":{"line":82,"column":62}},"29":{"start":{"line":85,"column":4},"end":{"line":85,"column":23}},"30":{"start":{"line":91,"column":22},"end":{"line":91,"column":46}},"31":{"start":{"line":94,"column":22},"end":{"line":94,"column":61}},"32":{"start":{"line":97,"column":19},"end":{"line":97,"column":49}},"33":{"start":{"line":98,"column":17},"end":{"line":98,"column":47}},"34":{"start":{"line":100,"column":2},"end":{"line":100,"column":30}},"35":{"start":{"line":104,"column":36},"end":{"line":104,"column":48}},"36":{"start":{"line":105,"column":50},"end":{"line":105,"column":61}},"37":{"start":{"line":106,"column":32},"end":{"line":106,"column":44}},"38":{"start":{"line":107,"column":52},"end":{"line":107,"column":64}},"39":{"start":{"line":108,"column":52},"end":{"line":108,"column":64}},"40":{"start":{"line":109,"column":48},"end":{"line":109,"column":60}},"41":{"start":{"line":110,"column":44},"end":{"line":110,"column":56}},"42":{"start":{"line":111,"column":50},"end":{"line":111,"column":65}},"43":{"start":{"line":114,"column":28},"end":{"line":118,"column":3}},"44":{"start":{"line":115,"column":17},"end":{"line":115,"column":39}},"45":{"start":{"line":116,"column":4},"end":{"line":116,"column":23}},"46":{"start":{"line":117,"column":4},"end":{"line":117,"column":78}},"47":{"start":{"line":120,"column":27},"end":{"line":122,"column":3}},"48":{"start":{"line":121,"column":4},"end":{"line":121,"column":21}},"49":{"start":{"line":124,"column":33},"end":{"line":129,"column":3}},"50":{"start":{"line":125,"column":35},"end":{"line":125,"column":58}},"51":{"start":{"line":126,"column":4},"end":{"line":126,"column":35}},"52":{"start":{"line":127,"column":4},"end":{"line":127,"column":35}},"53":{"start":{"line":128,"column":4},"end":{"line":128,"column":30}},"54":{"start":{"line":132,"column":2},"end":{"line":134,"column":9}},"55":{"start":{"line":133,"column":4},"end":{"line":133,"column":29}},"56":{"start":{"line":136,"column":2},"end":{"line":148,"column":25}},"57":{"start":{"line":137,"column":4},"end":{"line":147,"column":5}},"58":{"start":{"line":139,"column":35},"end":{"line":142,"column":7}},"59":{"start":{"line":145,"column":6},"end":{"line":145,"column":35}},"60":{"start":{"line":146,"column":6},"end":{"line":146,"column":31}},"61":{"start":{"line":150,"column":2},"end":{"line":224,"column":4}},"62":{"start":{"line":206,"column":45},"end":{"line":209,"column":17}},"63":{"start":{"line":212,"column":16},"end":{"line":212,"column":45}},"64":{"start":{"line":213,"column":16},"end":{"line":213,"column":41}},"65":{"start":{"line":215,"column":16},"end":{"line":215,"column":39}},"66":{"start":{"line":216,"column":16},"end":{"line":216,"column":31}},"67":{"start":{"line":217,"column":16},"end":{"line":217,"column":35}},"68":{"start":{"line":227,"column":15},"end":{"line":240,"column":2}}},"fnMap":{"0":{"name":"calculateSimilarity","decl":{"start":{"line":19,"column":9},"end":{"line":19,"column":28}},"loc":{"start":{"line":19,"column":76},"end":{"line":28,"column":1}},"line":19},"1":{"name":"getMessage","decl":{"start":{"line":31,"column":9},"end":{"line":31,"column":19}},"loc":{"start":{"line":31,"column":28},"end":{"line":45,"column":1}},"line":31},"2":{"name":"getSentences","decl":{"start":{"line":47,"column":15},"end":{"line":47,"column":27}},"loc":{"start":{"line":47,"column":39},"end":{"line":87,"column":1}},"line":47},"3":{"name":"chooseQuestion","decl":{"start":{"line":89,"column":9},"end":{"line":89,"column":23}},"loc":{"start":{"line":89,"column":62},"end":{"line":101,"column":1}},"line":89},"4":{"name":"GrammarNegative","decl":{"start":{"line":103,"column":24},"end":{"line":103,"column":39}},"loc":{"start":{"line":103,"column":47},"end":{"line":225,"column":1}},"line":103},"5":{"name":"(anonymous_5)","decl":{"start":{"line":114,"column":28},"end":{"line":114,"column":29}},"loc":{"start":{"line":114,"column":39},"end":{"line":118,"column":3}},"line":114},"6":{"name":"(anonymous_6)","decl":{"start":{"line":120,"column":27},"end":{"line":120,"column":28}},"loc":{"start":{"line":120,"column":33},"end":{"line":122,"column":3}},"line":120},"7":{"name":"(anonymous_7)","decl":{"start":{"line":124,"column":33},"end":{"line":124,"column":34}},"loc":{"start":{"line":124,"column":45},"end":{"line":129,"column":3}},"line":124},"8":{"name":"(anonymous_8)","decl":{"start":{"line":132,"column":18},"end":{"line":132,"column":19}},"loc":{"start":{"line":132,"column":24},"end":{"line":134,"column":3}},"line":132},"9":{"name":"(anonymous_9)","decl":{"start":{"line":136,"column":18},"end":{"line":136,"column":19}},"loc":{"start":{"line":136,"column":24},"end":{"line":148,"column":3}},"line":136},"10":{"name":"(anonymous_10)","decl":{"start":{"line":205,"column":23},"end":{"line":205,"column":24}},"loc":{"start":{"line":205,"column":29},"end":{"line":218,"column":15}},"line":205}},"branchMap":{"0":{"loc":{"start":{"line":20,"column":2},"end":{"line":27,"column":3}},"type":"if","locations":[{"start":{"line":20,"column":2},"end":{"line":27,"column":3}},{"start":{"line":24,"column":9},"end":{"line":27,"column":3}}],"line":20},"1":{"loc":{"start":{"line":32,"column":2},"end":{"line":44,"column":3}},"type":"if","locations":[{"start":{"line":32,"column":2},"end":{"line":44,"column":3}},{"start":{"line":34,"column":9},"end":{"line":44,"column":3}}],"line":32},"2":{"loc":{"start":{"line":32,"column":6},"end":{"line":32,"column":32}},"type":"binary-expr","locations":[{"start":{"line":32,"column":6},"end":{"line":32,"column":17}},{"start":{"line":32,"column":21},"end":{"line":32,"column":32}}],"line":32},"3":{"loc":{"start":{"line":34,"column":9},"end":{"line":44,"column":3}},"type":"if","locations":[{"start":{"line":34,"column":9},"end":{"line":44,"column":3}},{"start":{"line":36,"column":9},"end":{"line":44,"column":3}}],"line":34},"4":{"loc":{"start":{"line":34,"column":13},"end":{"line":34,"column":40}},"type":"binary-expr","locations":[{"start":{"line":34,"column":13},"end":{"line":34,"column":25}},{"start":{"line":34,"column":29},"end":{"line":34,"column":40}}],"line":34},"5":{"loc":{"start":{"line":36,"column":9},"end":{"line":44,"column":3}},"type":"if","locations":[{"start":{"line":36,"column":9},"end":{"line":44,"column":3}},{"start":{"line":38,"column":9},"end":{"line":44,"column":3}}],"line":36},"6":{"loc":{"start":{"line":36,"column":13},"end":{"line":36,"column":40}},"type":"binary-expr","locations":[{"start":{"line":36,"column":13},"end":{"line":36,"column":25}},{"start":{"line":36,"column":29},"end":{"line":36,"column":40}}],"line":36},"7":{"loc":{"start":{"line":38,"column":9},"end":{"line":44,"column":3}},"type":"if","locations":[{"start":{"line":38,"column":9},"end":{"line":44,"column":3}},{"start":{"line":40,"column":9},"end":{"line":44,"column":3}}],"line":38},"8":{"loc":{"start":{"line":38,"column":13},"end":{"line":38,"column":41}},"type":"binary-expr","locations":[{"start":{"line":38,"column":13},"end":{"line":38,"column":25}},{"start":{"line":38,"column":29},"end":{"line":38,"column":41}}],"line":38},"9":{"loc":{"start":{"line":40,"column":9},"end":{"line":44,"column":3}},"type":"if","locations":[{"start":{"line":40,"column":9},"end":{"line":44,"column":3}},{"start":{"line":42,"column":9},"end":{"line":44,"column":3}}],"line":40},"10":{"loc":{"start":{"line":64,"column":4},"end":{"line":83,"column":5}},"type":"if","locations":[{"start":{"line":64,"column":4},"end":{"line":83,"column":5}},{"start":{"line":81,"column":11},"end":{"line":83,"column":5}}],"line":64},"11":{"loc":{"start":{"line":64,"column":8},"end":{"line":64,"column":33}},"type":"binary-expr","locations":[{"start":{"line":64,"column":8},"end":{"line":64,"column":16}},{"start":{"line":64,"column":20},"end":{"line":64,"column":33}}],"line":64},"12":{"loc":{"start":{"line":137,"column":4},"end":{"line":147,"column":5}},"type":"if","locations":[{"start":{"line":137,"column":4},"end":{"line":147,"column":5}},{"start":{},"end":{}}],"line":137},"13":{"loc":{"start":{"line":152,"column":7},"end":{"line":222,"column":7}},"type":"cond-expr","locations":[{"start":{"line":153,"column":8},"end":{"line":159,"column":15}},{"start":{"line":161,"column":8},"end":{"line":221,"column":31}}],"line":152},"14":{"loc":{"start":{"line":163,"column":20},"end":{"line":163,"column":65}},"type":"cond-expr","locations":[{"start":{"line":163,"column":44},"end":{"line":163,"column":53}},{"start":{"line":163,"column":56},"end":{"line":163,"column":65}}],"line":163},"15":{"loc":{"start":{"line":164,"column":34},"end":{"line":164,"column":66}},"type":"cond-expr","locations":[{"start":{"line":164,"column":58},"end":{"line":164,"column":59}},{"start":{"line":164,"column":62},"end":{"line":164,"column":66}}],"line":164}},"s":{"0":0,"1":0,"2":0,"3":0,"4":0,"5":0,"6":0,"7":0,"8":0,"9":0,"10":0,"11":0,"12":0,"13":0,"14":0,"15":0,"16":0,"17":0,"18":0,"19":0,"20":0,"21":0,"22":0,"23":0,"24":0,"25":0,"26":0,"27":0,"28":0,"29":0,"30":0,"31":0,"32":0,"33":0,"34":0,"35":0,"36":0,"37":0,"38":0,"39":0,"40":0,"41":0,"42":0,"43":0,"44":0,"45":0,"46":0,"47":0,"48":0,"49":0,"50":0,"51":0,"52":0,"53":0,"54":0,"55":0,"56":0,"57":0,"58":0,"59":0,"60":0,"61":0,"62":0,"63":0,"64":0,"65":0,"66":0,"67":0,"68":0},"f":{"0":0,"1":0,"2":0,"3":0,"4":0,"5":0,"6":0,"7":0,"8":0,"9":0,"10":0},"b":{"0":[0,0],"1":[0,0],"2":[0,0],"3":[0,0],"4":[0,0],"5":[0,0],"6":[0,0],"7":[0,0],"8":[0,0],"9":[0,0],"10":[0,0],"11":[0,0],"12":[0,0],"13":[0,0],"14":[0,0],"15":[0,0]}}
,"C:\\Users\\Abdullah Karolia\\Desktop\\Praktyk\\praktyk\\pages\\GrammarSTOMPI.js": {"path":"C:\\Users\\Abdullah Karolia\\Desktop\\Praktyk\\praktyk\\pages\\GrammarSTOMPI.js","statementMap":{"0":{"start":{"line":15,"column":15},"end":{"line":17,"column":3}},"1":{"start":{"line":19,"column":2},"end":{"line":56,"column":3}},"2":{"start":{"line":20,"column":21},"end":{"line":29,"column":5}},"3":{"start":{"line":31,"column":4},"end":{"line":52,"column":5}},"4":{"start":{"line":32,"column":19},"end":{"line":32,"column":32}},"5":{"start":{"line":35,"column":27},"end":{"line":35,"column":39}},"6":{"start":{"line":38,"column":18},"end":{"line":38,"column":20}},"7":{"start":{"line":39,"column":6},"end":{"line":41,"column":7}},"8":{"start":{"line":39,"column":19},"end":{"line":39,"column":20}},"9":{"start":{"line":40,"column":8},"end":{"line":40,"column":47}},"10":{"start":{"line":44,"column":6},"end":{"line":47,"column":7}},"11":{"start":{"line":44,"column":19},"end":{"line":44,"column":35}},"12":{"start":{"line":45,"column":18},"end":{"line":45,"column":53}},"13":{"start":{"line":46,"column":8},"end":{"line":46,"column":52}},"14":{"start":{"line":49,"column":6},"end":{"line":49,"column":19}},"15":{"start":{"line":51,"column":6},"end":{"line":51,"column":62}},"16":{"start":{"line":54,"column":4},"end":{"line":54,"column":43}},"17":{"start":{"line":60,"column":25},"end":{"line":60,"column":33}},"18":{"start":{"line":61,"column":50},"end":{"line":61,"column":65}},"19":{"start":{"line":62,"column":44},"end":{"line":62,"column":56}},"20":{"start":{"line":63,"column":24},"end":{"line":63,"column":36}},"21":{"start":{"line":64,"column":24},"end":{"line":64,"column":39}},"22":{"start":{"line":65,"column":34},"end":{"line":65,"column":49}},"23":{"start":{"line":66,"column":40},"end":{"line":66,"column":52}},"24":{"start":{"line":67,"column":36},"end":{"line":67,"column":50}},"25":{"start":{"line":68,"column":44},"end":{"line":68,"column":56}},"26":{"start":{"line":69,"column":44},"end":{"line":69,"column":56}},"27":{"start":{"line":70,"column":38},"end":{"line":70,"column":50}},"28":{"start":{"line":71,"column":42},"end":{"line":71,"column":53}},"29":{"start":{"line":73,"column":20},"end":{"line":73,"column":21}},"30":{"start":{"line":76,"column":23},"end":{"line":83,"column":3}},"31":{"start":{"line":77,"column":21},"end":{"line":77,"column":31}},"32":{"start":{"line":78,"column":4},"end":{"line":81,"column":5}},"33":{"start":{"line":78,"column":17},"end":{"line":78,"column":36}},"34":{"start":{"line":79,"column":16},"end":{"line":79,"column":51}},"35":{"start":{"line":80,"column":6},"end":{"line":80,"column":62}},"36":{"start":{"line":82,"column":4},"end":{"line":82,"column":20}},"37":{"start":{"line":86,"column":21},"end":{"line":95,"column":3}},"38":{"start":{"line":87,"column":4},"end":{"line":94,"column":5}},"39":{"start":{"line":88,"column":21},"end":{"line":88,"column":53}},"40":{"start":{"line":89,"column":6},"end":{"line":89,"column":29}},"41":{"start":{"line":90,"column":6},"end":{"line":90,"column":26}},"42":{"start":{"line":92,"column":6},"end":{"line":92,"column":52}},"43":{"start":{"line":93,"column":6},"end":{"line":93,"column":26}},"44":{"start":{"line":98,"column":2},"end":{"line":100,"column":18}},"45":{"start":{"line":99,"column":4},"end":{"line":99,"column":17}},"46":{"start":{"line":102,"column":2},"end":{"line":109,"column":20}},"47":{"start":{"line":104,"column":4},"end":{"line":108,"column":5}},"48":{"start":{"line":105,"column":6},"end":{"line":105,"column":50}},"49":{"start":{"line":106,"column":6},"end":{"line":106,"column":64}},"50":{"start":{"line":107,"column":6},"end":{"line":107,"column":72}},"51":{"start":{"line":111,"column":25},"end":{"line":141,"column":3}},"52":{"start":{"line":113,"column":4},"end":{"line":116,"column":5}},"53":{"start":{"line":114,"column":6},"end":{"line":114,"column":46}},"54":{"start":{"line":115,"column":6},"end":{"line":115,"column":13}},"55":{"start":{"line":122,"column":21},"end":{"line":122,"column":69}},"56":{"start":{"line":123,"column":18},"end":{"line":123,"column":20}},"57":{"start":{"line":124,"column":4},"end":{"line":127,"column":5}},"58":{"start":{"line":124,"column":17},"end":{"line":124,"column":18}},"59":{"start":{"line":125,"column":6},"end":{"line":125,"column":51}},"60":{"start":{"line":130,"column":4},"end":{"line":134,"column":5}},"61":{"start":{"line":132,"column":6},"end":{"line":132,"column":58}},"62":{"start":{"line":133,"column":6},"end":{"line":133,"column":13}},"63":{"start":{"line":136,"column":4},"end":{"line":136,"column":31}},"64":{"start":{"line":138,"column":4},"end":{"line":138,"column":25}},"65":{"start":{"line":139,"column":4},"end":{"line":139,"column":22}},"66":{"start":{"line":143,"column":30},"end":{"line":161,"column":3}},"67":{"start":{"line":144,"column":28},"end":{"line":148,"column":21}},"68":{"start":{"line":150,"column":24},"end":{"line":154,"column":14}},"69":{"start":{"line":156,"column":18},"end":{"line":156,"column":78}},"70":{"start":{"line":160,"column":4},"end":{"line":160,"column":51}},"71":{"start":{"line":163,"column":2},"end":{"line":302,"column":4}},"72":{"start":{"line":199,"column":57},"end":{"line":199,"column":59}},"73":{"start":{"line":206,"column":16},"end":{"line":209,"column":18}},"74":{"start":{"line":212,"column":16},"end":{"line":212,"column":68}},"75":{"start":{"line":215,"column":16},"end":{"line":219,"column":18}},"76":{"start":{"line":229,"column":18},"end":{"line":229,"column":66}},"77":{"start":{"line":230,"column":16},"end":{"line":230,"column":43}},"78":{"start":{"line":231,"column":16},"end":{"line":231,"column":33}},"79":{"start":{"line":247,"column":16},"end":{"line":249,"column":18}},"80":{"start":{"line":248,"column":33},"end":{"line":248,"column":69}},"81":{"start":{"line":252,"column":16},"end":{"line":252,"column":37}},"82":{"start":{"line":255,"column":16},"end":{"line":255,"column":35}},"83":{"start":{"line":257,"column":16},"end":{"line":259,"column":18}},"84":{"start":{"line":260,"column":16},"end":{"line":264,"column":18}},"85":{"start":{"line":265,"column":16},"end":{"line":269,"column":18}},"86":{"start":{"line":305,"column":15},"end":{"line":327,"column":2}}},"fnMap":{"0":{"name":"getGrammarWords","decl":{"start":{"line":14,"column":15},"end":{"line":14,"column":30}},"loc":{"start":{"line":14,"column":42},"end":{"line":57,"column":1}},"line":14},"1":{"name":"GrammarSTOMPI","decl":{"start":{"line":59,"column":24},"end":{"line":59,"column":37}},"loc":{"start":{"line":59,"column":45},"end":{"line":303,"column":1}},"line":59},"2":{"name":"(anonymous_2)","decl":{"start":{"line":76,"column":23},"end":{"line":76,"column":24}},"loc":{"start":{"line":76,"column":34},"end":{"line":83,"column":3}},"line":76},"3":{"name":"(anonymous_3)","decl":{"start":{"line":86,"column":21},"end":{"line":86,"column":22}},"loc":{"start":{"line":86,"column":33},"end":{"line":95,"column":3}},"line":86},"4":{"name":"(anonymous_4)","decl":{"start":{"line":98,"column":12},"end":{"line":98,"column":13}},"loc":{"start":{"line":98,"column":18},"end":{"line":100,"column":3}},"line":98},"5":{"name":"(anonymous_5)","decl":{"start":{"line":102,"column":12},"end":{"line":102,"column":13}},"loc":{"start":{"line":102,"column":18},"end":{"line":109,"column":3}},"line":102},"6":{"name":"(anonymous_6)","decl":{"start":{"line":111,"column":25},"end":{"line":111,"column":26}},"loc":{"start":{"line":111,"column":31},"end":{"line":141,"column":3}},"line":111},"7":{"name":"(anonymous_7)","decl":{"start":{"line":143,"column":30},"end":{"line":143,"column":31}},"loc":{"start":{"line":143,"column":41},"end":{"line":161,"column":3}},"line":143},"8":{"name":"(anonymous_8)","decl":{"start":{"line":198,"column":22},"end":{"line":198,"column":23}},"loc":{"start":{"line":198,"column":30},"end":{"line":204,"column":15}},"line":198},"9":{"name":"(anonymous_9)","decl":{"start":{"line":205,"column":26},"end":{"line":205,"column":27}},"loc":{"start":{"line":206,"column":16},"end":{"line":209,"column":18}},"line":206},"10":{"name":"(anonymous_10)","decl":{"start":{"line":211,"column":33},"end":{"line":211,"column":34}},"loc":{"start":{"line":212,"column":16},"end":{"line":212,"column":68}},"line":212},"11":{"name":"(anonymous_11)","decl":{"start":{"line":214,"column":27},"end":{"line":214,"column":28}},"loc":{"start":{"line":215,"column":16},"end":{"line":219,"column":18}},"line":215},"12":{"name":"(anonymous_12)","decl":{"start":{"line":227,"column":23},"end":{"line":227,"column":24}},"loc":{"start":{"line":227,"column":29},"end":{"line":238,"column":15}},"line":227},"13":{"name":"(anonymous_13)","decl":{"start":{"line":245,"column":23},"end":{"line":245,"column":24}},"loc":{"start":{"line":245,"column":29},"end":{"line":270,"column":15}},"line":245},"14":{"name":"(anonymous_14)","decl":{"start":{"line":248,"column":18},"end":{"line":248,"column":19}},"loc":{"start":{"line":248,"column":33},"end":{"line":248,"column":69}},"line":248}},"branchMap":{"0":{"loc":{"start":{"line":31,"column":4},"end":{"line":52,"column":5}},"type":"if","locations":[{"start":{"line":31,"column":4},"end":{"line":52,"column":5}},{"start":{"line":50,"column":11},"end":{"line":52,"column":5}}],"line":31},"1":{"loc":{"start":{"line":31,"column":8},"end":{"line":31,"column":33}},"type":"binary-expr","locations":[{"start":{"line":31,"column":8},"end":{"line":31,"column":16}},{"start":{"line":31,"column":20},"end":{"line":31,"column":33}}],"line":31},"2":{"loc":{"start":{"line":104,"column":4},"end":{"line":108,"column":5}},"type":"if","locations":[{"start":{"line":104,"column":4},"end":{"line":108,"column":5}},{"start":{},"end":{}}],"line":104},"3":{"loc":{"start":{"line":113,"column":4},"end":{"line":116,"column":5}},"type":"if","locations":[{"start":{"line":113,"column":4},"end":{"line":116,"column":5}},{"start":{},"end":{}}],"line":113},"4":{"loc":{"start":{"line":122,"column":21},"end":{"line":122,"column":69}},"type":"binary-expr","locations":[{"start":{"line":122,"column":21},"end":{"line":122,"column":63}},{"start":{"line":122,"column":67},"end":{"line":122,"column":69}}],"line":122},"5":{"loc":{"start":{"line":130,"column":4},"end":{"line":134,"column":5}},"type":"if","locations":[{"start":{"line":130,"column":4},"end":{"line":134,"column":5}},{"start":{},"end":{}}],"line":130},"6":{"loc":{"start":{"line":144,"column":28},"end":{"line":148,"column":21}},"type":"cond-expr","locations":[{"start":{"line":145,"column":8},"end":{"line":147,"column":15}},{"start":{"line":148,"column":8},"end":{"line":148,"column":21}}],"line":144},"7":{"loc":{"start":{"line":145,"column":8},"end":{"line":147,"column":15}},"type":"cond-expr","locations":[{"start":{"line":146,"column":10},"end":{"line":146,"column":17}},{"start":{"line":147,"column":10},"end":{"line":147,"column":15}}],"line":145},"8":{"loc":{"start":{"line":150,"column":24},"end":{"line":154,"column":14}},"type":"cond-expr","locations":[{"start":{"line":151,"column":8},"end":{"line":153,"column":15}},{"start":{"line":154,"column":8},"end":{"line":154,"column":14}}],"line":150},"9":{"loc":{"start":{"line":151,"column":8},"end":{"line":153,"column":15}},"type":"cond-expr","locations":[{"start":{"line":152,"column":10},"end":{"line":152,"column":17}},{"start":{"line":153,"column":10},"end":{"line":153,"column":15}}],"line":151},"10":{"loc":{"start":{"line":156,"column":18},"end":{"line":156,"column":78}},"type":"cond-expr","locations":[{"start":{"line":156,"column":30},"end":{"line":156,"column":67}},{"start":{"line":156,"column":71},"end":{"line":156,"column":78}}],"line":156},"11":{"loc":{"start":{"line":156,"column":30},"end":{"line":156,"column":67}},"type":"cond-expr","locations":[{"start":{"line":156,"column":50},"end":{"line":156,"column":57}},{"start":{"line":156,"column":60},"end":{"line":156,"column":67}}],"line":156},"12":{"loc":{"start":{"line":165,"column":7},"end":{"line":300,"column":7}},"type":"cond-expr","locations":[{"start":{"line":166,"column":8},"end":{"line":172,"column":15}},{"start":{"line":175,"column":8},"end":{"line":299,"column":15}}],"line":165},"13":{"loc":{"start":{"line":229,"column":18},"end":{"line":229,"column":66}},"type":"binary-expr","locations":[{"start":{"line":229,"column":18},"end":{"line":229,"column":60}},{"start":{"line":229,"column":64},"end":{"line":229,"column":66}}],"line":229}},"s":{"0":0,"1":0,"2":0,"3":0,"4":0,"5":0,"6":0,"7":0,"8":0,"9":0,"10":0,"11":0,"12":0,"13":0,"14":0,"15":0,"16":0,"17":0,"18":0,"19":0,"20":0,"21":0,"22":0,"23":0,"24":0,"25":0,"26":0,"27":0,"28":0,"29":0,"30":0,"31":0,"32":0,"33":0,"34":0,"35":0,"36":0,"37":0,"38":0,"39":0,"40":0,"41":0,"42":0,"43":0,"44":0,"45":0,"46":0,"47":0,"48":0,"49":0,"50":0,"51":0,"52":0,"53":0,"54":0,"55":0,"56":0,"57":0,"58":0,"59":0,"60":0,"61":0,"62":0,"63":0,"64":0,"65":0,"66":0,"67":0,"68":0,"69":0,"70":0,"71":0,"72":0,"73":0,"74":0,"75":0,"76":0,"77":0,"78":0,"79":0,"80":0,"81":0,"82":0,"83":0,"84":0,"85":0,"86":0},"f":{"0":0,"1":0,"2":0,"3":0,"4":0,"5":0,"6":0,"7":0,"8":0,"9":0,"10":0,"11":0,"12":0,"13":0,"14":0},"b":{"0":[0,0],"1":[0,0],"2":[0,0],"3":[0,0],"4":[0,0],"5":[0,0],"6":[0,0],"7":[0,0],"8":[0,0],"9":[0,0],"10":[0,0],"11":[0,0],"12":[0,0],"13":[0,0]}}
,"C:\\Users\\Abdullah Karolia\\Desktop\\Praktyk\\praktyk\\pages\\GrammarTenses.js": {"path":"C:\\Users\\Abdullah Karolia\\Desktop\\Praktyk\\praktyk\\pages\\GrammarTenses.js","statementMap":{"0":{"start":{"line":20,"column":2},"end":{"line":27,"column":3}},"1":{"start":{"line":21,"column":23},"end":{"line":21,"column":51}},"2":{"start":{"line":22,"column":4},"end":{"line":22,"column":36}},"3":{"start":{"line":23,"column":4},"end":{"line":23,"column":45}},"4":{"start":{"line":26,"column":4},"end":{"line":26,"column":27}},"5":{"start":{"line":32,"column":2},"end":{"line":44,"column":3}},"6":{"start":{"line":33,"column":4},"end":{"line":33,"column":20}},"7":{"start":{"line":34,"column":9},"end":{"line":44,"column":3}},"8":{"start":{"line":35,"column":4},"end":{"line":35,"column":28}},"9":{"start":{"line":36,"column":9},"end":{"line":44,"column":3}},"10":{"start":{"line":37,"column":4},"end":{"line":37,"column":27}},"11":{"start":{"line":38,"column":9},"end":{"line":44,"column":3}},"12":{"start":{"line":39,"column":4},"end":{"line":39,"column":31}},"13":{"start":{"line":40,"column":9},"end":{"line":44,"column":3}},"14":{"start":{"line":41,"column":4},"end":{"line":41,"column":22}},"15":{"start":{"line":43,"column":4},"end":{"line":43,"column":14}},"16":{"start":{"line":48,"column":15},"end":{"line":50,"column":3}},"17":{"start":{"line":52,"column":2},"end":{"line":83,"column":3}},"18":{"start":{"line":53,"column":21},"end":{"line":62,"column":5}},"19":{"start":{"line":64,"column":4},"end":{"line":80,"column":5}},"20":{"start":{"line":65,"column":19},"end":{"line":65,"column":32}},"21":{"start":{"line":68,"column":22},"end":{"line":68,"column":34}},"22":{"start":{"line":71,"column":19},"end":{"line":71,"column":28}},"23":{"start":{"line":74,"column":21},"end":{"line":74,"column":32}},"24":{"start":{"line":77,"column":6},"end":{"line":77,"column":39}},"25":{"start":{"line":79,"column":6},"end":{"line":79,"column":62}},"26":{"start":{"line":82,"column":4},"end":{"line":82,"column":23}},"27":{"start":{"line":88,"column":22},"end":{"line":88,"column":36}},"28":{"start":{"line":91,"column":22},"end":{"line":91,"column":61}},"29":{"start":{"line":94,"column":24},"end":{"line":94,"column":53}},"30":{"start":{"line":96,"column":20},"end":{"line":96,"column":24}},"31":{"start":{"line":99,"column":2},"end":{"line":104,"column":3}},"32":{"start":{"line":100,"column":4},"end":{"line":100,"column":48}},"33":{"start":{"line":101,"column":4},"end":{"line":103,"column":5}},"34":{"start":{"line":102,"column":6},"end":{"line":102,"column":12}},"35":{"start":{"line":107,"column":17},"end":{"line":107,"column":21}},"36":{"start":{"line":108,"column":15},"end":{"line":108,"column":19}},"37":{"start":{"line":109,"column":14},"end":{"line":109,"column":18}},"38":{"start":{"line":111,"column":2},"end":{"line":123,"column":3}},"39":{"start":{"line":113,"column":6},"end":{"line":113,"column":38}},"40":{"start":{"line":114,"column":6},"end":{"line":114,"column":12}},"41":{"start":{"line":116,"column":6},"end":{"line":116,"column":35}},"42":{"start":{"line":117,"column":6},"end":{"line":117,"column":12}},"43":{"start":{"line":119,"column":6},"end":{"line":119,"column":37}},"44":{"start":{"line":120,"column":6},"end":{"line":120,"column":12}},"45":{"start":{"line":122,"column":6},"end":{"line":122,"column":12}},"46":{"start":{"line":125,"column":2},"end":{"line":140,"column":3}},"47":{"start":{"line":127,"column":6},"end":{"line":127,"column":36}},"48":{"start":{"line":128,"column":6},"end":{"line":128,"column":24}},"49":{"start":{"line":129,"column":6},"end":{"line":129,"column":12}},"50":{"start":{"line":131,"column":6},"end":{"line":131,"column":33}},"51":{"start":{"line":132,"column":6},"end":{"line":132,"column":21}},"52":{"start":{"line":133,"column":6},"end":{"line":133,"column":12}},"53":{"start":{"line":135,"column":6},"end":{"line":135,"column":35}},"54":{"start":{"line":136,"column":6},"end":{"line":136,"column":23}},"55":{"start":{"line":137,"column":6},"end":{"line":137,"column":12}},"56":{"start":{"line":139,"column":6},"end":{"line":139,"column":12}},"57":{"start":{"line":143,"column":2},"end":{"line":143,"column":37}},"58":{"start":{"line":147,"column":36},"end":{"line":147,"column":48}},"59":{"start":{"line":148,"column":50},"end":{"line":148,"column":61}},"60":{"start":{"line":149,"column":32},"end":{"line":149,"column":44}},"61":{"start":{"line":150,"column":50},"end":{"line":150,"column":62}},"62":{"start":{"line":151,"column":44},"end":{"line":151,"column":56}},"63":{"start":{"line":152,"column":48},"end":{"line":152,"column":60}},"64":{"start":{"line":153,"column":32},"end":{"line":153,"column":44}},"65":{"start":{"line":154,"column":48},"end":{"line":154,"column":60}},"66":{"start":{"line":155,"column":44},"end":{"line":155,"column":56}},"67":{"start":{"line":156,"column":50},"end":{"line":156,"column":65}},"68":{"start":{"line":159,"column":28},"end":{"line":163,"column":3}},"69":{"start":{"line":160,"column":17},"end":{"line":160,"column":39}},"70":{"start":{"line":161,"column":4},"end":{"line":161,"column":23}},"71":{"start":{"line":162,"column":4},"end":{"line":162,"column":78}},"72":{"start":{"line":165,"column":27},"end":{"line":168,"column":3}},"73":{"start":{"line":166,"column":4},"end":{"line":166,"column":21}},"74":{"start":{"line":170,"column":33},"end":{"line":176,"column":3}},"75":{"start":{"line":171,"column":38},"end":{"line":171,"column":61}},"76":{"start":{"line":172,"column":4},"end":{"line":172,"column":33}},"77":{"start":{"line":173,"column":4},"end":{"line":173,"column":27}},"78":{"start":{"line":174,"column":4},"end":{"line":174,"column":31}},"79":{"start":{"line":175,"column":4},"end":{"line":175,"column":30}},"80":{"start":{"line":179,"column":2},"end":{"line":181,"column":9}},"81":{"start":{"line":180,"column":4},"end":{"line":180,"column":29}},"82":{"start":{"line":183,"column":2},"end":{"line":197,"column":25}},"83":{"start":{"line":184,"column":4},"end":{"line":196,"column":5}},"84":{"start":{"line":186,"column":42},"end":{"line":190,"column":7}},"85":{"start":{"line":193,"column":6},"end":{"line":193,"column":35}},"86":{"start":{"line":194,"column":6},"end":{"line":194,"column":31}},"87":{"start":{"line":195,"column":6},"end":{"line":195,"column":24}},"88":{"start":{"line":199,"column":2},"end":{"line":275,"column":4}},"89":{"start":{"line":255,"column":52},"end":{"line":259,"column":17}},"90":{"start":{"line":262,"column":16},"end":{"line":262,"column":45}},"91":{"start":{"line":263,"column":16},"end":{"line":263,"column":41}},"92":{"start":{"line":264,"column":16},"end":{"line":264,"column":34}},"93":{"start":{"line":266,"column":16},"end":{"line":266,"column":39}},"94":{"start":{"line":267,"column":16},"end":{"line":267,"column":31}},"95":{"start":{"line":268,"column":16},"end":{"line":268,"column":35}},"96":{"start":{"line":278,"column":15},"end":{"line":291,"column":2}}},"fnMap":{"0":{"name":"calculateSimilarity","decl":{"start":{"line":19,"column":9},"end":{"line":19,"column":28}},"loc":{"start":{"line":19,"column":76},"end":{"line":28,"column":1}},"line":19},"1":{"name":"getMessage","decl":{"start":{"line":31,"column":9},"end":{"line":31,"column":19}},"loc":{"start":{"line":31,"column":28},"end":{"line":45,"column":1}},"line":31},"2":{"name":"getSentences","decl":{"start":{"line":47,"column":15},"end":{"line":47,"column":27}},"loc":{"start":{"line":47,"column":39},"end":{"line":84,"column":1}},"line":47},"3":{"name":"chooseQuestion","decl":{"start":{"line":86,"column":9},"end":{"line":86,"column":23}},"loc":{"start":{"line":86,"column":47},"end":{"line":144,"column":1}},"line":86},"4":{"name":"GrammarTenses","decl":{"start":{"line":146,"column":24},"end":{"line":146,"column":37}},"loc":{"start":{"line":146,"column":45},"end":{"line":276,"column":1}},"line":146},"5":{"name":"(anonymous_5)","decl":{"start":{"line":159,"column":28},"end":{"line":159,"column":29}},"loc":{"start":{"line":159,"column":39},"end":{"line":163,"column":3}},"line":159},"6":{"name":"(anonymous_6)","decl":{"start":{"line":165,"column":27},"end":{"line":165,"column":28}},"loc":{"start":{"line":165,"column":33},"end":{"line":168,"column":3}},"line":165},"7":{"name":"(anonymous_7)","decl":{"start":{"line":170,"column":33},"end":{"line":170,"column":34}},"loc":{"start":{"line":170,"column":45},"end":{"line":176,"column":3}},"line":170},"8":{"name":"(anonymous_8)","decl":{"start":{"line":179,"column":18},"end":{"line":179,"column":19}},"loc":{"start":{"line":179,"column":24},"end":{"line":181,"column":3}},"line":179},"9":{"name":"(anonymous_9)","decl":{"start":{"line":183,"column":18},"end":{"line":183,"column":19}},"loc":{"start":{"line":183,"column":24},"end":{"line":197,"column":3}},"line":183},"10":{"name":"(anonymous_10)","decl":{"start":{"line":254,"column":23},"end":{"line":254,"column":24}},"loc":{"start":{"line":254,"column":29},"end":{"line":269,"column":15}},"line":254}},"branchMap":{"0":{"loc":{"start":{"line":20,"column":2},"end":{"line":27,"column":3}},"type":"if","locations":[{"start":{"line":20,"column":2},"end":{"line":27,"column":3}},{"start":{"line":24,"column":9},"end":{"line":27,"column":3}}],"line":20},"1":{"loc":{"start":{"line":32,"column":2},"end":{"line":44,"column":3}},"type":"if","locations":[{"start":{"line":32,"column":2},"end":{"line":44,"column":3}},{"start":{"line":34,"column":9},"end":{"line":44,"column":3}}],"line":32},"2":{"loc":{"start":{"line":32,"column":6},"end":{"line":32,"column":32}},"type":"binary-expr","locations":[{"start":{"line":32,"column":6},"end":{"line":32,"column":17}},{"start":{"line":32,"column":21},"end":{"line":32,"column":32}}],"line":32},"3":{"loc":{"start":{"line":34,"column":9},"end":{"line":44,"column":3}},"type":"if","locations":[{"start":{"line":34,"column":9},"end":{"line":44,"column":3}},{"start":{"line":36,"column":9},"end":{"line":44,"column":3}}],"line":34},"4":{"loc":{"start":{"line":34,"column":13},"end":{"line":34,"column":40}},"type":"binary-expr","locations":[{"start":{"line":34,"column":13},"end":{"line":34,"column":25}},{"start":{"line":34,"column":29},"end":{"line":34,"column":40}}],"line":34},"5":{"loc":{"start":{"line":36,"column":9},"end":{"line":44,"column":3}},"type":"if","locations":[{"start":{"line":36,"column":9},"end":{"line":44,"column":3}},{"start":{"line":38,"column":9},"end":{"line":44,"column":3}}],"line":36},"6":{"loc":{"start":{"line":36,"column":13},"end":{"line":36,"column":40}},"type":"binary-expr","locations":[{"start":{"line":36,"column":13},"end":{"line":36,"column":25}},{"start":{"line":36,"column":29},"end":{"line":36,"column":40}}],"line":36},"7":{"loc":{"start":{"line":38,"column":9},"end":{"line":44,"column":3}},"type":"if","locations":[{"start":{"line":38,"column":9},"end":{"line":44,"column":3}},{"start":{"line":40,"column":9},"end":{"line":44,"column":3}}],"line":38},"8":{"loc":{"start":{"line":38,"column":13},"end":{"line":38,"column":41}},"type":"binary-expr","locations":[{"start":{"line":38,"column":13},"end":{"line":38,"column":25}},{"start":{"line":38,"column":29},"end":{"line":38,"column":41}}],"line":38},"9":{"loc":{"start":{"line":40,"column":9},"end":{"line":44,"column":3}},"type":"if","locations":[{"start":{"line":40,"column":9},"end":{"line":44,"column":3}},{"start":{"line":42,"column":9},"end":{"line":44,"column":3}}],"line":40},"10":{"loc":{"start":{"line":64,"column":4},"end":{"line":80,"column":5}},"type":"if","locations":[{"start":{"line":64,"column":4},"end":{"line":80,"column":5}},{"start":{"line":78,"column":11},"end":{"line":80,"column":5}}],"line":64},"11":{"loc":{"start":{"line":64,"column":8},"end":{"line":64,"column":33}},"type":"binary-expr","locations":[{"start":{"line":64,"column":8},"end":{"line":64,"column":16}},{"start":{"line":64,"column":20},"end":{"line":64,"column":33}}],"line":64},"12":{"loc":{"start":{"line":101,"column":4},"end":{"line":103,"column":5}},"type":"if","locations":[{"start":{"line":101,"column":4},"end":{"line":103,"column":5}},{"start":{},"end":{}}],"line":101},"13":{"loc":{"start":{"line":111,"column":2},"end":{"line":123,"column":3}},"type":"switch","locations":[{"start":{"line":112,"column":4},"end":{"line":114,"column":12}},{"start":{"line":115,"column":4},"end":{"line":117,"column":12}},{"start":{"line":118,"column":4},"end":{"line":120,"column":12}},{"start":{"line":121,"column":4},"end":{"line":122,"column":12}}],"line":111},"14":{"loc":{"start":{"line":125,"column":2},"end":{"line":140,"column":3}},"type":"switch","locations":[{"start":{"line":126,"column":4},"end":{"line":129,"column":12}},{"start":{"line":130,"column":4},"end":{"line":133,"column":12}},{"start":{"line":134,"column":4},"end":{"line":137,"column":12}},{"start":{"line":138,"column":4},"end":{"line":139,"column":12}}],"line":125},"15":{"loc":{"start":{"line":184,"column":4},"end":{"line":196,"column":5}},"type":"if","locations":[{"start":{"line":184,"column":4},"end":{"line":196,"column":5}},{"start":{},"end":{}}],"line":184},"16":{"loc":{"start":{"line":201,"column":7},"end":{"line":273,"column":7}},"type":"cond-expr","locations":[{"start":{"line":202,"column":8},"end":{"line":208,"column":15}},{"start":{"line":210,"column":8},"end":{"line":272,"column":31}}],"line":201},"17":{"loc":{"start":{"line":212,"column":20},"end":{"line":212,"column":65}},"type":"cond-expr","locations":[{"start":{"line":212,"column":44},"end":{"line":212,"column":53}},{"start":{"line":212,"column":56},"end":{"line":212,"column":65}}],"line":212},"18":{"loc":{"start":{"line":213,"column":34},"end":{"line":213,"column":66}},"type":"cond-expr","locations":[{"start":{"line":213,"column":58},"end":{"line":213,"column":59}},{"start":{"line":213,"column":62},"end":{"line":213,"column":66}}],"line":213}},"s":{"0":0,"1":0,"2":0,"3":0,"4":0,"5":0,"6":0,"7":0,"8":0,"9":0,"10":0,"11":0,"12":0,"13":0,"14":0,"15":0,"16":0,"17":0,"18":0,"19":0,"20":0,"21":0,"22":0,"23":0,"24":0,"25":0,"26":0,"27":0,"28":0,"29":0,"30":0,"31":0,"32":0,"33":0,"34":0,"35":0,"36":0,"37":0,"38":0,"39":0,"40":0,"41":0,"42":0,"43":0,"44":0,"45":0,"46":0,"47":0,"48":0,"49":0,"50":0,"51":0,"52":0,"53":0,"54":0,"55":0,"56":0,"57":0,"58":0,"59":0,"60":0,"61":0,"62":0,"63":0,"64":0,"65":0,"66":0,"67":0,"68":0,"69":0,"70":0,"71":0,"72":0,"73":0,"74":0,"75":0,"76":0,"77":0,"78":0,"79":0,"80":0,"81":0,"82":0,"83":0,"84":0,"85":0,"86":0,"87":0,"88":0,"89":0,"90":0,"91":0,"92":0,"93":0,"94":0,"95":0,"96":0},"f":{"0":0,"1":0,"2":0,"3":0,"4":0,"5":0,"6":0,"7":0,"8":0,"9":0,"10":0},"b":{"0":[0,0],"1":[0,0],"2":[0,0],"3":[0,0],"4":[0,0],"5":[0,0],"6":[0,0],"7":[0,0],"8":[0,0],"9":[0,0],"10":[0,0],"11":[0,0],"12":[0,0],"13":[0,0,0,0],"14":[0,0,0,0],"15":[0,0],"16":[0,0],"17":[0,0],"18":[0,0]}}
,"C:\\Users\\Abdullah Karolia\\Desktop\\Praktyk\\praktyk\\pages\\HomeScreen.js": {"path":"C:\\Users\\Abdullah Karolia\\Desktop\\Praktyk\\praktyk\\pages\\HomeScreen.js","statementMap":{"0":{"start":{"line":99,"column":30},"end":{"line":99,"column":45}},"1":{"start":{"line":100,"column":32},"end":{"line":100,"column":46}},"2":{"start":{"line":101,"column":28},"end":{"line":107,"column":4}},"3":{"start":{"line":111,"column":44},"end":{"line":111,"column":59}},"4":{"start":{"line":114,"column":28},"end":{"line":117,"column":3}},"5":{"start":{"line":115,"column":4},"end":{"line":115,"column":22}},"6":{"start":{"line":116,"column":4},"end":{"line":116,"column":27}},"7":{"start":{"line":126,"column":2},"end":{"line":195,"column":4}},"8":{"start":{"line":168,"column":16},"end":{"line":168,"column":84}},"9":{"start":{"line":176,"column":16},"end":{"line":176,"column":58}},"10":{"start":{"line":184,"column":16},"end":{"line":184,"column":61}},"11":{"start":{"line":199,"column":15},"end":{"line":258,"column":2}}},"fnMap":{"0":{"name":"HomeScreen","decl":{"start":{"line":97,"column":24},"end":{"line":97,"column":34}},"loc":{"start":{"line":97,"column":51},"end":{"line":196,"column":1}},"line":97},"1":{"name":"(anonymous_1)","decl":{"start":{"line":114,"column":28},"end":{"line":114,"column":29}},"loc":{"start":{"line":114,"column":39},"end":{"line":117,"column":3}},"line":114},"2":{"name":"(anonymous_2)","decl":{"start":{"line":166,"column":23},"end":{"line":166,"column":24}},"loc":{"start":{"line":166,"column":29},"end":{"line":169,"column":15}},"line":166},"3":{"name":"(anonymous_3)","decl":{"start":{"line":175,"column":23},"end":{"line":175,"column":24}},"loc":{"start":{"line":175,"column":29},"end":{"line":177,"column":15}},"line":175},"4":{"name":"(anonymous_4)","decl":{"start":{"line":183,"column":23},"end":{"line":183,"column":24}},"loc":{"start":{"line":183,"column":29},"end":{"line":185,"column":15}},"line":183}},"branchMap":{"0":{"loc":{"start":{"line":161,"column":9},"end":{"line":192,"column":9}},"type":"cond-expr","locations":[{"start":{"line":162,"column":10},"end":{"line":187,"column":17}},{"start":{"line":189,"column":10},"end":{"line":191,"column":17}}],"line":161}},"s":{"0":0,"1":0,"2":0,"3":0,"4":0,"5":0,"6":0,"7":0,"8":0,"9":0,"10":0,"11":0},"f":{"0":0,"1":0,"2":0,"3":0,"4":0},"b":{"0":[0,0]}}
,"C:\\Users\\Abdullah Karolia\\Desktop\\Praktyk\\praktyk\\pages\\LeaderboardScreen.js": {"path":"C:\\Users\\Abdullah Karolia\\Desktop\\Praktyk\\praktyk\\pages\\LeaderboardScreen.js","statementMap":{"0":{"start":{"line":4,"column":26},"end":{"line":134,"column":1}},"1":{"start":{"line":5,"column":48},"end":{"line":31,"column":4}},"2":{"start":{"line":33,"column":36},"end":{"line":33,"column":52}},"3":{"start":{"line":34,"column":40},"end":{"line":34,"column":56}},"4":{"start":{"line":35,"column":36},"end":{"line":35,"column":52}},"5":{"start":{"line":37,"column":26},"end":{"line":50,"column":3}},"6":{"start":{"line":38,"column":21},"end":{"line":38,"column":57}},"7":{"start":{"line":39,"column":4},"end":{"line":39,"column":27}},"8":{"start":{"line":41,"column":23},"end":{"line":47,"column":6}},"9":{"start":{"line":42,"column":6},"end":{"line":46,"column":7}},"10":{"start":{"line":43,"column":8},"end":{"line":43,"column":33}},"11":{"start":{"line":45,"column":8},"end":{"line":45,"column":33}},"12":{"start":{"line":49,"column":4},"end":{"line":49,"column":35}},"13":{"start":{"line":52,"column":28},"end":{"line":65,"column":3}},"14":{"start":{"line":53,"column":21},"end":{"line":53,"column":59}},"15":{"start":{"line":54,"column":4},"end":{"line":54,"column":29}},"16":{"start":{"line":56,"column":23},"end":{"line":62,"column":6}},"17":{"start":{"line":57,"column":6},"end":{"line":61,"column":7}},"18":{"start":{"line":58,"column":8},"end":{"line":58,"column":47}},"19":{"start":{"line":60,"column":8},"end":{"line":60,"column":47}},"20":{"start":{"line":64,"column":4},"end":{"line":64,"column":35}},"21":{"start":{"line":67,"column":26},"end":{"line":80,"column":3}},"22":{"start":{"line":68,"column":21},"end":{"line":68,"column":57}},"23":{"start":{"line":69,"column":4},"end":{"line":69,"column":27}},"24":{"start":{"line":71,"column":23},"end":{"line":77,"column":6}},"25":{"start":{"line":72,"column":6},"end":{"line":76,"column":7}},"26":{"start":{"line":73,"column":8},"end":{"line":73,"column":43}},"27":{"start":{"line":75,"column":8},"end":{"line":75,"column":43}},"28":{"start":{"line":79,"column":4},"end":{"line":79,"column":35}},"29":{"start":{"line":82,"column":2},"end":{"line":133,"column":4}},"30":{"start":{"line":121,"column":8},"end":{"line":130,"column":15}},"31":{"start":{"line":136,"column":15},"end":{"line":183,"column":2}}},"fnMap":{"0":{"name":"(anonymous_0)","decl":{"start":{"line":4,"column":26},"end":{"line":4,"column":27}},"loc":{"start":{"line":4,"column":32},"end":{"line":134,"column":1}},"line":4},"1":{"name":"(anonymous_1)","decl":{"start":{"line":37,"column":26},"end":{"line":37,"column":27}},"loc":{"start":{"line":37,"column":32},"end":{"line":50,"column":3}},"line":37},"2":{"name":"(anonymous_2)","decl":{"start":{"line":41,"column":49},"end":{"line":41,"column":50}},"loc":{"start":{"line":41,"column":59},"end":{"line":47,"column":5}},"line":41},"3":{"name":"(anonymous_3)","decl":{"start":{"line":52,"column":28},"end":{"line":52,"column":29}},"loc":{"start":{"line":52,"column":34},"end":{"line":65,"column":3}},"line":52},"4":{"name":"(anonymous_4)","decl":{"start":{"line":56,"column":49},"end":{"line":56,"column":50}},"loc":{"start":{"line":56,"column":59},"end":{"line":62,"column":5}},"line":56},"5":{"name":"(anonymous_5)","decl":{"start":{"line":67,"column":26},"end":{"line":67,"column":27}},"loc":{"start":{"line":67,"column":32},"end":{"line":80,"column":3}},"line":67},"6":{"name":"(anonymous_6)","decl":{"start":{"line":71,"column":49},"end":{"line":71,"column":50}},"loc":{"start":{"line":71,"column":59},"end":{"line":77,"column":5}},"line":71},"7":{"name":"(anonymous_7)","decl":{"start":{"line":120,"column":27},"end":{"line":120,"column":28}},"loc":{"start":{"line":121,"column":8},"end":{"line":130,"column":15}},"line":121}},"branchMap":{"0":{"loc":{"start":{"line":38,"column":21},"end":{"line":38,"column":57}},"type":"cond-expr","locations":[{"start":{"line":38,"column":43},"end":{"line":38,"column":49}},{"start":{"line":38,"column":52},"end":{"line":38,"column":57}}],"line":38},"1":{"loc":{"start":{"line":42,"column":6},"end":{"line":46,"column":7}},"type":"if","locations":[{"start":{"line":42,"column":6},"end":{"line":46,"column":7}},{"start":{"line":44,"colum
[...]
olumn":6},"end":{"line":158,"column":35}},"65":{"start":{"line":159,"column":6},"end":{"line":159,"column":23}},"66":{"start":{"line":160,"column":6},"end":{"line":160,"column":12}},"67":{"start":{"line":162,"column":6},"end":{"line":162,"column":12}},"68":{"start":{"line":166,"column":2},"end":{"line":166,"column":37}},"69":{"start":{"line":178,"column":15},"end":{"line":178,"column":45}},"70":{"start":{"line":181,"column":2},"end":{"line":181,"column":19}},"71":{"start":{"line":183,"column":15},"end":{"line":188,"column":3}},"72":{"start":{"line":191,"column":2},"end":{"line":203,"column":7}},"73":{"start":{"line":199,"column":6},"end":{"line":199,"column":33}},"74":{"start":{"line":202,"column":6},"end":{"line":202,"column":25}},"75":{"start":{"line":207,"column":36},"end":{"line":207,"column":48}},"76":{"start":{"line":208,"column":50},"end":{"line":208,"column":61}},"77":{"start":{"line":209,"column":32},"end":{"line":209,"column":44}},"78":{"start":{"line":210,"column":50},"end":{"line":210,"column":62}},"79":{"start":{"line":211,"column":44},"end":{"line":211,"column":56}},"80":{"start":{"line":212,"column":48},"end":{"line":212,"column":60}},"81":{"start":{"line":213,"column":32},"end":{"line":213,"column":44}},"82":{"start":{"line":214,"column":48},"end":{"line":214,"column":60}},"83":{"start":{"line":215,"column":44},"end":{"line":215,"column":56}},"84":{"start":{"line":216,"column":50},"end":{"line":216,"column":65}},"85":{"start":{"line":217,"column":28},"end":{"line":217,"column":39}},"86":{"start":{"line":218,"column":38},"end":{"line":218,"column":50}},"87":{"start":{"line":219,"column":36},"end":{"line":219,"column":47}},"88":{"start":{"line":220,"column":38},"end":{"line":220,"column":52}},"89":{"start":{"line":223,"column":16},"end":{"line":223,"column":26}},"90":{"start":{"line":224,"column":21},"end":{"line":224,"column":36}},"91":{"start":{"line":227,"column":23},"end":{"line":227,"column":75}},"92":{"start":{"line":229,"column":24},"end":{"line":232,"column":3}},"93":{"start":{"line":230,"column":24},"end":{"line":230,"column":71}},"94":{"start":{"line":231,"column":4},"end":{"line":231,"column":37}},"95":{"start":{"line":235,"column":28},"end":{"line":245,"column":3}},"96":{"start":{"line":236,"column":17},"end":{"line":236,"column":39}},"97":{"start":{"line":237,"column":4},"end":{"line":237,"column":23}},"98":{"start":{"line":238,"column":4},"end":{"line":244,"column":6}},"99":{"start":{"line":247,"column":27},"end":{"line":249,"column":3}},"100":{"start":{"line":248,"column":4},"end":{"line":248,"column":21}},"101":{"start":{"line":251,"column":33},"end":{"line":257,"column":3}},"102":{"start":{"line":252,"column":38},"end":{"line":252,"column":61}},"103":{"start":{"line":253,"column":4},"end":{"line":253,"column":33}},"104":{"start":{"line":254,"column":4},"end":{"line":254,"column":27}},"105":{"start":{"line":255,"column":4},"end":{"line":255,"column":31}},"106":{"start":{"line":256,"column":4},"end":{"line":256,"column":30}},"107":{"start":{"line":260,"column":2},"end":{"line":262,"column":9}},"108":{"start":{"line":261,"column":4},"end":{"line":261,"column":29}},"109":{"start":{"line":264,"column":2},"end":{"line":278,"column":25}},"110":{"start":{"line":265,"column":4},"end":{"line":277,"column":5}},"111":{"start":{"line":267,"column":42},"end":{"line":271,"column":7}},"112":{"start":{"line":274,"column":6},"end":{"line":274,"column":35}},"113":{"start":{"line":275,"column":6},"end":{"line":275,"column":31}},"114":{"start":{"line":276,"column":6},"end":{"line":276,"column":24}},"115":{"start":{"line":281,"column":2},"end":{"line":290,"column":9}},"116":{"start":{"line":282,"column":4},"end":{"line":282,"column":24}},"117":{"start":{"line":284,"column":21},"end":{"line":284,"column":49}},"118":{"start":{"line":287,"column":4},"end":{"line":287,"column":45}},"119":{"start":{"line":289,"column":4},"end":{"line":289,"column":29}},"120":{"start":{"line":292,"column":2},"end":{"line":405,"column":4}},"121":{"start":{"line":353,"column":16},"end":{"line":353,"column":37}},"122":{"start":{"line":377,"column":35},"end":{"line":377,"column":50}},"123":{"start":{"line":378,"column":16},"end":{"line":380,"column":19}},"124":{"start":{"line":388,"column":16},"end":{"line":395,"column":18}},"125":{"start":{"line":398,"column":16},"end":{"line":398,"column":57}},"126":{"start":{"line":408,"column":15},"end":{"line":421,"column":2}}},"fnMap":{"0":{"name":"calculateSimilarity","decl":{"start":{"line":21,"column":9},"end":{"line":21,"column":28}},"loc":{"start":{"line":27,"column":2},"end":{"line":51,"column":1}},"line":27},"1":{"name":"getMessage","decl":{"start":{"line":54,"column":9},"end":{"line":54,"column":19}},"loc":{"start":{"line":54,"column":28},"end":{"line":68,"column":1}},"line":54},"2":{"name":"getSentences","decl":{"start":{"line":70,"column":15},"end":{"line":70,"column":27}},"loc":{"start":{"line":70,"column":39},"end":{"line":107,"column":1}},"line":70},"3":{"name":"chooseQuestion","decl":{"start":{"line":109,"column":9},"end":{"line":109,"column":23}},"loc":{"start":{"line":109,"column":47},"end":{"line":167,"column":1}},"line":109},"4":{"name":"updateScore","decl":{"start":{"line":169,"column":9},"end":{"line":169,"column":20}},"loc":{"start":{"line":176,"column":2},"end":{"line":204,"column":1}},"line":176},"5":{"name":"(anonymous_5)","decl":{"start":{"line":198,"column":10},"end":{"line":198,"column":11}},"loc":{"start":{"line":198,"column":24},"end":{"line":200,"column":5}},"line":198},"6":{"name":"(anonymous_6)","decl":{"start":{"line":201,"column":11},"end":{"line":201,"column":12}},"loc":{"start":{"line":201,"column":22},"end":{"line":203,"column":5}},"line":201},"7":{"name":"GrammarTensesComp","decl":{"start":{"line":206,"column":24},"end":{"line":206,"column":41}},"loc":{"start":{"line":206,"column":49},"end":{"line":406,"column":1}},"line":206},"8":{"name":"(anonymous_8)","decl":{"start":{"line":229,"column":24},"end":{"line":229,"column":25}},"loc":{"start":{"line":229,"column":30},"end":{"line":232,"column":3}},"line":229},"9":{"name":"(anonymous_9)","decl":{"start":{"line":235,"column":28},"end":{"line":235,"column":29}},"loc":{"start":{"line":235,"column":39},"end":{"line":245,"column":3}},"line":235},"10":{"name":"(anonymous_10)","decl":{"start":{"line":247,"column":27},"end":{"line":247,"column":28}},"loc":{"start":{"line":247,"column":33},"end":{"line":249,"column":3}},"line":247},"11":{"name":"(anonymous_11)","decl":{"start":{"line":251,"column":33},"end":{"line":251,"column":34}},"loc":{"start":{"line":251,"column":45},"end":{"line":257,"column":3}},"line":251},"12":{"name":"(anonymous_12)","decl":{"start":{"line":260,"column":18},"end":{"line":260,"column":19}},"loc":{"start":{"line":260,"column":24},"end":{"line":262,"column":3}},"line":260},"13":{"name":"(anonymous_13)","decl":{"start":{"line":264,"column":18},"end":{"line":264,"column":19}},"loc":{"start":{"line":264,"column":24},"end":{"line":278,"column":3}},"line":264},"14":{"name":"(anonymous_14)","decl":{"start":{"line":281,"column":18},"end":{"line":281,"column":19}},"loc":{"start":{"line":281,"column":24},"end":{"line":290,"column":3}},"line":281},"15":{"name":"(anonymous_15)","decl":{"start":{"line":352,"column":23},"end":{"line":352,"column":24}},"loc":{"start":{"line":352,"column":29},"end":{"line":354,"column":15}},"line":352},"16":{"name":"(anonymous_16)","decl":{"start":{"line":361,"column":23},"end":{"line":361,"column":24}},"loc":{"start":{"line":361,"column":29},"end":{"line":381,"column":15}},"line":361},"17":{"name":"(anonymous_17)","decl":{"start":{"line":386,"column":23},"end":{"line":386,"column":24}},"loc":{"start":{"line":386,"column":29},"end":{"line":399,"column":15}},"line":386}},"branchMap":{"0":{"loc":{"start":{"line":28,"column":2},"end":{"line":50,"column":3}},"type":"if","locations":[{"start":{"line":28,"column":2},"end":{"line":50,"column":3}},{"start":{"line":47,"column":9},"end":{"line":50,"column":3}}],"line":28},"1":{"loc":{"start":{"line":36,"column":4},"end":{"line":46,"column":5}},"type":"if","locations":[{"start":{"line":36,"column":4},"end":{"line":46,"column":5}},{"start":{"line":38,"column":11},"end":{"line":46,"column":5}}],"line":36},"2":{"loc":{"start":{"line":36,"column":8},"end":{"line":36,"column":34}},"type":"binary-expr","locations":[{"start":{"line":36,"column":8},"end":{"line":36,"column":19}},{"start":{"line":36,"column":23},"end":{"line":36,"column":34}}],"line":36},"3":{"loc":{"start":{"line":38,"column":11},"end":{"line":46,"column":5}},"type":"if","locations":[{"start":{"line":38,"column":11},"end":{"line":46,"column":5}},{"start":{"line":40,"column":11},"end":{"line":46,"column":5}}],"line":38},"4":{"loc":{"start":{"line":38,"column":15},"end":{"line":38,"column":42}},"type":"binary-expr","locations":[{"start":{"line":38,"column":15},"end":{"line":38,"column":27}},{"start":{"line":38,"column":31},"end":{"line":38,"column":42}}],"line":38},"5":{"loc":{"start":{"line":40,"column":11},"end":{"line":46,"column":5}},"type":"if","locations":[{"start":{"line":40,"column":11},"end":{"line":46,"column":5}},{"start":{"line":42,"column":11},"end":{"line":46,"column":5}}],"line":40},"6":{"loc":{"start":{"line":40,"column":15},"end":{"line":40,"column":42}},"type":"binary-expr","locations":[{"start":{"line":40,"column":15},"end":{"line":40,"column":27}},{"start":{"line":40,"column":31},"end":{"line":40,"column":42}}],"line":40},"7":{"loc":{"start":{"line":42,"column":11},"end":{"line":46,"column":5}},"type":"if","locations":[{"start":{"line":42,"column":11},"end":{"line":46,"column":5}},{"start":{"line":44,"column":11},"end":{"line":46,"column":5}}],"line":42},"8":{"loc":{"start":{"line":42,"column":15},"end":{"line":42,"column":43}},"type":"binary-expr","locations":[{"start":{"line":42,"column":15},"end":{"line":42,"column":27}},{"start":{"line":42,"column":31},"end":{"line":42,"column":43}}],"line":42},"9":{"loc":{"start":{"line":44,"column":11},"end":{"line":46,"column":5}},"type":"if","locations":[{"start":{"line":44,"column":11},"end":{"line":46,"column":5}},{"start":{},"end":{}}],"line":44},"10":{"loc":{"start":{"line":55,"column":2},"end":{"line":67,"column":3}},"type":"if","locations":[{"start":{"line":55,"column":2},"end":{"line":67,"column":3}},{"start":{"line":57,"column":9},"end":{"line":67,"column":3}}],"line":55},"11":{"loc":{"start":{"line":55,"column":6},"end":{"line":55,"column":32}},"type":"binary-expr","locations":[{"start":{"line":55,"column":6},"end":{"line":55,"column":17}},{"start":{"line":55,"column":21},"end":{"line":55,"column":32}}],"line":55},"12":{"loc":{"start":{"line":57,"column":9},"end":{"line":67,"column":3}},"type":"if","locations":[{"start":{"line":57,"column":9},"end":{"line":67,"column":3}},{"start":{"line":59,"column":9},"end":{"line":67,"column":3}}],"line":57},"13":{"loc":{"start":{"line":57,"column":13},"end":{"line":57,"column":40}},"type":"binary-expr","locations":[{"start":{"line":57,"column":13},"end":{"line":57,"column":25}},{"start":{"line":57,"column":29},"end":{"line":57,"column":40}}],"line":57},"14":{"loc":{"start":{"line":59,"column":9},"end":{"line":67,"column":3}},"type":"if","locations":[{"start":{"line":59,"column":9},"end":{"line":67,"column":3}},{"start":{"line":61,"column":9},"end":{"line":67,"column":3}}],"line":59},"15":{"loc":{"start":{"line":59,"column":13},"end":{"line":59,"column":40}},"type":"binary-expr","locations":[{"start":{"line":59,"column":13},"end":{"line":59,"column":25}},{"start":{"line":59,"column":29},"end":{"line":59,"column":40}}],"line":59},"16":{"loc":{"start":{"line":61,"column":9},"end":{"line":67,"column":3}},"type":"if","locations":[{"start":{"line":61,"column":9},"end":{"line":67,"column":3}},{"start":{"line":63,"column":9},"end":{"line":67,"column":3}}],"line":61},"17":{"loc":{"start":{"line":61,"column":13},"end":{"line":61,"column":41}},"type":"binary-expr","locations":[{"start":{"line":61,"column":13},"end":{"line":61,"column":25}},{"start":{"line":61,"column":29},"end":{"line":61,"column":41}}],"line":61},"18":{"loc":{"start":{"line":63,"column":9},"end":{"line":67,"column":3}},"type":"if","locations":[{"start":{"line":63,"column":9},"end":{"line":67,"column":3}},{"start":{"line":65,"column":9},"end":{"line":67,"column":3}}],"line":63},"19":{"loc":{"start":{"line":87,"column":4},"end":{"line":103,"column":5}},"type":"if","locations":[{"start":{"line":87,"column":4},"end":{"line":103,"column":5}},{"start":{"line":101,"column":11},"end":{"line":103,"column":5}}],"line":87},"20":{"loc":{"start":{"line":87,"column":8},"end":{"line":87,"column":33}},"type":"binary-expr","locations":[{"start":{"line":87,"column":8},"end":{"line":87,"column":16}},{"start":{"line":87,"column":20},"end":{"line":87,"column":33}}],"line":87},"21":{"loc":{"start":{"line":124,"column":4},"end":{"line":126,"column":5}},"type":"if","locations":[{"start":{"line":124,"column":4},"end":{"line":126,"column":5}},{"start":{},"end":{}}],"line":124},"22":{"loc":{"start":{"line":134,"column":2},"end":{"line":146,"column":3}},"type":"switch","locations":[{"start":{"line":135,"column":4},"end":{"line":137,"column":12}},{"start":{"line":138,"column":4},"end":{"line":140,"column":12}},{"start":{"line":141,"column":4},"end":{"line":143,"column":12}},{"start":{"line":144,"column":4},"end":{"line":145,"column":12}}],"line":134},"23":{"loc":{"start":{"line":148,"column":2},"end":{"line":163,"column":3}},"type":"switch","locations":[{"start":{"line":149,"column":4},"end":{"line":152,"column":12}},{"start":{"line":153,"column":4},"end":{"line":156,"column":12}},{"start":{"line":157,"column":4},"end":{"line":160,"column":12}},{"start":{"line":161,"column":4},"end":{"line":162,"column":12}}],"line":148},"24":{"loc":{"start":{"line":265,"column":4},"end":{"line":277,"column":5}},"type":"if","locations":[{"start":{"line":265,"column":4},"end":{"line":277,"column":5}},{"start":{},"end":{}}],"line":265},"25":{"loc":{"start":{"line":284,"column":21},"end":{"line":284,"column":49}},"type":"binary-expr","locations":[{"start":{"line":284,"column":21},"end":{"line":284,"column":44}},{"start":{"line":284,"column":48},"end":{"line":284,"column":49}}],"line":284},"26":{"loc":{"start":{"line":294,"column":7},"end":{"line":403,"column":7}},"type":"cond-expr","locations":[{"start":{"line":295,"column":8},"end":{"line":301,"column":15}},{"start":{"line":303,"column":8},"end":{"line":402,"column":31}}],"line":294},"27":{"loc":{"start":{"line":305,"column":20},"end":{"line":305,"column":65}},"type":"cond-expr","locations":[{"start":{"line":305,"column":44},"end":{"line":305,"column":53}},{"start":{"line":305,"column":56},"end":{"line":305,"column":65}}],"line":305},"28":{"loc":{"start":{"line":306,"column":34},"end":{"line":306,"column":66}},"type":"cond-expr","locations":[{"start":{"line":306,"column":58},"end":{"line":306,"column":59}},{"start":{"line":306,"column":62},"end":{"line":306,"column":66}}],"line":306},"29":{"loc":{"start":{"line":338,"column":11},"end":{"line":345,"column":18}},"type":"cond-expr","locations":[{"start":{"line":339,"column":12},"end":{"line":344,"column":15}},{"start":{"line":345,"column":14},"end":{"line":345,"column":18}}],"line":338},"30":{"loc":{"start":{"line":341,"column":17},"end":{"line":341,"column":63}},"type":"cond-expr","locations":[{"start":{"line":341,"column":34},"end":{"line":341,"column":53}},{"start":{"line":341,"column":56},"end":{"line":341,"column":63}}],"line":341}},"s":{"0":0,"1":0,"2":0,"3":0,"4":0,"5":0,"6":0,"7":0,"8":0,"9":0,"10":0,"11":0,"12":0,"13":0,"14":0,"15":0,"16":0,"17":0,"18":0,"19":0,"20":0,"21":0,"22":0,"23":0,"24":0,"25":0,"26":0,"27":0,"28":0,"29":0,"30":0,"31":0,"32":0,"33":0,"34":0,"35":0,"36":0,"37":0,"38":0,"39":0,"40":0,"41":0,"42":0,"43":0,"44":0,"45":0,"46":0,"47":0,"48":0,"49":0,"50":0,"51":0,"52":0,"53":0,"54":0,"55":0,"56":0,"57":0,"58":0,"59":0,"60":0,"61":0,"62":0,"63":0,"64":0,"65":0,"66":0,"67":0,"68":0,"69":0,"70":0,"71":0,"72":0,"73":0,"74":0,"75":0,"76":0,"77":0,"78":0,"79":0,"80":0,"81":0,"82":0,"83":0,"84":0,"85":0,"86":0,"87":0,"88":0,"89":0,"90":0,"91":0,"92":0,"93":0,"94":0,"95":0,"96":0,"97":0,"98":0,"99":0,"100":0,"101":0,"102":0,"103":0,"104":0,"105":0,"106":0,"107":0,"108":0,"109":0,"110":0,"111":0,"112":0,"113":0,"114":0,"115":0,"116":0,"117":0,"118":0,"119":0,"120":0,"121":0,"122":0,"123":0,"124":0,"125":0,"126":0},"f":{"0":0,"1":0,"2":0,"3":0,"4":0,"5":0,"6":0,"7":0,"8":0,"9":0,"10":0,"11":0,"12":0,"13":0,"14":0,"15":0,"16":0,"17":0},"b":{"0":[0,0],"1":[0,0],"2":[0,0],"3":[0,0],"4":[0,0],"5":[0,0],"6":[0,0],"7":[0,0],"8":[0,0],"9":[0,0],"10":[0,0],"11":[0,0],"12":[0,0],"13":[0,0],"14":[0,0],"15":[0,0],"16":[0,0],"17":[0,0],"18":[0,0],"19":[0,0],"20":[0,0],"21":[0,0],"22":[0,0,0,0],"23":[0,0,0,0],"24":[0,0],"25":[0,0],"26":[0,0],"27":[0,0],"28":[0,0],"29":[0,0],"30":[0,0]}}
,"C:\\Users\\Abdullah Karolia\\Desktop\\Praktyk\\praktyk\\reducers\\dataReducer.js": {"path":"C:\\Users\\Abdullah Karolia\\Desktop\\Praktyk\\praktyk\\reducers\\dataReducer.js","statementMap":{"0":{"start":{"line":2,"column":21},"end":{"line":4,"column":3}},"1":{"start":{"line":6,"column":22},"end":{"line":21,"column":3}},"2":{"start":{"line":7,"column":4},"end":{"line":20,"column":5}},"3":{"start":{"line":9,"column":8},"end":{"line":12,"column":10}},"4":{"start":{"line":14,"column":8},"end":{"line":17,"column":10}},"5":{"start":{"line":16,"column":46},"end":{"line":16,"column":79}},"6":{"start":{"line":19,"column":8},"end":{"line":19,"column":21}}},"fnMap":{"0":{"name":"(anonymous_0)","decl":{"start":{"line":6,"column":22},"end":{"line":6,"column":23}},"loc":{"start":{"line":6,"column":56},"end":{"line":21,"column":3}},"line":6},"1":{"name":"(anonymous_1)","decl":{"start":{"line":16,"column":36},"end":{"line":16,"column":37}},"loc":{"start":{"line":16,"column":46},"end":{"line":16,"column":79}},"line":16}},"branchMap":{"0":{"loc":{"start":{"line":6,"column":23},"end":{"line":6,"column":43}},"type":"default-arg","locations":[{"start":{"line":6,"column":31},"end":{"line":6,"column":43}}],"line":6},"1":{"loc":{"start":{"line":7,"column":4},"end":{"line":20,"column":5}},"type":"switch","locations":[{"start":{"line":8,"column":6},"end":{"line":12,"column":10}},{"start":{"line":13,"column":6},"end":{"line":17,"column":10}},{"start":{"line":18,"column":6},"end":{"line":19,"column":21}}],"line":7}},"s":{"0":0,"1":0,"2":0,"3":0,"4":0,"5":0,"6":0},"f":{"0":0,"1":0},"b":{"0":[0],"1":[0,0,0]}}
,"C:\\Users\\Abdullah Karolia\\Desktop\\Praktyk\\praktyk\\reducers\\index.js": {"path":"C:\\Users\\Abdullah Karolia\\Desktop\\Praktyk\\praktyk\\reducers\\index.js","statementMap":{"0":{"start":{"line":6,"column":20},"end":{"line":10,"column":2}}},"fnMap":{},"branchMap":{},"s":{"0":0},"f":{},"b":{}}
,"C:\\Users\\Abdullah Karolia\\Desktop\\Praktyk\\praktyk\\reducers\\navigationReducer.js": {"path":"C:\\Users\\Abdullah Karolia\\Desktop\\Praktyk\\praktyk\\reducers\\navigationReducer.js","statementMap":{"0":{"start":{"line":2,"column":21},"end":{"line":4,"column":3}},"1":{"start":{"line":6,"column":28},"end":{"line":16,"column":3}},"2":{"start":{"line":7,"column":4},"end":{"line":15,"column":5}},"3":{"start":{"line":9,"column":8},"end":{"line":12,"column":10}},"4":{"start":{"line":14,"column":8},"end":{"line":14,"column":21}}},"fnMap":{"0":{"name":"(anonymous_0)","decl":{"start":{"line":6,"column":28},"end":{"line":6,"column":29}},"loc":{"start":{"line":6,"column":62},"end":{"line":16,"column":3}},"line":6}},"branchMap":{"0":{"loc":{"start":{"line":6,"column":29},"end":{"line":6,"column":49}},"type":"default-arg","locations":[{"start":{"line":6,"column":37},"end":{"line":6,"column":49}}],"line":6},"1":{"loc":{"start":{"line":7,"column":4},"end":{"line":15,"column":5}},"type":"switch","locations":[{"start":{"line":8,"column":6},"end":{"line":12,"column":10}},{"start":{"line":13,"column":6},"end":{"line":14,"column":21}}],"line":7}},"s":{"0":0,"1":0,"2":0,"3":0,"4":0},"f":{"0":0},"b":{"0":[0],"1":[0,0]}}
}
