{"C:\\Users\\Abdullah Karolia\\Desktop\\Praktyk\\praktyk\\App.js": {"path":"C:\\Users\\Abdullah Karolia\\Desktop\\Praktyk\\praktyk\\App.js","statementMap":{"0":{"start":{"line":37,"column":14},"end":{"line":37,"column":42}},"1":{"start":{"line":38,"column":12},"end":{"line":38,"column":46}},"2":{"start":{"line":42,"column":2},"end":{"line":53,"column":4}},"3":{"start":{"line":63,"column":2},"end":{"line":104,"column":4}},"4":{"start":{"line":71,"column":12},"end":{"line":71,"column":74}},"5":{"start":{"line":81,"column":12},"end":{"line":85,"column":14}},"6":{"start":{"line":95,"column":12},"end":{"line":99,"column":14}},"7":{"start":{"line":108,"column":2},"end":{"line":139,"column":4}},"8":{"start":{"line":116,"column":12},"end":{"line":120,"column":14}},"9":{"start":{"line":130,"column":12},"end":{"line":134,"column":14}},"10":{"start":{"line":143,"column":2},"end":{"line":193,"column":4}}},"fnMap":{"0":{"name":"HomeStack","decl":{"start":{"line":41,"column":9},"end":{"line":41,"column":18}},"loc":{"start":{"line":41,"column":21},"end":{"line":54,"column":1}},"line":41},"1":{"name":"GeneralTabs","decl":{"start":{"line":62,"column":9},"end":{"line":62,"column":20}},"loc":{"start":{"line":62,"column":23},"end":{"line":105,"column":1}},"line":62},"2":{"name":"(anonymous_2)","decl":{"start":{"line":70,"column":22},"end":{"line":70,"column":23}},"loc":{"start":{"line":71,"column":12},"end":{"line":71,"column":74}},"line":71},"3":{"name":"(anonymous_3)","decl":{"start":{"line":80,"column":22},"end":{"line":80,"column":23}},"loc":{"start":{"line":81,"column":12},"end":{"line":85,"column":14}},"line":81},"4":{"name":"(anonymous_4)","decl":{"start":{"line":94,"column":22},"end":{"line":94,"column":23}},"loc":{"start":{"line":95,"column":12},"end":{"line":99,"column":14}},"line":95},"5":{"name":"LoginTabs","decl":{"start":{"line":107,"column":9},"end":{"line":107,"column":18}},"loc":{"start":{"line":107,"column":21},"end":{"line":140,"column":1}},"line":107},"6":{"name":"(anonymous_6)","decl":{"start":{"line":115,"column":22},"end":{"line":115,"column":23}},"loc":{"start":{"line":116,"column":12},"end":{"line":120,"column":14}},"line":116},"7":{"name":"(anonymous_7)","decl":{"start":{"line":129,"column":22},"end":{"line":129,"column":23}},"loc":{"start":{"line":130,"column":12},"end":{"line":134,"column":14}},"line":130},"8":{"name":"App","decl":{"start":{"line":142,"column":9},"end":{"line":142,"column":12}},"loc":{"start":{"line":142,"column":15},"end":{"line":194,"column":1}},"line":142}},"branchMap":{},"s":{"0":0,"1":0,"2":0,"3":0,"4":0,"5":0,"6":0,"7":0,"8":0,"9":0,"10":0},"f":{"0":0,"1":0,"2":0,"3":0,"4":0,"5":0,"6":0,"7":0,"8":0},"b":{}}
,"C:\\Users\\Abdullah Karolia\\Desktop\\Praktyk\\praktyk\\components\\ButtonComponent.js": {"path":"C:\\Users\\Abdullah Karolia\\Desktop\\Praktyk\\praktyk\\components\\ButtonComponent.js","statementMap":{"0":{"start":{"line":4,"column":24},"end":{"line":17,"column":1}},"1":{"start":{"line":5,"column":73},"end":{"line":5,"column":78}},"2":{"start":{"line":6,"column":2},"end":{"line":16,"column":4}}},"fnMap":{"0":{"name":"(anonymous_0)","decl":{"start":{"line":4,"column":24},"end":{"line":4,"column":25}},"loc":{"start":{"line":4,"column":35},"end":{"line":17,"column":1}},"line":4}},"branchMap":{},"s":{"0":2,"1":11,"2":11},"f":{"0":11},"b":{},"_coverageSchema":"1a1c01bbd47fc00a2c39e90264f33305004495a9","hash":"b9a7ffc250ded13faef7744000cf1a4e1f12a927"}
,"C:\\Users\\Abdullah Karolia\\Desktop\\Praktyk\\praktyk\\components\\CustomCards.js": {"path":"C:\\Users\\Abdullah Karolia\\Desktop\\Praktyk\\praktyk\\components\\CustomCards.js","statementMap":{"0":{"start":{"line":5,"column":19},"end":{"line":20,"column":1}},"1":{"start":{"line":6,"column":2},"end":{"line":19,"column":21}},"2":{"start":{"line":22,"column":15},"end":{"line":33,"column":2}}},"fnMap":{"0":{"name":"(anonymous_0)","decl":{"start":{"line":5,"column":19},"end":{"line":5,"column":20}},"loc":{"start":{"line":6,"column":2},"end":{"line":19,"column":21}},"line":6}},"branchMap":{},"s":{"0":1,"1":2,"2":1},"f":{"0":2},"b":{},"_coverageSchema":"1a1c01bbd47fc00a2c39e90264f33305004495a9","hash":"371403ce33706690aab318c2d940fc7d70254dec"}
,"C:\\Users\\Abdullah Karolia\\Desktop\\Praktyk\\praktyk\\components\\ImageDisplay.js": {"path":"C:\\Users\\Abdullah Karolia\\Desktop\\Praktyk\\praktyk\\components\\ImageDisplay.js","statementMap":{"0":{"start":{"line":4,"column":21},"end":{"line":14,"column":1}},"1":{"start":{"line":5,"column":35},"end":{"line":5,"column":40}},"2":{"start":{"line":7,"column":4},"end":{"line":13,"column":6}}},"fnMap":{"0":{"name":"(anonymous_0)","decl":{"start":{"line":4,"column":21},"end":{"line":4,"column":22}},"loc":{"start":{"line":4,"column":32},"end":{"line":14,"column":1}},"line":4}},"branchMap":{},"s":{"0":2,"1":10,"2":10},"f":{"0":10},"b":{},"_coverageSchema":"1a1c01bbd47fc00a2c39e90264f33305004495a9","hash":"9262b2480cab743a5c364e3f7800a2ce7f0980fa"}
,"C:\\Users\\Abdullah Karolia\\Desktop\\Praktyk\\praktyk\\components\\InputBox.js": {"path":"C:\\Users\\Abdullah Karolia\\Desktop\\Praktyk\\praktyk\\components\\InputBox.js","statementMap":{"0":{"start":{"line":5,"column":17},"end":{"line":35,"column":1}},"1":{"start":{"line":6,"column":76},"end":{"line":6,"column":81}},"2":{"start":{"line":7,"column":26},"end":{"line":7,"column":44}},"3":{"start":{"line":8,"column":48},"end":{"line":8,"column":68}},"4":{"start":{"line":10,"column":26},"end":{"line":12,"column":3}},"5":{"start":{"line":11,"column":4},"end":{"line":11,"column":41}},"6":{"start":{"line":14,"column":2},"end":{"line":34,"column":4}},"7":{"start":{"line":23,"column":32},"end":{"line":23,"column":45}},"8":{"start":{"line":37,"column":15},"end":{"line":41,"column":2}}},"fnMap":{"0":{"name":"(anonymous_0)","decl":{"start":{"line":5,"column":17},"end":{"line":5,"column":18}},"loc":{"start":{"line":5,"column":28},"end":{"line":35,"column":1}},"line":5},"1":{"name":"(anonymous_1)","decl":{"start":{"line":10,"column":26},"end":{"line":10,"column":27}},"loc":{"start":{"line":10,"column":32},"end":{"line":12,"column":3}},"line":10},"2":{"name":"(anonymous_2)","decl":{"start":{"line":23,"column":22},"end":{"line":23,"column":23}},"loc":{"start":{"line":23,"column":32},"end":{"line":23,"column":45}},"line":23}},"branchMap":{"0":{"loc":{"start":{"line":26,"column":10},"end":{"line":26,"column":71}},"type":"cond-expr","locations":[{"start":{"line":26,"column":59},"end":{"line":26,"column":63}},{"start":{"line":26,"column":66},"end":{"line":26,"column":71}}],"line":26},"1":{"loc":{"start":{"line":26,"column":10},"end":{"line":26,"column":56}},"type":"binary-expr","locations":[{"start":{"line":26,"column":10},"end":{"line":26,"column":25}},{"start":{"line":26,"column":29},"end":{"line":26,"column":56}}],"line":26},"2":{"loc":{"start":{"line":29,"column":10},"end":{"line":29,"column":94}},"type":"cond-expr","locations":[{"start":{"line":29,"column":17},"end":{"line":29,"column":87}},{"start":{"line":29,"column":90},"end":{"line":29,"column":94}}],"line":29}},"s":{"0":2,"1":29,"2":28,"3":28,"4":28,"5":0,"6":28,"7":7,"8":2},"f":{"0":29,"1":0,"2":7},"b":{"0":[12,16],"1":[28,28],"2":[12,16]},"_coverageSchema":"1a1c01bbd47fc00a2c39e90264f33305004495a9","hash":"510aa41d05fbfe5ebd7a08050fa8030586e898ce"}
,"C:\\Users\\Abdullah Karolia\\Desktop\\Praktyk\\praktyk\\components\\Popup.js": {"path":"C:\\Users\\Abdullah Karolia\\Desktop\\Praktyk\\praktyk\\components\\Popup.js","statementMap":{"0":{"start":{"line":5,"column":14},"end":{"line":28,"column":1}},"1":{"start":{"line":6,"column":63},"end":{"line":6,"column":68}},"2":{"start":{"line":8,"column":2},"end":{"line":27,"column":4}},"3":{"start":{"line":15,"column":29},"end":{"line":15,"column":44}},"4":{"start":{"line":18,"column":29},"end":{"line":18,"column":44}},"5":{"start":{"line":30,"column":15},"end":{"line":35,"column":2}}},"fnMap":{"0":{"name":"(anonymous_0)","decl":{"start":{"line":5,"column":14},"end":{"line":5,"column":15}},"loc":{"start":{"line":5,"column":25},"end":{"line":28,"column":1}},"line":5},"1":{"name":"(anonymous_1)","decl":{"start":{"line":15,"column":23},"end":{"line":15,"column":24}},"loc":{"start":{"line":15,"column":29},"end":{"line":15,"column":44}},"line":15},"2":{"name":"(anonymous_2)","decl":{"start":{"line":18,"column":23},"end":{"line":18,"column":24}},"loc":{"start":{"line":18,"column":29},"end":{"line":18,"column":44}},"line":18}},"branchMap":{},"s":{"0":2,"1":11,"2":10,"3":1,"4":1,"5":2},"f":{"0":11,"1":1,"2":1},"b":{},"_coverageSchema":"1a1c01bbd47fc00a2c39e90264f33305004495a9","hash":"a37a4c4e440eecf0a1860000b6c72ee99e3d3298"}
,"C:\\Users\\Abdullah Karolia\\Desktop\\Praktyk\\praktyk\\pages\\DetailsScreen.js": {"path":"C:\\Users\\Abdullah Karolia\\Desktop\\Praktyk\\praktyk\\pages\\DetailsScreen.js","statementMap":{"0":{"start":{"line":11,"column":30},"end":{"line":11,"column":45}},"1":{"start":{"line":12,"column":32},"end":{"line":12,"column":46}},"2":{"start":{"line":13,"column":28},"end":{"line":19,"column":4}},"3":{"start":{"line":23,"column":44},"end":{"line":23,"column":59}},"4":{"start":{"line":26,"column":28},"end":{"line":29,"column":3}},"5":{"start":{"line":27,"column":4},"end":{"line":27,"column":22}},"6":{"start":{"line":28,"column":4},"end":{"line":28,"column":27}},"7":{"start":{"line":32,"column":23},"end":{"line":32,"column":75}},"8":{"start":{"line":33,"column":21},"end":{"line":33,"column":70}},"9":{"start":{"line":35,"column":24},"end":{"line":38,"column":3}},"10":{"start":{"line":36,"column":24},"end":{"line":36,"column":71}},"11":{"start":{"line":37,"column":4},"end":{"line":37,"column":37}},"12":{"start":{"line":40,"column":29},"end":{"line":43,"column":3}},"13":{"start":{"line":41,"column":24},"end":{"line":41,"column":69}},"14":{"start":{"line":42,"column":4},"end":{"line":42,"column":35}},"15":{"start":{"line":52,"column":25},"end":{"line":52,"column":39}},"16":{"start":{"line":53,"column":2},"end":{"line":141,"column":4}},"17":{"start":{"line":95,"column":35},"end":{"line":95,"column":55}},"18":{"start":{"line":96,"column":16},"end":{"line":98,"column":19}},"19":{"start":{"line":107,"column":35},"end":{"line":107,"column":50}},"20":{"start":{"line":109,"column":16},"end":{"line":111,"column":19}},"21":{"start":{"line":128,"column":16},"end":{"line":130,"column":19}},"22":{"start":{"line":145,"column":15},"end":{"line":204,"column":2}}},"fnMap":{"0":{"name":"DetailsScreen","decl":{"start":{"line":9,"column":24},"end":{"line":9,"column":37}},"loc":{"start":{"line":9,"column":54},"end":{"line":142,"column":1}},"line":9},"1":{"name":"(anonymous_1)","decl":{"start":{"line":26,"column":28},"end":{"line":26,"column":29}},"loc":{"start":{"line":26,"column":39},"end":{"line":29,"column":3}},"line":26},"2":{"name":"(anonymous_2)","decl":{"start":{"line":35,"column":24},"end":{"line":35,"column":25}},"loc":{"start":{"line":35,"column":30},"end":{"line":38,"column":3}},"line":35},"3":{"name":"(anonymous_3)","decl":{"start":{"line":40,"column":29},"end":{"line":40,"column":30}},"loc":{"start":{"line":40,"column":35},"end":{"line":43,"column":3}},"line":40},"4":{"name":"(anonymous_4)","decl":{"start":{"line":93,"column":23},"end":{"line":93,"column":24}},"loc":{"start":{"line":93,"column":29},"end":{"line":99,"column":15}},"line":93},"5":{"name":"(anonymous_5)","decl":{"start":{"line":105,"column":23},"end":{"line":105,"column":24}},"loc":{"start":{"line":105,"column":29},"end":{"line":112,"column":15}},"line":105},"6":{"name":"(anonymous_6)","decl":{"start":{"line":126,"column":23},"end":{"line":126,"column":24}},"loc":{"start":{"line":126,"column":29},"end":{"line":131,"column":15}},"line":126}},"branchMap":{"0":{"loc":{"start":{"line":88,"column":9},"end":{"line":138,"column":9}},"type":"cond-expr","locations":[{"start":{"line":89,"column":10},"end":{"line":133,"column":17}},{"start":{"line":135,"column":10},"end":{"line":137,"column":17}}],"line":88}},"s":{"0":0,"1":0,"2":0,"3":0,"4":0,"5":0,"6":0,"7":0,"8":0,"9":0,"10":0,"11":0,"12":0,"13":0,"14":0,"15":0,"16":0,"17":0,"18":0,"19":0,"20":0,"21":0,"22":0},"f":{"0":0,"1":0,"2":0,"3":0,"4":0,"5":0,"6":0},"b":{"0":[0,0]}}
,"C:\\Users\\Abdullah Karolia\\Desktop\\Praktyk\\praktyk\\pages\\GrammarCategories.js": {"path":"C:\\Users\\Abdullah Karolia\\Desktop\\Praktyk\\praktyk\\pages\\GrammarCategories.js","statementMap":{"0":{"start":{"line":7,"column":2},"end":{"line":34,"column":4}},"1":{"start":{"line":13,"column":10},"end":{"line":13,"column":40}},"2":{"start":{"line":21,"column":10},"end":{"line":21,"column":40}},"3":{"start":{"line":29,"column":10},"end":{"line":29,"column":47}},"4":{"start":{"line":37,"column":15},"end":{"line":44,"column":2}}},"fnMap":{"0":{"name":"GrammarCategories","decl":{"start":{"line":6,"column":24},"end":{"line":6,"column":41}},"loc":{"start":{"line":6,"column":58},"end":{"line":35,"column":1}},"line":6},"1":{"name":"(anonymous_1)","decl":{"start":{"line":12,"column":17},"end":{"line":12,"column":18}},"loc":{"start":{"line":12,"column":23},"end":{"line":14,"column":9}},"line":12},"2":{"name":"(anonymous_2)","decl":{"start":{"line":20,"column":17},"end":{"line":20,"column":18}},"loc":{"start":{"line":20,"column":23},"end":{"line":22,"column":9}},"line":20},"3":{"name":"(anonymous_3)","decl":{"start":{"line":28,"column":17},"end":{"line":28,"column":18}},"loc":{"start":{"line":28,"column":23},"end":{"line":30,"column":9}},"line":28}},"branchMap":{},"s":{"0":0,"1":0,"2":0,"3":0,"4":0},"f":{"0":0,"1":0,"2":0,"3":0},"b":{}}
,"C:\\Users\\Abdullah Karolia\\Desktop\\Praktyk\\praktyk\\pages\\GrammarLearning.js": {"path":"C:\\Users\\Abdullah Karolia\\Desktop\\Praktyk\\praktyk\\pages\\GrammarLearning.js","statementMap":{"0":{"start":{"line":6,"column":2},"end":{"line":12,"column":4}}},"fnMap":{"0":{"name":"GrammarLearning","decl":{"start":{"line":5,"column":24},"end":{"line":5,"column":39}},"loc":{"start":{"line":5,"column":47},"end":{"line":13,"column":1}},"line":5}},"branchMap":{},"s":{"0":0},"f":{"0":0},"b":{}}
,"C:\\Users\\Abdullah Karolia\\Desktop\\Praktyk\\praktyk\\pages\\GrammarNegative.js": {"path":"C:\\Users\\Abdullah Karolia\\Desktop\\Praktyk\\praktyk\\pages\\GrammarNegative.js","statementMap":{"0":{"start":{"line":20,"column":2},"end":{"line":27,"column":3}},"1":{"start":{"line":21,"column":23},"end":{"line":21,"column":51}},"2":{"start":{"line":22,"column":4},"end":{"line":22,"column":36}},"3":{"start":{"line":23,"column":4},"end":{"line":23,"column":45}},"4":{"start":{"line":26,"column":4},"end":{"line":26,"column":27}},"5":{"start":{"line":32,"column":2},"end":{"line":44,"column":3}},"6":{"start":{"line":33,"column":4},"end":{"line":33,"column":20}},"7":{"start":{"line":34,"column":9},"end":{"line":44,"column":3}},"8":{"start":{"line":35,"column":4},"end":{"line":35,"column":28}},"9":{"start":{"line":36,"column":9},"end":{"line":44,"column":3}},"10":{"start":{"line":37,"column":4},"end":{"line":37,"column":27}},"11":{"start":{"line":38,"column":9},"end":{"line":44,"column":3}},"12":{"start":{"line":39,"column":4},"end":{"line":39,"column":31}},"13":{"start":{"line":40,"column":9},"end":{"line":44,"column":3}},"14":{"start":{"line":41,"column":4},"end":{"line":41,"column":22}},"15":{"start":{"line":43,"column":4},"end":{"line":43,"column":14}},"16":{"start":{"line":48,"column":15},"end":{"line":50,"column":3}},"17":{"start":{"line":52,"column":2},"end":{"line":86,"column":3}},"18":{"start":{"line":53,"column":21},"end":{"line":62,"column":5}},"19":{"start":{"line":64,"column":4},"end":{"line":83,"column":5}},"20":{"start":{"line":65,"column":19},"end":{"line":65,"column":32}},"21":{"start":{"line":69,"column":28},"end":{"line":69,"column":46}},"22":{"start":{"line":71,"column":23},"end":{"line":71,"column":25}},"23":{"start":{"line":72,"column":23},"end":{"line":72,"column":25}},"24":{"start":{"line":74,"column":6},"end":{"line":77,"column":7}},"25":{"start":{"line":75,"column":8},"end":{"line":75,"column":29}},"26":{"start":{"line":76,"column":8},"end":{"line":76,"column":27}},"27":{"start":{"line":80,"column":6},"end":{"line":80,"column":36}},"28":{"start":{"line":82,"column":6},"end":{"line":82,"column":62}},"29":{"start":{"line":85,"column":4},"end":{"line":85,"column":23}},"30":{"start":{"line":91,"column":22},"end":{"line":91,"column":46}},"31":{"start":{"line":94,"column":22},"end":{"line":94,"column":61}},"32":{"start":{"line":97,"column":19},"end":{"line":97,"column":49}},"33":{"start":{"line":98,"column":17},"end":{"line":98,"column":47}},"34":{"start":{"line":100,"column":2},"end":{"line":100,"column":30}},"35":{"start":{"line":104,"column":36},"end":{"line":104,"column":48}},"36":{"start":{"line":105,"column":50},"end":{"line":105,"column":61}},"37":{"start":{"line":106,"column":32},"end":{"line":106,"column":44}},"38":{"start":{"line":107,"column":52},"end":{"line":107,"column":64}},"39":{"start":{"line":108,"column":52},"end":{"line":108,"column":64}},"40":{"start":{"line":109,"column":48},"end":{"line":109,"column":60}},"41":{"start":{"line":110,"column":44},"end":{"line":110,"column":56}},"42":{"start":{"line":111,"column":50},"end":{"line":111,"column":65}},"43":{"start":{"line":114,"column":28},"end":{"line":118,"column":3}},"44":{"start":{"line":115,"column":17},"end":{"line":115,"column":39}},"45":{"start":{"line":116,"column":4},"end":{"line":116,"column":23}},"46":{"start":{"line":117,"column":4},"end":{"line":117,"column":78}},"47":{"start":{"line":120,"column":27},"end":{"line":122,"column":3}},"48":{"start":{"line":121,"column":4},"end":{"line":121,"column":21}},"49":{"start":{"line":124,"column":33},"end":{"line":129,"column":3}},"50":{"start":{"line":125,"column":35},"end":{"line":125,"column":58}},"51":{"start":{"line":126,"column":4},"end":{"line":126,"column":35}},"52":{"start":{"line":127,"column":4},"end":{"line":127,"column":35}},"53":{"start":{"line":128,"column":4},"end":{"line":128,"column":30}},"54":{"start":{"line":132,"column":2},"end":{"line":134,"column":9}},"55":{"start":{"line":133,"column":4},"end":{"line":133,"column":29}},"56":{"start":{"line":136,"column":2},"end":{"line":148,"column":25}},"57":{"start":{"line":137,"column":4},"end":{"line":147,"column":5}},"58":{"start":{"line":139,"column":35},"end":{"line":142,"column":7}},"59":{"start":{"line":145,"column":6},"end":{"line":145,"column":35}},"60":{"start":{"line":146,"column":6},"end":{"line":146,"column":31}},"61":{"start":{"line":150,"column":2},"end":{"line":224,"column":4}},"62":{"start":{"line":206,"column":45},"end":{"line":209,"column":17}},"63":{"start":{"line":212,"column":16},"end":{"line":212,"column":45}},"64":{"start":{"line":213,"column":16},"end":{"line":213,"column":41}},"65":{"start":{"line":215,"column":16},"end":{"line":215,"column":39}},"66":{"start":{"line":216,"column":16},"end":{"line":216,"column":31}},"67":{"start":{"line":217,"column":16},"end":{"line":217,"column":35}},"68":{"start":{"line":227,"column":15},"end":{"line":240,"column":2}}},"fnMap":{"0":{"name":"calculateSimilarity","decl":{"start":{"line":19,"column":9},"end":{"line":19,"column":28}},"loc":{"start":{"line":19,"column":76},"end":{"line":28,"column":1}},"line":19},"1":{"name":"getMessage","decl":{"start":{"line":31,"column":9},"end":{"line":31,"column":19}},"loc":{"start":{"line":31,"column":28},"end":{"line":45,"column":1}},"line":31},"2":{"name":"getSentences","decl":{"start":{"line":47,"column":15},"end":{"line":47,"column":27}},"loc":{"start":{"line":47,"column":39},"end":{"line":87,"column":1}},"line":47},"3":{"name":"chooseQuestion","decl":{"start":{"line":89,"column":9},"end":{"line":89,"column":23}},"loc":{"start":{"line":89,"column":62},"end":{"line":101,"column":1}},"line":89},"4":{"name":"GrammarNegative","decl":{"start":{"line":103,"column":24},"end":{"line":103,"column":39}},"loc":{"start":{"line":103,"column":47},"end":{"line":225,"column":1}},"line":103},"5":{"name":"(anonymous_5)","decl":{"start":{"line":114,"column":28},"end":{"line":114,"column":29}},"loc":{"start":{"line":114,"column":39},"end":{"line":118,"column":3}},"line":114},"6":{"name":"(anonymous_6)","decl":{"start":{"line":120,"column":27},"end":{"line":120,"column":28}},"loc":{"start":{"line":120,"column":33},"end":{"line":122,"column":3}},"line":120},"7":{"name":"(anonymous_7)","decl":{"start":{"line":124,"column":33},"end":{"line":124,"column":34}},"loc":{"start":{"line":124,"column":45},"end":{"line":129,"column":3}},"line":124},"8":{"name":"(anonymous_8)","decl":{"start":{"line":132,"column":18},"end":{"line":132,"column":19}},"loc":{"start":{"line":132,"column":24},"end":{"line":134,"column":3}},"line":132},"9":{"name":"(anonymous_9)","decl":{"start":{"line":136,"column":18},"end":{"line":136,"column":19}},"loc":{"start":{"line":136,"column":24},"end":{"line":148,"column":3}},"line":136},"10":{"name":"(anonymous_10)","decl":{"start":{"line":205,"column":23},"end":{"line":205,"column":24}},"loc":{"start":{"line":205,"column":29},"end":{"line":218,"column":15}},"line":205}},"branchMap":{"0":{"loc":{"start":{"line":20,"column":2},"end":{"line":27,"column":3}},"type":"if","locations":[{"start":{"line":20,"column":2},"end":{"line":27,"column":3}},{"start":{"line":24,"column":9},"end":{"line":27,"column":3}}],"line":20},"1":{"loc":{"start":{"line":32,"column":2},"end":{"line":44,"column":3}},"type":"if","locations":[{"start":{"line":32,"column":2},"end":{"line":44,"column":3}},{"start":{"line":34,"column":9},"end":{"line":44,"column":3}}],"line":32},"2":{"loc":{"start":{"line":32,"column":6},"end":{"line":32,"column":32}},"type":"binary-expr","locations":[{"start":{"line":32,"column":6},"end":{"line":32,"column":17}},{"start":{"line":32,"column":21},"end":{"line":32,"column":32}}],"line":32},"3":{"loc":{"start":{"line":34,"column":9},"end":{"line":44,"column":3}},"type":"if","locations":[{"start":{"line":34,"column":9},"end":{"line":44,"column":3}},{"start":{"line":36,"column":9},"end":{"line":44,"column":3}}],"line":34},"4":{"loc":{"start":{"line":34,"column":13},"end":{"line":34,"column":40}},"type":"binary-expr","locations":[{"start":{"line":34,"column":13},"end":{"line":34,"column":25}},{"start":{"line":34,"column":29},"end":{"line":34,"column":40}}],"line":34},"5":{"loc":{"start":{"line":36,"column":9},"end":{"line":44,"column":3}},"type":"if","locations":[{"start":{"line":36,"column":9},"end":{"line":44,"column":3}},{"start":{"line":38,"column":9},"end":{"line":44,"column":3}}],"line":36},"6":{"loc":{"start":{"line":36,"column":13},"end":{"line":36,"column":40}},"type":"binary-expr","locations":[{"start":{"line":36,"column":13},"end":{"line":36,"column":25}},{"start":{"line":36,"column":29},"end":{"line":36,"column":40}}],"line":36},"7":{"loc":{"start":{"line":38,"column":9},"end":{"line":44,"column":3}},"type":"if","locations":[{"start":{"line":38,"column":9},"end":{"line":44,"column":3}},{"start":{"line":40,"column":9},"end":{"line":44,"column":3}}],"line":38},"8":{"loc":{"start":{"line":38,"column":13},"end":{"line":38,"column":41}},"type":"binary-expr","locations":[{"start":{"line":38,"column":13},"end":{"line":38,"column":25}},{"start":{"line":38,"column":29},"end":{"line":38,"column":41}}],"line":38},"9":{"loc":{"start":{"line":40,"column":9},"end":{"line":44,"column":3}},"type":"if","locations":[{"start":{"line":40,"column":9},"end":{"line":44,"column":3}},{"start":{"line":42,"column":9},"end":{"line":44,"column":3}}],"line":40},"10":{"loc":{"start":{"line":64,"column":4},"end":{"line":83,"column":5}},"type":"if","locations":[{"start":{"line":64,"column":4},"end":{"line":83,"column":5}},{"start":{"line":81,"column":11},"end":{"line":83,"column":5}}],"line":64},"11":{"loc":{"start":{"line":64,"column":8},"end":{"line":64,"column":33}},"type":"binary-expr","locations":[{"start":{"line":64,"column":8},"end":{"line":64,"column":16}},{"start":{"line":64,"column":20},"end":{"line":64,"column":33}}],"line":64},"12":{"loc":{"start":{"line":137,"column":4},"end":{"line":147,"column":5}},"type":"if","locations":[{"start":{"line":137,"column":4},"end":{"line":147,"column":5}},{"start":{},"end":{}}],"line":137},"13":{"loc":{"start":{"line":152,"column":7},"end":{"line":222,"column":7}},"type":"cond-expr","locations":[{"start":{"line":153,"column":8},"end":{"line":159,"column":15}},{"start":{"line":161,"column":8},"end":{"line":221,"column":31}}],"line":152},"14":{"loc":{"start":{"line":163,"column":20},"end":{"line":163,"column":65}},"type":"cond-expr","locations":[{"start":{"line":163,"column":44},"end":{"line":163,"column":53}},{"start":{"line":163,"column":56},"end":{"line":163,"column":65}}],"line":163},"15":{"loc":{"start":{"line":164,"column":34},"end":{"line":164,"column":66}},"type":"cond-expr","locations":[{"start":{"line":164,"column":58},"end":{"line":164,"column":59}},{"start":{"line":164,"column":62},"end":{"line":164,"column":66}}],"line":164}},"s":{"0":0,"1":0,"2":0,"3":0,"4":0,"5":0,"6":0,"7":0,"8":0,"9":0,"10":0,"11":0,"12":0,"13":0,"14":0,"15":0,"16":0,"17":0,"18":0,"19":0,"20":0,"21":0,"22":0,"23":0,"24":0,"25":0,"26":0,"27":0,"28":0,"29":0,"30":0,"31":0,"32":0,"33":0,"34":0,"35":0,"36":0,"37":0,"38":0,"39":0,"40":0,"41":0,"42":0,"43":0,"44":0,"45":0,"46":0,"47":0,"48":0,"49":0,"50":0,"51":0,"52":0,"53":0,"54":0,"55":0,"56":0,"57":0,"58":0,"59":0,"60":0,"61":0,"62":0,"63":0,"64":0,"65":0,"66":0,"67":0,"68":0},"f":{"0":0,"1":0,"2":0,"3":0,"4":0,"5":0,"6":0,"7":0,"8":0,"9":0,"10":0},"b":{"0":[0,0],"1":[0,0],"2":[0,0],"3":[0,0],"4":[0,0],"5":[0,0],"6":[0,0],"7":[0,0],"8":[0,0],"9":[0,0],"10":[0,0],"11":[0,0],"12":[0,0],"13":[0,0],"14":[0,0],"15":[0,0]}}
,"C:\\Users\\Abdullah Karolia\\Desktop\\Praktyk\\praktyk\\pages\\GrammarSTOMPI.js": {"path":"C:\\Users\\Abdullah Karolia\\Desktop\\Praktyk\\praktyk\\pages\\GrammarSTOMPI.js","statementMap":{"0":{"start":{"line":15,"column":15},"end":{"line":17,"column":3}},"1":{"start":{"line":19,"column":2},"end":{"line":56,"column":3}},"2":{"start":{"line":20,"column":21},"end":{"line":29,"column":5}},"3":{"start":{"line":31,"column":4},"end":{"line":52,"column":5}},"4":{"start":{"line":32,"column":19},"end":{"line":32,"column":32}},"5":{"start":{"line":35,"column":27},"end":{"line":35,"column":39}},"6":{"start":{"line":38,"column":18},"end":{"line":38,"column":20}},"7":{"start":{"line":39,"column":6},"end":{"line":41,"column":7}},"8":{"start":{"line":39,"column":19},"end":{"line":39,"column":20}},"9":{"start":{"line":40,"column":8},"end":{"line":40,"column":47}},"10":{"start":{"line":44,"column":6},"end":{"line":47,"column":7}},"11":{"start":{"line":44,"column":19},"end":{"line":44,"column":35}},"12":{"start":{"line":45,"column":18},"end":{"line":45,"column":53}},"13":{"start":{"line":46,"column":8},"end":{"line":46,"column":52}},"14":{"start":{"line":49,"column":6},"end":{"line":49,"column":19}},"15":{"start":{"line":51,"column":6},"end":{"line":51,"column":62}},"16":{"start":{"line":54,"column":4},"end":{"line":54,"column":43}},"17":{"start":{"line":60,"column":25},"end":{"line":60,"column":33}},"18":{"start":{"line":61,"column":50},"end":{"line":61,"column":65}},"19":{"start":{"line":62,"column":44},"end":{"line":62,"column":56}},"20":{"start":{"line":63,"column":24},"end":{"line":63,"column":36}},"21":{"start":{"line":64,"column":24},"end":{"line":64,"column":39}},"22":{"start":{"line":65,"column":34},"end":{"line":65,"column":49}},"23":{"start":{"line":66,"column":40},"end":{"line":66,"column":52}},"24":{"start":{"line":67,"column":36},"end":{"line":67,"column":50}},"25":{"start":{"line":68,"column":44},"end":{"line":68,"column":56}},"26":{"start":{"line":69,"column":44},"end":{"line":69,"column":56}},"27":{"start":{"line":70,"column":38},"end":{"line":70,"column":50}},"28":{"start":{"line":71,"column":42},"end":{"line":71,"column":53}},"29":{"start":{"line":73,"column":20},"end":{"line":73,"column":21}},"30":{"start":{"line":76,"column":23},"end":{"line":83,"column":3}},"31":{"start":{"line":77,"column":21},"end":{"line":77,"column":31}},"32":{"start":{"line":78,"column":4},"end":{"line":81,"column":5}},"33":{"start":{"line":78,"column":17},"end":{"line":78,"column":36}},"34":{"start":{"line":79,"column":16},"end":{"line":79,"column":51}},"35":{"start":{"line":80,"column":6},"end":{"line":80,"column":62}},"36":{"start":{"line":82,"column":4},"end":{"line":82,"column":20}},"37":{"start":{"line":86,"column":21},"end":{"line":95,"column":3}},"38":{"start":{"line":87,"column":4},"end":{"line":94,"column":5}},"39":{"start":{"line":88,"column":21},"end":{"line":88,"column":53}},"40":{"start":{"line":89,"column":6},"end":{"line":89,"column":29}},"41":{"start":{"line":90,"column":6},"end":{"line":90,"column":26}},"42":{"start":{"line":92,"column":6},"end":{"line":92,"column":52}},"43":{"start":{"line":93,"column":6},"end":{"line":93,"column":26}},"44":{"start":{"line":98,"column":2},"end":{"line":100,"column":18}},"45":{"start":{"line":99,"column":4},"end":{"line":99,"column":17}},"46":{"start":{"line":102,"column":2},"end":{"line":109,"column":20}},"47":{"start":{"line":104,"column":4},"end":{"line":108,"column":5}},"48":{"start":{"line":105,"column":6},"end":{"line":105,"column":50}},"49":{"start":{"line":106,"column":6},"end":{"line":106,"column":64}},"50":{"start":{"line":107,"column":6},"end":{"line":107,"column":72}},"51":{"start":{"line":111,"column":25},"end":{"line":141,"column":3}},"52":{"start":{"line":113,"column":4},"end":{"line":116,"column":5}},"53":{"start":{"line":114,"column":6},"end":{"line":114,"column":46}},"54":{"start":{"line":115,"column":6},"end":{"line":115,"column":13}},"55":{"start":{"line":122,"column":21},"end":{"line":122,"column":69}},"56":{"start":{"line":123,"column":18},"end":{"line":123,"column":20}},"57":{"start":{"line":124,"column":4},"end":{"line":127,"column":5}},"58":{"start":{"line":124,"column":17},"end":{"line":124,"column":18}},"59":{"start":{"line":125,"column":6},"end":{"line":125,"column":51}},"60":{"start":{"line":130,"column":4},"end":{"line":134,"column":5}},"61":{"start":{"line":132,"column":6},"end":{"line":132,"column":58}},"62":{"start":{"line":133,"column":6},"end":{"line":133,"column":13}},"63":{"start":{"line":136,"column":4},"end":{"line":136,"column":31}},"64":{"start":{"line":138,"column":4},"end":{"line":138,"column":25}},"65":{"start":{"line":139,"column":4},"end":{"line":139,"column":22}},"66":{"start":{"line":143,"column":30},"end":{"line":161,"column":3}},"67":{"start":{"line":144,"column":28},"end":{"line":148,"column":21}},"68":{"start":{"line":150,"column":24},"end":{"line":154,"column":14}},"69":{"start":{"line":156,"column":18},"end":{"line":156,"column":78}},"70":{"start":{"line":160,"column":4},"end":{"line":160,"column":51}},"71":{"start":{"line":163,"column":2},"end":{"line":302,"column":4}},"72":{"start":{"line":199,"column":57},"end":{"line":199,"column":59}},"73":{"start":{"line":206,"column":16},"end":{"line":209,"column":18}},"74":{"start":{"line":212,"column":16},"end":{"line":212,"column":68}},"75":{"start":{"line":215,"column":16},"end":{"line":219,"column":18}},"76":{"start":{"line":229,"column":18},"end":{"line":229,"column":66}},"77":{"start":{"line":230,"column":16},"end":{"line":230,"column":43}},"78":{"start":{"line":231,"column":16},"end":{"line":231,"column":33}},"79":{"start":{"line":247,"column":16},"end":{"line":249,"column":18}},"80":{"start":{"line":248,"column":33},"end":{"line":248,"column":69}},"81":{"start":{"line":252,"column":16},"end":{"line":252,"column":37}},"82":{"start":{"line":255,"column":16},"end":{"line":255,"column":35}},"83":{"start":{"line":257,"column":16},"end":{"line":259,"column":18}},"84":{"start":{"line":260,"column":16},"end":{"line":264,"column":18}},"85":{"start":{"line":265,"column":16},"end":{"line":269,"column":18}},"86":{"start":{"line":305,"column":15},"end":{"line":327,"column":2}}},"fnMap":{"0":{"name":"getGrammarWords","decl":{"start":{"line":14,"column":15},"end":{"line":14,"column":30}},"loc":{"start":{"line":14,"column":42},"end":{"line":57,"column":1}},"line":14},"1":{"name":"GrammarSTOMPI","decl":{"start":{"line":59,"column":24},"end":{"line":59,"column":37}},"loc":{"start":{"line":59,"column":45},"end":{"line":303,"column":1}},"line":59},"2":{"name":"(anonymous_2)","decl":{"start":{"line":76,"column":23},"end":{"line":76,"column":24}},"loc":{"start":{"line":76,"column":34},"end":{"line":83,"column":3}},"line":76},"3":{"name":"(anonymous_3)","decl":{"start":{"line":86,"column":21},"end":{"line":86,"column":22}},"loc":{"start":{"line":86,"column":33},"end":{"line":95,"column":3}},"line":86},"4":{"name":"(anonymous_4)","decl":{"start":{"line":98,"column":12},"end":{"line":98,"column":13}},"loc":{"start":{"line":98,"column":18},"end":{"line":100,"column":3}},"line":98},"5":{"name":"(anonymous_5)","decl":{"start":{"line":102,"column":12},"end":{"line":102,"column":13}},"loc":{"start":{"line":102,"column":18},"end":{"line":109,"column":3}},"line":102},"6":{"name":"(anonymous_6)","decl":{"start":{"line":111,"column":25},"end":{"line":111,"column":26}},"loc":{"start":{"line":111,"column":31},"end":{"line":141,"column":3}},"line":111},"7":{"name":"(anonymous_7)","decl":{"start":{"line":143,"column":30},"end":{"line":143,"column":31}},"loc":{"start":{"line":143,"column":41},"end":{"line":161,"column":3}},"line":143},"8":{"name":"(anonymous_8)","decl":{"start":{"line":198,"column":22},"end":{"line":198,"column":23}},"loc":{"start":{"line":198,"column":30},"end":{"line":204,"column":15}},"line":198},"9":{"name":"(anonymous_9)","decl":{"start":{"line":205,"column":26},"end":{"line":205,"column":27}},"loc":{"start":{"line":206,"column":16},"end":{"line":209,"column":18}},"line":206},"10":{"name":"(anonymous_10)","decl":{"start":{"line":211,"column":33},"end":{"line":211,"column":34}},"loc":{"start":{"line":212,"column":16},"end":{"line":212,"column":68}},"line":212},"11":{"name":"(anonymous_11)","decl":{"start":{"line":214,"column":27},"end":{"line":214,"column":28}},"loc":{"start":{"line":215,"column":16},"end":{"line":219,"column":18}},"line":215},"12":{"name":"(anonymous_12)","decl":{"start":{"line":227,"column":23},"end":{"line":227,"column":24}},"loc":{"start":{"line":227,"column":29},"end":{"line":238,"column":15}},"line":227},"13":{"name":"(anonymous_13)","decl":{"start":{"line":245,"column":23},"end":{"line":245,"column":24}},"loc":{"start":{"line":245,"column":29},"end":{"line":270,"column":15}},"line":245},"14":{"name":"(anonymous_14)","decl":{"start":{"line":248,"column":18},"end":{"line":248,"column":19}},"loc":{"start":{"line":248,"column":33},"end":{"line":248,"column":69}},"line":248}},"branchMap":{"0":{"loc":{"start":{"line":31,"column":4},"end":{"line":52,"column":5}},"type":"if","locations":[{"start":{"line":31,"column":4},"end":{"line":52,"column":5}},{"start":{"line":50,"column":11},"end":{"line":52,"column":5}}],"line":31},"1":{"loc":{"start":{"line":31,"column":8},"end":{"line":31,"column":33}},"type":"binary-expr","locations":[{"start":{"line":31,"column":8},"end":{"line":31,"column":16}},{"start":{"line":31,"column":20},"end":{"line":31,"column":33}}],"line":31},"2":{"loc":{"start":{"line":104,"column":4},"end":{"line":108,"column":5}},"type":"if","locations":[{"start":{"line":104,"column":4},"end":{"line":108,"column":5}},{"start":{},"end":{}}],"line":104},"3":{"loc":{"start":{"line":113,"column":4},"end":{"line":116,"column":5}},"type":"if","locations":[{"start":{"line":113,"column":4},"end":{"line":116,"column":5}},{"start":{},"end":{}}],"line":113},"4":{"loc":{"start":{"line":122,"column":21},"end":{"line":122,"column":69}},"type":"binary-expr","locations":[{"start":{"line":122,"column":21},"end":{"line":122,"column":63}},{"start":{"line":122,"column":67},"end":{"line":122,"column":69}}],"line":122},"5":{"loc":{"start":{"line":130,"column":4},"end":{"line":134,"column":5}},"type":"if","locations":[{"start":{"line":130,"column":4},"end":{"line":134,"column":5}},{"start":{},"end":{}}],"line":130},"6":{"loc":{"start":{"line":144,"column":28},"end":{"line":148,"column":21}},"type":"cond-expr","locations":[{"start":{"line":145,"column":8},"end":{"line":147,"column":15}},{"start":{"line":148,"column":8},"end":{"line":148,"column":21}}],"line":144},"7":{"loc":{"start":{"line":145,"column":8},"end":{"line":147,"column":15}},"type":"cond-expr","locations":[{"start":{"line":146,"column":10},"end":{"line":146,"column":17}},{"start":{"line":147,"column":10},"end":{"line":147,"column":15}}],"line":145},"8":{"loc":{"start":{"line":150,"column":24},"end":{"line":154,"column":14}},"type":"cond-expr","locations":[{"start":{"line":151,"column":8},"end":{"line":153,"column":15}},{"start":{"line":154,"column":8},"end":{"line":154,"column":14}}],"line":150},"9":{"loc":{"start":{"line":151,"column":8},"end":{"line":153,"column":15}},"type":"cond-expr","locations":[{"start":{"line":152,"column":10},"end":{"line":152,"column":17}},{"start":{"line":153,"column":10},"end":{"line":153,"column":15}}],"line":151},"10":{"loc":{"start":{"line":156,"column":18},"end":{"line":156,"column":78}},"type":"cond-expr","locations":[{"start":{"line":156,"column":30},"end":{"line":156,"column":67}},{"start":{"line":156,"column":71},"end":{"line":156,"column":78}}],"line":156},"11":{"loc":{"start":{"line":156,"column":30},"end":{"line":156,"column":67}},"type":"cond-expr","locations":[{"start":{"line":156,"column":50},"end":{"line":156,"column":57}},{"start":{"line":156,"column":60},"end":{"line":156,"column":67}}],"line":156},"12":{"loc":{"start":{"line":165,"column":7},"end":{"line":300,"column":7}},"type":"cond-expr","locations":[{"start":{"line":166,"column":8},"end":{"line":172,"column":15}},{"start":{"line":175,"column":8},"end":{"line":299,"column":15}}],"line":165},"13":{"loc":{"start":{"line":229,"column":18},"end":{"line":229,"column":66}},"type":"binary-expr","locations":[{"start":{"line":229,"column":18},"end":{"line":229,"column":60}},{"start":{"line":229,"column":64},"end":{"line":229,"column":66}}],"line":229}},"s":{"0":0,"1":0,"2":0,"3":0,"4":0,"5":0,"6":0,"7":0,"8":0,"9":0,"10":0,"11":0,"12":0,"13":0,"14":0,"15":0,"16":0,"17":0,"18":0,"19":0,"20":0,"21":0,"22":0,"23":0,"24":0,"25":0,"26":0,"27":0,"28":0,"29":0,"30":0,"31":0,"32":0,"33":0,"34":0,"35":0,"36":0,"37":0,"38":0,"39":0,"40":0,"41":0,"42":0,"43":0,"44":0,"45":0,"46":0,"47":0,"48":0,"49":0,"50":0,"51":0,"52":0,"53":0,"54":0,"55":0,"56":0,"57":0,"58":0,"59":0,"60":0,"61":0,"62":0,"63":0,"64":0,"65":0,"66":0,"67":0,"68":0,"69":0,"70":0,"71":0,"72":0,"73":0,"74":0,"75":0,"76":0,"77":0,"78":0,"79":0,"80":0,"81":0,"82":0,"83":0,"84":0,"85":0,"86":0},"f":{"0":0,"1":0,"2":0,"3":0,"4":0,"5":0,"6":0,"7":0,"8":0,"9":0,"10":0,"11":0,"12":0,"13":0,"14":0},"b":{"0":[0,0],"1":[0,0],"2":[0,0],"3":[0,0],"4":[0,0],"5":[0,0],"6":[0,0],"7":[0,0],"8":[0,0],"9":[0,0],"10":[0,0],"11":[0,0],"12":[0,0],"13":[0,0]}}
,"C:\\Users\\Abdullah Karolia\\Desktop\\Praktyk\\praktyk\\pages\\GrammarTenses.js": {"path":"C:\\Users\\Abdullah Karolia\\Desktop\\Praktyk\\praktyk\\pages\\GrammarTenses.js","statementMap":{"0":{"start":{"line":20,"column":2},"end":{"line":27,"column":3}},"1":{"start":{"line":21,"column":23},"end":{"line":21,"column":51}},"2":{"start":{"line":22,"column":4},"end":{"line":22,"column":36}},"3":{"start":{"line":23,"column":4},"end":{"line":23,"column":45}},"4":{"start":{"line":26,"column":4},"end":{"line":26,"column":27}},"5":{"start":{"line":32,"column":2},"end":{"line":44,"column":3}},"6":{"start":{"line":33,"column":4},"end":{"line":33,"column":20}},"7":{"start":{"line":34,"column":9},"end":{"line":44,"column":3}},"8":{"start":{"line":35,"column":4},"end":{"line":35,"column":28}},"9":{"start":{"line":36,"column":9},"end":{"line":44,"column":3}},"10":{"start":{"line":37,"column":4},"end":{"line":37,"column":27}},"11":{"start":{"line":38,"column":9},"end":{"line":44,"column":3}},"12":{"start":{"line":39,"column":4},"end":{"line":39,"column":31}},"13":{"start":{"line":40,"column":9},"end":{"line":44,"column":3}},"14":{"start":{"line":41,"column":4},"end":{"line":41,"column":22}},"15":{"start":{"line":43,"column":4},"end":{"line":43,"column":14}},"16":{"start":{"line":48,"column":15},"end":{"line":50,"column":3}},"17":{"start":{"line":52,"column":2},"end":{"line":83,"column":3}},"18":{"start":{"line":53,"column":21},"end":{"line":62,"column":5}},"19":{"start":{"line":64,"column":4},"end":{"line":80,"column":5}},"20":{"start":{"line":65,"column":19},"end":{"line":65,"column":32}},"21":{"start":{"line":68,"column":22},"end":{"line":68,"column":34}},"22":{"start":{"line":71,"column":19},"end":{"line":71,"column":28}},"23":{"start":{"line":74,"column":21},"end":{"line":74,"column":32}},"24":{"start":{"line":77,"column":6},"end":{"line":77,"column":39}},"25":{"start":{"line":79,"column":6},"end":{"line":79,"column":62}},"26":{"start":{"line":82,"column":4},"end":{"line":82,"column":23}},"27":{"start":{"line":88,"column":22},"end":{"line":88,"column":36}},"28":{"start":{"line":91,"column":22},"end":{"line":91,"column":61}},"29":{"start":{"line":94,"column":24},"end":{"line":94,"column":53}},"30":{"start":{"line":96,"column":20},"end":{"line":96,"column":24}},"31":{"start":{"line":99,"column":2},"end":{"line":104,"column":3}},"32":{"start":{"line":100,"column":4},"end":{"line":100,"column":48}},"33":{"start":{"line":101,"column":4},"end":{"line":103,"column":5}},"34":{"start":{"line":102,"column":6},"end":{"line":102,"column":12}},"35":{"start":{"line":107,"column":17},"end":{"line":107,"column":21}},"36":{"start":{"line":108,"column":15},"end":{"line":108,"column":19}},"37":{"start":{"line":109,"column":14},"end":{"line":109,"column":18}},"38":{"start":{"line":111,"column":2},"end":{"line":123,"column":3}},"39":{"start":{"line":113,"column":6},"end":{"line":113,"column":38}},"40":{"start":{"line":114,"column":6},"end":{"line":114,"column":12}},"41":{"start":{"line":116,"column":6},"end":{"line":116,"column":35}},"42":{"start":{"line":117,"column":6},"end":{"line":117,"column":12}},"43":{"start":{"line":119,"column":6},"end":{"line":119,"column":37}},"44":{"start":{"line":120,"column":6},"end":{"line":120,"column":12}},"45":{"start":{"line":122,"column":6},"end":{"line":122,"column":12}},"46":{"start":{"line":125,"column":2},"end":{"line":140,"column":3}},"47":{"start":{"line":127,"column":6},"end":{"line":127,"column":36}},"48":{"start":{"line":128,"column":6},"end":{"line":128,"column":24}},"49":{"start":{"line":129,"column":6},"end":{"line":129,"column":12}},"50":{"start":{"line":131,"column":6},"end":{"line":131,"column":33}},"51":{"start":{"line":132,"column":6},"end":{"line":132,"column":21}},"52":{"start":{"line":133,"column":6},"end":{"line":133,"column":12}},"53":{"start":{"line":135,"column":6},"end":{"line":135,"column":35}},"54":{"start":{"line":136,"column":6},"end":{"line":136,"column":23}},"55":{"start":{"line":137,"column":6},"end":{"line":137,"column":12}},"56":{"start":{"line":139,"column":6},"end":{"line":139,"column":12}},"57":{"start":{"line":143,"column":2},"end":{"line":143,"column":37}},"58":{"start":{"line":147,"column":36},"end":{"line":147,"column":48}},"59":{"start":{"line":148,"column":50},"end":{"line":148,"column":61}},"60":{"start":{"line":149,"column":32},"end":{"line":149,"column":44}},"61":{"start":{"line":150,"column":50},"end":{"line":150,"column":62}},"62":{"start":{"line":151,"column":44},"end":{"line":151,"column":56}},"63":{"start":{"line":152,"column":48},"end":{"line":152,"column":60}},"64":{"start":{"line":153,"column":32},"end":{"line":153,"column":44}},"65":{"start":{"line":154,"column":48},"end":{"line":154,"column":60}},"66":{"start":{"line":155,"column":44},"end":{"line":155,"column":56}},"67":{"start":{"line":156,"column":50},"end":{"line":156,"column":65}},"68":{"start":{"line":159,"column":28},"end":{"line":163,"column":3}},"69":{"start":{"line":160,"column":17},"end":{"line":160,"column":39}},"70":{"start":{"line":161,"column":4},"end":{"line":161,"column":23}},"71":{"start":{"line":162,"column":4},"end":{"line":162,"column":78}},"72":{"start":{"line":165,"column":27},"end":{"line":168,"column":3}},"73":{"start":{"line":166,"column":4},"end":{"line":166,"column":21}},"74":{"start":{"line":170,"column":33},"end":{"line":176,"column":3}},"75":{"start":{"line":171,"column":38},"end":{"line":171,"column":61}},"76":{"start":{"line":172,"column":4},"end":{"line":172,"column":33}},"77":{"start":{"line":173,"column":4},"end":{"line":173,"column":27}},"78":{"start":{"line":174,"column":4},"end":{"line":174,"column":31}},"79":{"start":{"line":175,"column":4},"end":{"line":175,"column":30}},"80":{"start":{"line":179,"column":2},"end":{"line":181,"column":9}},"81":{"start":{"line":180,"column":4},"end":{"line":180,"column":29}},"82":{"start":{"line":183,"column":2},"end":{"line":197,"column":25}},"83":{"start":{"line":184,"column":4},"end":{"line":196,"column":5}},"84":{"start":{"line":186,"column":42},"end":{"line":190,"column":7}},"85":{"start":{"line":193,"column":6},"end":{"line":193,"column":35}},"86":{"start":{"line":194,"column":6},"end":{"line":194,"column":31}},"87":{"start":{"line":195,"column":6},"end":{"line":195,"column":24}},"88":{"start":{"line":199,"column":2},"end":{"line":275,"column":4}},"89":{"start":{"line":255,"column":52},"end":{"line":259,"column":17}},"90":{"start":{"line":262,"column":16},"end":{"line":262,"column":45}},"91":{"start":{"line":263,"column":16},"end":{"line":263,"column":41}},"92":{"start":{"line":264,"column":16},"end":{"line":264,"column":34}},"93":{"start":{"line":266,"column":16},"end":{"line":266,"column":39}},"94":{"start":{"line":267,"column":16},"end":{"line":267,"column":31}},"95":{"start":{"line":268,"column":16},"end":{"line":268,"column":35}},"96":{"start":{"line":278,"column":15},"end":{"line":291,"column":2}}},"fnMap":{"0":{"name":"calculateSimilarity","decl":{"start":{"line":19,"column":9},"end":{"line":19,"column":28}},"loc":{"start":{"line":19,"column":76},"end":{"line":28,"column":1}},"line":19},"1":{"name":"getMessage","decl":{"start":{"line":31,"column":9},"end":{"line":31,"column":19}},"loc":{"start":{"line":31,"column":28},"end":{"line":45,"column":1}},"line":31},"2":{"name":"getSentences","decl":{"start":{"line":47,"column":15},"end":{"line":47,"column":27}},"loc":{"start":{"line":47,"column":39},"end":{"line":84,"column":1}},"line":47},"3":{"name":"chooseQuestion","decl":{"start":{"line":86,"column":9},"end":{"line":86,"column":23}},"loc":{"start":{"line":86,"column":47},"end":{"line":144,"column":1}},"line":86},"4":{"name":"GrammarTenses","decl":{"start":{"line":146,"column":24},"end":{"line":146,"column":37}},"loc":{"start":{"line":146,"column":45},"end":{"line":276,"column":1}},"line":146},"5":{"name":"(anonymous_5)","decl":{"start":{"line":159,"column":28},"end":{"line":159,"column":29}},"loc":{"start":{"line":159,"column":39},"end":{"line":163,"column":3}},"line":159},"6":{"name":"(anonymous_6)","decl":{"start":{"line":165,"column":27},"end":{"line":165,"column":28}},"loc":{"start":{"line":165,"column":33},"end":{"line":168,"column":3}},"line":165},"7":{"name":"(anonymous_7)","decl":{"start":{"line":170,"column":33},"end":{"line":170,"column":34}},"loc":{"start":{"line":170,"column":45},"end":{"line":176,"column":3}},"line":170},"8":{"name":"(anonymous_8)","decl":{"start":{"line":179,"column":18},"end":{"line":179,"column":19}},"loc":{"start":{"line":179,"column":24},"end":{"line":181,"column":3}},"line":179},"9":{"name":"(anonymous_9)","decl":{"start":{"line":183,"column":18},"end":{"line":183,"column":19}},"loc":{"start":{"line":183,"column":24},"end":{"line":197,"column":3}},"line":183},"10":{"name":"(anonymous_10)","decl":{"start":{"line":254,"column":23},"end":{"line":254,"column":24}},"loc":{"start":{"line":254,"column":29},"end":{"line":269,"column":15}},"line":254}},"branchMap":{"0":{"loc":{"start":{"line":20,"column":2},"end":{"line":27,"column":3}},"type":"if","locations":[{"start":{"line":20,"column":2},"end":{"line":27,"column":3}},{"start":{"line":24,"column":9},"end":{"line":27,"column":3}}],"line":20},"1":{"loc":{"start":{"line":32,"column":2},"end":{"line":44,"column":3}},"type":"if","locations":[{"start":{"line":32,"column":2},"end":{"line":44,"column":3}},{"start":{"line":34,"column":9},"end":{"line":44,"column":3}}],"line":32},"2":{"loc":{"start":{"line":32,"column":6},"end":{"line":32,"column":32}},"type":"binary-expr","locations":[{"start":{"line":32,"column":6},"end":{"line":32,"column":17}},{"start":{"line":32,"column":21},"end":{"line":32,"column":32}}],"line":32},"3":{"loc":{"start":{"line":34,"column":9},"end":{"line":44,"column":3}},"type":"if","locations":[{"start":{"line":34,"column":9},"end":{"line":44,"column":3}},{"start":{"line":36,"column":9},"end":{"line":44,"column":3}}],"line":34},"4":{"loc":{"start":{"line":34,"column":13},"end":{"line":34,"column":40}},"type":"binary-expr","locations":[{"start":{"line":34,"column":13},"end":{"line":34,"column":25}},{"start":{"line":34,"column":29},"end":{"line":34,"column":40}}],"line":34},"5":{"loc":{"start":{"line":36,"column":9},"end":{"line":44,"column":3}},"type":"if","locations":[{"start":{"line":36,"column":9},"end":{"line":44,"column":3}},{"start":{"line":38,"column":9},"end":{"line":44,"column":3}}],"line":36},"6":{"loc":{"start":{"line":36,"column":13},"end":{"line":36,"column":40}},"type":"binary-expr","locations":[{"start":{"line":36,"column":13},"end":{"line":36,"column":25}},{"start":{"line":36,"column":29},"end":{"line":36,"column":40}}],"line":36},"7":{"loc":{"start":{"line":38,"column":9},"end":{"line":44,"column":3}},"type":"if","locations":[{"start":{"line":38,"column":9},"end":{"line":44,"column":3}},{"start":{"line":40,"column":9},"end":{"line":44,"column":3}}],"line":38},"8":{"loc":{"start":{"line":38,"column":13},"end":{"line":38,"column":41}},"type":"binary-expr","locations":[{"start":{"line":38,"column":13},"end":{"line":38,"column":25}},{"start":{"line":38,"column":29},"end":{"line":38,"column":41}}],"line":38},"9":{"loc":{"start":{"line":40,"column":9},"end":{"line":44,"column":3}},"type":"if","locations":[{"start":{"line":40,"column":9},"end":{"line":44,"column":3}},{"start":{"line":42,"column":9},"end":{"line":44,"column":3}}],"line":40},"10":{"loc":{"start":{"line":64,"column":4},"end":{"line":80,"column":5}},"type":"if","locations":[{"start":{"line":64,"column":4},"end":{"line":80,"column":5}},{"start":{"line":78,"column":11},"end":{"line":80,"column":5}}],"line":64},"11":{"loc":{"start":{"line":64,"column":8},"end":{"line":64,"column":33}},"type":"binary-expr","locations":[{"start":{"line":64,"column":8},"end":{"line":64,"column":16}},{"start":{"line":64,"column":20},"end":{"line":64,"column":33}}],"line":64},"12":{"loc":{"start":{"line":101,"column":4},"end":{"line":103,"column":5}},"type":"if","locations":[{"start":{"line":101,"column":4},"end":{"line":103,"column":5}},{"start":{},"end":{}}],"line":101},"13":{"loc":{"start":{"line":111,"column":2},"end":{"line":123,"column":3}},"type":"switch","locations":[{"start":{"line":112,"column":4},"end":{"line":114,"column":12}},{"start":{"line":115,"column":4},"end":{"line":117,"column":12}},{"start":{"line":118,"column":4},"end":{"line":120,"column":12}},{"start":{"line":121,"column":4},"end":{"line":122,"column":12}}],"line":111},"14":{"loc":{"start":{"line":125,"column":2},"end":{"line":140,"column":3}},"type":"switch","locations":[{"start":{"line":126,"column":4},"end":{"line":129,"column":12}},{"start":{"line":130,"column":4},"end":{"line":133,"column":12}},{"start":{"line":134,"column":4},"end":{"line":137,"column":12}},{"start":{"line":138,"column":4},"end":{"line":139,"column":12}}],"line":125},"15":{"loc":{"start":{"line":184,"column":4},"end":{"line":196,"column":5}},"type":"if","locations":[{"start":{"line":184,"column":4},"end":{"line":196,"column":5}},{"start":{},"end":{}}],"line":184},"16":{"loc":{"start":{"line":201,"column":7},"end":{"line":273,"column":7}},"type":"cond-expr","locations":[{"start":{"line":202,"column":8},"end":{"line":208,"column":15}},{"start":{"line":210,"column":8},"end":{"line":272,"column":31}}],"line":201},"17":{"loc":{"start":{"line":212,"column":20},"end":{"line":212,"column":65}},"type":"cond-expr","locations":[{"start":{"line":212,"column":44},"end":{"line":212,"column":53}},{"start":{"line":212,"column":56},"end":{"line":212,"column":65}}],"line":212},"18":{"loc":{"start":{"line":213,"column":34},"end":{"line":213,"column":66}},"type":"cond-expr","locations":[{"start":{"line":213,"column":58},"end":{"line":213,"column":59}},{"start":{"line":213,"column":62},"end":{"line":213,"column":66}}],"line":213}},"s":{"0":0,"1":0,"2":0,"3":0,"4":0,"5":0,"6":0,"7":0,"8":0,"9":0,"10":0,"11":0,"12":0,"13":0,"14":0,"15":0,"16":0,"17":0,"18":0,"19":0,"20":0,"21":0,"22":0,"23":0,"24":0,"25":0,"26":0,"27":0,"28":0,"29":0,"30":0,"31":0,"32":0,"33":0,"34":0,"35":0,"36":0,"37":0,"38":0,"39":0,"40":0,"41":0,"42":0,"43":0,"44":0,"45":0,"46":0,"47":0,"48":0,"49":0,"50":0,"51":0,"52":0,"53":0,"54":0,"55":0,"56":0,"57":0,"58":0,"59":0,"60":0,"61":0,"62":0,"63":0,"64":0,"65":0,"66":0,"67":0,"68":0,"69":0,"70":0,"71":0,"72":0,"73":0,"74":0,"75":0,"76":0,"77":0,"78":0,"79":0,"80":0,"81":0,"82":0,"83":0,"84":0,"85":0,"86":0,"87":0,"88":0,"89":0,"90":0,"91":0,"92":0,"93":0,"94":0,"95":0,"96":0},"f":{"0":0,"1":0,"2":0,"3":0,"4":0,"5":0,"6":0,"7":0,"8":0,"9":0,"10":0},"b":{"0":[0,0],"1":[0,0],"2":[0,0],"3":[0,0],"4":[0,0],"5":[0,0],"6":[0,0],"7":[0,0],"8":[0,0],"9":[0,0],"10":[0,0],"11":[0,0],"12":[0,0],"13":[0,0,0,0],"14":[0,0,0,0],"15":[0,0],"16":[0,0],"17":[0,0],"18":[0,0]}}
,"C:\\Users\\Abdullah Karolia\\Desktop\\Praktyk\\praktyk\\pages\\HomeScreen.js": {"path":"C:\\Users\\Abdullah Karolia\\Desktop\\Praktyk\\praktyk\\pages\\HomeScreen.js","statementMap":{"0":{"start":{"line":99,"column":30},"end":{"line":99,"column":45}},"1":{"start":{"line":100,"column":32},"end":{"line":100,"column":46}},"2":{"start":{"line":101,"column":28},"end":{"line":107,"column":4}},"3":{"start":{"line":111,"column":44},"end":{"line":111,"column":59}},"4":{"start":{"line":114,"column":28},"end":{"line":117,"column":3}},"5":{"start":{"line":115,"column":4},"end":{"line":115,"column":22}},"6":{"start":{"line":116,"column":4},"end":{"line":116,"column":27}},"7":{"start":{"line":126,"column":2},"end":{"line":195,"column":4}},"8":{"start":{"line":168,"column":16},"end":{"line":168,"column":84}},"9":{"start":{"line":176,"column":16},"end":{"line":176,"column":58}},"10":{"start":{"line":184,"column":16},"end":{"line":184,"column":61}},"11":{"start":{"line":199,"column":15},"end":{"line":258,"column":2}}},"fnMap":{"0":{"name":"HomeScreen","decl":{"start":{"line":97,"column":24},"end":{"line":97,"column":34}},"loc":{"start":{"line":97,"column":51},"end":{"line":196,"column":1}},"line":97},"1":{"name":"(anonymous_1)","decl":{"start":{"line":114,"column":28},"end":{"line":114,"column":29}},"loc":{"start":{"line":114,"column":39},"end":{"line":117,"column":3}},"line":114},"2":{"name":"(anonymous_2)","decl":{"start":{"line":166,"column":23},"end":{"line":166,"column":24}},"loc":{"start":{"line":166,"column":29},"end":{"line":169,"column":15}},"line":166},"3":{"name":"(anonymous_3)","decl":{"start":{"line":175,"column":23},"end":{"line":175,"column":24}},"loc":{"start":{"line":175,"column":29},"end":{"line":177,"column":15}},"line":175},"4":{"name":"(anonymous_4)","decl":{"start":{"line":183,"column":23},"end":{"line":183,"column":24}},"loc":{"start":{"line":183,"column":29},"end":{"line":185,"column":15}},"line":183}},"branchMap":{"0":{"loc":{"start":{"line":161,"column":9},"end":{"line":192,"column":9}},"type":"cond-expr","locations":[{"start":{"line":162,"column":10},"end":{"line":187,"column":17}},{"start":{"line":189,"column":10},"end":{"line":191,"column":17}}],"line":161}},"s":{"0":0,"1":0,"2":0,"3":0,"4":0,"5":0,"6":0,"7":0,"8":0,"9":0,"10":0,"11":0},"f":{"0":0,"1":0,"2":0,"3":0,"4":0},"b":{"0":[0,0]}}
,"C:\\Users\\Abdullah Karolia\\Desktop\\Praktyk\\praktyk\\pages\\LeaderboardScreen.js": {"path":"C:\\Users\\Abdullah Karolia\\Desktop\\Praktyk\\praktyk\\pages\\LeaderboardScreen.js","statementMap":{"0":{"start":{"line":11,"column":2},"end":{"line":33,"column":3}},"1":{"start":{"line":12,"column":21},"end":{"line":23,"column":5}},"2":{"start":{"line":25,"column":4},"end":{"line":29,"column":5}},"3":{"start":{"line":26,"column":6},"end":{"line":26,"column":27}},"4":{"start":{"line":28,"column":6},"end":{"line":28,"column":62}},"5":{"start":{"line":31,"column":4},"end":{"line":31,"column":43}},"6":{"start":{"line":36,"column":26},"end":{"line":179,"column":1}},"7":{"start":{"line":38,"column":48},"end":{"line":39,"column":4}},"8":{"start":{"line":41,"column":36},"end":{"line":41,"column":52}},"9":{"start":{"line":42,"column":40},"end":{"line":42,"column":56}},"10":{"start":{"line":43,"column":36},"end":{"line":43,"column":52}},"11":{"start":{"line":44,"column":36},"end":{"line":44,"column":50}},"12":{"start":{"line":46,"column":18},"end":{"line":46,"column":28}},"13":{"start":{"line":49,"column":26},"end":{"line":49,"column":71}},"14":{"start":{"line":51,"column":26},"end":{"line":64,"column":3}},"15":{"start":{"line":52,"column":21},"end":{"line":52,"column":57}},"16":{"start":{"line":53,"column":4},"end":{"line":53,"column":27}},"17":{"start":{"line":55,"column":23},"end":{"line":61,"column":6}},"18":{"start":{"line":56,"column":6},"end":{"line":60,"column":7}},"19":{"start":{"line":57,"column":8},"end":{"line":57,"column":33}},"20":{"start":{"line":59,"column":8},"end":{"line":59,"column":33}},"21":{"start":{"line":63,"column":4},"end":{"line":63,"column":35}},"22":{"start":{"line":66,"column":28},"end":{"line":79,"column":3}},"23":{"start":{"line":67,"column":21},"end":{"line":67,"column":59}},"24":{"start":{"line":68,"column":4},"end":{"line":68,"column":29}},"25":{"start":{"line":70,"column":23},"end":{"line":76,"column":6}},"26":{"start":{"line":71,"column":6},"end":{"line":75,"column":7}},"27":{"start":{"line":72,"column":8},"end":{"line":72,"column":47}},"28":{"start":{"line":74,"column":8},"end":{"line":74,"column":47}},"29":{"start":{"line":78,"column":4},"end":{"line":78,"column":35}},"30":{"start":{"line":81,"column":26},"end":{"line":94,"column":3}},"31":{"start":{"line":82,"column":21},"end":{"line":82,"column":57}},"32":{"start":{"line":83,"column":4},"end":{"line":83,"column":27}},"33":{"start":{"line":85,"column":23},"end":{"line":91,"column":6}},"34":{"start":{"line":86,"column":6},"end":{"line":90,"column":7}},"35":{"start":{"line":87,"column":8},"end":{"line":87,"column":43}},"36":{"start":{"line":89,"column":8},"end":{"line":89,"column":43}},"37":{"start":{"line":93,"column":4},"end":{"line":93,"column":35}},"38":{"start":{"line":100,"column":20},"end":{"line":116,"column":3}},"39":{"start":{"line":101,"column":4},"end":{"line":115,"column":5}},"40":{"start":{"line":103,"column":19},"end":{"line":103,"column":60}},"41":{"start":{"line":104,"column":28},"end":{"line":110,"column":9}},"42":{"start":{"line":104,"column":55},"end":{"line":110,"column":7}},"43":{"start":{"line":111,"column":6},"end":{"line":111,"column":40}},"44":{"start":{"line":112,"column":6},"end":{"line":112,"column":26}},"45":{"start":{"line":114,"column":6},"end":{"line":114,"column":51}},"46":{"start":{"line":118,"column":2},"end":{"line":120,"column":9}},"47":{"start":{"line":119,"column":4},"end":{"line":119,"column":16}},"48":{"start":{"line":122,"column":2},"end":{"line":178,"column":4}},"49":{"start":{"line":164,"column":6},"end":{"line":172,"column":13}},"50":{"start":{"line":181,"column":15},"end":{"line":233,"column":2}}},"fnMap":{"0":{"name":"fetchLeaderboardData","decl":{"start":{"line":10,"column":15},"end":{"line":10,"column":35}},"loc":{"start":{"line":10,"column":45},"end":{"line":34,"column":1}},"line":10},"1":{"name":"(anonymous_1)","decl":{"start":{"line":36,"column":26},"end":{"line":36,"column":27}},"loc":{"start":{"line":36,"column":32},"end":{"line":179,"column":1}},"line":36},"2":{"name":"(anonymous_2)","decl":{"start":{"line":51,"column":26},"end":{"line":51,"column":27}},"loc":{"start":{"line":51,"column":32},"end":{"line":64,"column":3}},"line":51},"3":{"name":"(anonymous_3)","decl":{"start":{"line":55,"column":49},"end":{"line":55,"column":50}},"loc":{"start":{"line":55,"column":59},"end":{"line":61,"column":5}},"line":55},"4":{"name":"(anonymous_4)","decl":{"start":{"line":66,"column":28},"end":{"line":66,"column":29}},"loc":{"start":{"line":66,"column":34},"end":{"line":79,"column":3}},"line":66},"5":{"name":"(anonymous_5)","decl":{"start":{"line":70,"column":49},"end":{"line":70,"column":50}},"loc":{"start":{"line":70,"column":59},"end":{"line":76,"column":5}},"line":70},"6":{"name":"(anonymous_6)","decl":{"start":{"line":81,"column":26},"end":{"line":81,"column":27}},"loc":{"start":{"line":81,"column":32},"end":{"line":94,"column":3}},"line":81},"7":{"name":"(anonymous_7)","decl":{"start":{"line":85,"column":49},"end":{"line":85,"column":50}},"loc":{"start":{"line":85,"column":59},"end":{"line":91,"column":5}},"line":85},"8":{"name":"(anonymous_8)","decl":{"start":{"line":100,"column":20},"end":{"line":100,"column":21}},"loc":{"start":{"line":100,"column":32},"end":{"line":116,"column":3}},"line":100},"9":{"name":"(anonymous_9)","decl":{"start":{"line":104,"column":37},"end":{"line":104,"column":38}},"loc":{"start":{"line":104,"column":55},"end":{"line":110,"column":7}},"line":104},"10":{"name":"(anonymous_10)","decl":{"start":{"line":118,"column":12},"end":{"line":118,"column":13}},"loc":{"start":{"line":118,"column":18},"end":{"line":120,"column":3}},"line":118},"11":{"name":"(anonymous_11)","decl":{"start":{"line":163,"column":27},"end":{"line":163,"column":28}},"loc":{"start":{"line":164,"column":6},"end":{"line":172,"column":13}},"line":164}},"branchMap":{"0":{"loc":{"start":{"line":25,"column":4},"end":{"line":29,"column":5}},"type":"if","locations":[{"start":{"line":25,"column":4},"end":{"line":29,"column":5}},{"start":{"line":27,"column":11},"end":{"line":29,"column":5}}],"line":25},"1":{"loc":{"start":{"line":25,"column":8},"end":{"line":25,"column":33}},"type":"binary-expr","locations":[{"start":{"line":25,"column":8},"end":{"line":25,"column":16}},{"start":{"line":25,"column":20},"end":{"line":25,"column":33}}],"line":25},"2":{"loc":{"start":{"line":49,"column":26},"end":{"line":49,"column":71}},"type":"binary-expr","locations":[{"start":{"line":49,"column":26},"end":{"line":49,"column":53}},{"start":{"line":49,"column":57},"end":{"line":49,"column":71}}],"line":49},"3":{"loc":{"start":{"line":52,"column":21},"end":{"line":52,"column":57}},"type":"cond-expr","locations":[{"start":{"line":52,"column":43},"end":{"line":52,"column":49}},{"start":{"line":52,"column":52},"end":{"line":52,"column":57}}],"line":52},"4":{"loc":{"start":{"line":56,"column":6},"end":{"line":60,"column":7}},"type":"if","locations":[{"start":{"line":56,"column":6},"end":{"line":60,"column":7}},{"start":{"line":58,"column":13},"end":{"line":60,"column":7}}],"line":56},"5":{"loc":{"start":{"line":67,"column":21},"end":{"line":67,"column":59}},"type":"cond-expr","locations":[{"start":{"line":67,"column":45},"end":{"line":67,"column":51}},{"start":{"line":67,"column":54},"end":{"line":67,"column":59}}],"line":67},"6":{"loc":{"start":{"line":71,"column":6},"end":{"line":75,"column":7}},"type":"if","locations":[{"start":{"line":71,"column":6},"end":{"line":75,"column":7}},{"start":{"line":73,"column":13},"end":{"line":75,"column":7}}],"line":71},"7":{"loc":{"start":{"line":82,"column":21},"end":{"line":82,"column":57}},"type":"cond-expr","locations":[{"start":{"line":82,"column":43},"end":{"line":82,"column":49}},{"start":{"line":82,"column":52},"end":{"line":82,"column":57}}],"line":82},"8":{"loc":{"start":{"line":86,"column":6},"end":{"line":90,"column":7}},"type":"if","locations":[{"start":{"line":86,"column":6},"end":{"line":90,"column":7}},{"start":{"line":88,"column":13},"end":{"line":90,"column":7}}],"line":86},"9":{"loc":{"start":{"line":124,"column":8},"end":{"line":176,"column":5}},"type":"cond-expr","locations":[{"start":{"line":125,"column":8},"end":{"line":131,"column":15}},{"start":{"line":133,"column":4},"end":{"line":175,"column":11}}],"line":124},"10":{"loc":{"start":{"line":138,"column":24},"end":{"line":138,"column":72}},"type":"cond-expr","locations":[{"start":{"line":138,"column":46},"end":{"line":138,"column":57}},{"start":{"line":138,"column":60},"end":{"line":138,"column":72}}],"line":138},"11":{"loc":{"start":{"line":145,"column":26},"end":{"line":145,"column":76}},"type":"cond-expr","locations":[{"start":{"line":145,"column":50},"end":{"line":145,"column":61}},{"start":{"line":145,"column":64},"end":{"line":145,"column":76}}],"line":145},"12":{"loc":{"start":{"line":151,"column":26},"end":{"line":151,"column":74}},"type":"cond-expr","locations":[{"start":{"line":151,"column":48},"end":{"line":151,"column":59}},{"start":{"line":151,"column":62},"end":{"line":151,"column":74}}],"line":151}},"s":{"0":0,"1":0,"2":0,"3":0,"4":0,"5":0,"6":0,"7":0,"8":0,"9":0,"10":0,"11":0,"12":0,"13":0,"14":0,"15":0,"16":0,"17":0,"18":0,"19":0,"20":0,"21":0,"22":0,"23":0,"24":0,"25":0,"26":0,"27":0,"28":0,"29":0,"30":0,"31":0,"32":0,"33":0,"34":0,"35":0,"36":0,"37":0,"38":0,"39":0,"40":0,"41":0,"42":0,"43":0,"44":0,"45":0,"46":0,"47":0,"48":0,"49":0,"50":0},"f":{"0":0,"1":0,"2":0,"3":0,"4":0,"5":0,"6":0,"7":0,"8":0,"9":0,"10":0,"11":0},"b":{"0":[0,0],"1":[0,0],"2":[0,0],"3":[0,0],"4":[0,0],"5":[0,0],"6":[0,0],"7":[0,0],"8":[0,0],"9":[0,0],"10":[0,0],"11":[0,0],"12":[0,0]}}
,"C:\\Users\\Abdullah Karolia\\Desktop\\Praktyk\\praktyk\\pages\\LiteratureCategories.js": {"path":"C:\\Users\\Abdullah Karolia\\Desktop\\Praktyk\\praktyk\\pages\\LiteratureCategories.js","statementMap":{"0":{"start":{"line":6,"column":2},"end":{"line":18,"column":4}},"1":{"start":{"line":14,"column":10},"end":{"line":14,"column":53}}},"fnMap":{"0":{"name":"LiteratureCategories","decl":{"start":{"line":5,"column":24},"end":{"line":5,"column":44}},"loc":{"start":{"line":5,"column":61},"end":{"line":19,"column":1}},"line":5},"1":{"name":"(anonymous_1)","decl":{"start":{"line":13,"column":17},"end":{"line":13,"column":18}},"loc":{"start":{"line":13,"column":23},"end":{"line":15,"column":9}},"line":13}},"branchMap":{},"s":{"0":0,"1":0},"f":{"0":0,"1":0},"b":{}}
,"C:\\Users\\Abdullah Karolia\\Desktop\\Praktyk\\praktyk\\pages\\LiteratureLearning.js": {"path":"C:\\Users\\Abdullah Karolia\\Desktop\\Praktyk\\praktyk\\pages\\LiteratureLearning.js","statementMap":{"0":{"start":{"line":6,"column":2},"end":{"line":12,"column":4}}},"fnMap":{"0":{"name":"LiteratureLearning","decl":{"start":{"line":5,"column":24},"end":{"line":5,"column":42}},"loc":{"start":{"line":5,"column":50},"end":{"line":13,"column":1}},"line":5}},"branchMap":{},"s":{"0":0},"f":{"0":0},"b":{}}
,"C:\\Users\\Abdullah Karolia\\Desktop\\Praktyk\\praktyk\\pages\\LoginScreen.js": {"path":"C:\\Users\\Abdullah Karolia\\Desktop\\Praktyk\\praktyk\\pages\\LoginScreen.js","statementMap":{"0":{"start":{"line":13,"column":21},"end":{"line":13,"column":36}},"1":{"start":{"line":14,"column":32},"end":{"line":14,"column":53}},"2":{"start":{"line":17,"column":28},"end":{"line":17,"column":46}},"3":{"start":{"line":18,"column":34},"end":{"line":18,"column":52}},"4":{"start":{"line":21,"column":38},"end":{"line":21,"column":59}},"5":{"start":{"line":22,"column":36},"end":{"line":22,"column":54}},"6":{"start":{"line":24,"column":19},"end":{"line":27,"column":3}},"7":{"start":{"line":29,"column":17},"end":{"line":69,"column":3}},"8":{"start":{"line":30,"column":4},"end":{"line":68,"column":5}},"9":{"start":{"line":31,"column":23},"end":{"line":40,"column":7}},"10":{"start":{"line":42,"column":6},"end":{"line":50,"column":7}},"11":{"start":{"line":43,"column":8},"end":{"line":46,"column":11}},"12":{"start":{"line":48,"column":8},"end":{"line":48,"column":28}},"13":{"start":{"line":49,"column":8},"end":{"line":49,"column":60}},"14":{"start":{"line":52,"column":6},"end":{"line":52,"column":24}},"15":{"start":{"line":53,"column":6},"end":{"line":67,"column":7}},"16":{"start":{"line":54,"column":8},"end":{"line":54,"column":28}},"17":{"start":{"line":55,"column":27},"end":{"line":55,"column":59}},"18":{"start":{"line":58,"column":8},"end":{"line":58,"column":65}},"19":{"start":{"line":61,"column":8},"end":{"line":61,"column":62}},"20":{"start":{"line":63,"column":8},"end":{"line":63,"column":35}},"21":{"start":{"line":65,"column":8},"end":{"line":65,"column":28}},"22":{"start":{"line":66,"column":8},"end":{"line":66,"column":60}},"23":{"start":{"line":73,"column":4},"end":{"line":73,"column":21}},"24":{"start":{"line":75,"column":4},"end":{"line":81,"column":5}},"25":{"start":{"line":77,"column":6},"end":{"line":77,"column":24}},"26":{"start":{"line":78,"column":6},"end":{"line":78,"column":26}},"27":{"start":{"line":79,"column":6},"end":{"line":79,"column":56}},"28":{"start":{"line":80,"column":6},"end":{"line":80,"column":13}},"29":{"start":{"line":84,"column":4},"end":{"line":84,"column":21}},"30":{"start":{"line":87,"column":2},"end":{"line":131,"column":4}},"31":{"start":{"line":103,"column":31},"end":{"line":103,"column":63}},"32":{"start":{"line":109,"column":31},"end":{"line":109,"column":66}},"33":{"start":{"line":117,"column":25},"end":{"line":117,"column":38}},"34":{"start":{"line":125,"column":12},"end":{"line":125,"column":33}},"35":{"start":{"line":134,"column":15},"end":{"line":154,"column":2}}},"fnMap":{"0":{"name":"LoginScreen","decl":{"start":{"line":11,"column":24},"end":{"line":11,"column":35}},"loc":{"start":{"line":11,"column":43},"end":{"line":132,"column":1}},"line":11},"1":{"name":"(anonymous_1)","decl":{"start":{"line":29,"column":17},"end":{"line":29,"column":18}},"loc":{"start":{"line":29,"column":37},"end":{"line":69,"column":3}},"line":29},"2":{"name":"handleLogin","decl":{"start":{"line":72,"column":11},"end":{"line":72,"column":22}},"loc":{"start":{"line":72,"column":25},"end":{"line":85,"column":3}},"line":72},"3":{"name":"(anonymous_3)","decl":{"start":{"line":103,"column":20},"end":{"line":103,"column":21}},"loc":{"start":{"line":103,"column":31},"end":{"line":103,"column":63}},"line":103},"4":{"name":"(anonymous_4)","decl":{"start":{"line":109,"column":20},"end":{"line":109,"column":21}},"loc":{"start":{"line":109,"column":31},"end":{"line":109,"column":66}},"line":109},"5":{"name":"(anonymous_5)","decl":{"start":{"line":117,"column":19},"end":{"line":117,"column":20}},"loc":{"start":{"line":117,"column":25},"end":{"line":117,"column":38}},"line":117},"6":{"name":"(anonymous_6)","decl":{"start":{"line":124,"column":20},"end":{"line":124,"column":21}},"loc":{"start":{"line":124,"column":26},"end":{"line":126,"column":11}},"line":124}},"branchMap":{"0":{"loc":{"start":{"line":42,"column":6},"end":{"line":50,"column":7}},"type":"if","locations":[{"start":{"line":42,"column":6},"end":{"line":50,"column":7}},{"start":{"line":47,"column":13},"end":{"line":50,"column":7}}],"line":42},"1":{"loc":{"start":{"line":42,"column":10},"end":{"line":42,"column":35}},"type":"binary-expr","locations":[{"start":{"line":42,"column":10},"end":{"line":42,"column":18}},{"start":{"line":42,"column":22},"end":{"line":42,"column":35}}],"line":42},"2":{"loc":{"start":{"line":53,"column":6},"end":{"line":67,"column":7}},"type":"if","locations":[{"start":{"line":53,"column":6},"end":{"line":67,"column":7}},{"start":{"line":64,"column":13},"end":{"line":67,"column":7}}],"line":53},"3":{"loc":{"start":{"line":53,"column":10},"end":{"line":53,"column":47}},"type":"binary-expr","locations":[{"start":{"line":53,"column":10},"end":{"line":53,"column":24}},{"start":{"line":53,"column":28},"end":{"line":53,"column":47}}],"line":53},"4":{"loc":{"start":{"line":75,"column":4},"end":{"line":81,"column":5}},"type":"if","locations":[{"start":{"line":75,"column":4},"end":{"line":81,"column":5}},{"start":{},"end":{}}],"line":75},"5":{"loc":{"start":{"line":75,"column":8},"end":{"line":75,"column":27}},"type":"binary-expr","locations":[{"start":{"line":75,"column":8},"end":{"line":75,"column":14}},{"start":{"line":75,"column":18},"end":{"line":75,"column":27}}],"line":75}},"s":{"0":10,"1":10,"2":9,"3":9,"4":9,"5":9,"6":9,"7":9,"8":0,"9":0,"10":0,"11":0,"12":0,"13":0,"14":0,"15":0,"16":0,"17":0,"18":0,"19":0,"20":0,"21":0,"22":0,"23":3,"24":3,"25":3,"26":3,"27":3,"28":3,"29":0,"30":9,"31":0,"32":0,"33":3,"34":0,"35":1},"f":{"0":10,"1":0,"2":3,"3":0,"4":0,"5":3,"6":0},"b":{"0":[0,0],"1":[0,0],"2":[0,0],"3":[0,0],"4":[3,0],"5":[3,0]},"_coverageSchema":"1a1c01bbd47fc00a2c39e90264f33305004495a9","hash":"c59c312b502fffaf6ee8cc091db88d17e28daa11"}
,"C:\\Users\\Abdullah Karolia\\Desktop\\Praktyk\\praktyk\\pages\\RegisterScreen.js": {"path":"C:\\Users\\Abdullah Karolia\\Desktop\\Praktyk\\praktyk\\pages\\RegisterScreen.js","statementMap":{"0":{"start":{"line":12,"column":34},"end":{"line":12,"column":55}},"1":{"start":{"line":15,"column":30},"end":{"line":15,"column":48}},"2":{"start":{"line":16,"column":36},"end":{"line":16,"column":54}},"3":{"start":{"line":17,"column":36},"end":{"line":17,"column":54}},"4":{"start":{"line":18,"column":50},"end":{"line":18,"column":68}},"5":{"start":{"line":21,"column":40},"end":{"line":21,"column":61}},"6":{"start":{"line":22,"column":38},"end":{"line":22,"column":56}},"7":{"start":{"line":25,"column":21},"end":{"line":29,"column":5}},"8":{"start":{"line":31,"column":19},"end":{"line":69,"column":5}},"9":{"start":{"line":32,"column":6},"end":{"line":68,"column":7}},"10":{"start":{"line":33,"column":25},"end":{"line":42,"column":9}},"11":{"start":{"line":44,"column":8},"end":{"line":50,"column":9}},"12":{"start":{"line":45,"column":10},"end":{"line":45,"column":28}},"13":{"start":{"line":46,"column":10},"end":{"line":46,"column":39}},"14":{"start":{"line":48,"column":10},"end":{"line":48,"column":30}},"15":{"start":{"line":49,"column":10},"end":{"line":49,"column":71}},"16":{"start":{"line":52,"column":8},"end":{"line":52,"column":26}},"17":{"start":{"line":53,"column":8},"end":{"line":67,"column":9}},"18":{"start":{"line":54,"column":10},"end":{"line":54,"column":30}},"19":{"start":{"line":55,"column":29},"end":{"line":55,"column":61}},"20":{"start":{"line":58,"column":10},"end":{"line":58,"column":67}},"21":{"start":{"line":61,"column":10},"end":{"line":61,"column":64}},"22":{"start":{"line":63,"column":10},"end":{"line":63,"column":37}},"23":{"start":{"line":65,"column":10},"end":{"line":65,"column":30}},"24":{"start":{"line":66,"column":10},"end":{"line":66,"column":63}},"25":{"start":{"line":71,"column":24},"end":{"line":107,"column":5}},"26":{"start":{"line":72,"column":6},"end":{"line":106,"column":7}},"27":{"start":{"line":73,"column":25},"end":{"line":81,"column":9}},"28":{"start":{"line":83,"column":8},"end":{"line":88,"column":9}},"29":{"start":{"line":84,"column":10},"end":{"line":84,"column":31}},"30":{"start":{"line":86,"column":10},"end":{"line":86,"column":30}},"31":{"start":{"line":87,"column":10},"end":{"line":87,"column":71}},"32":{"start":{"line":90,"column":8},"end":{"line":90,"column":26}},"33":{"start":{"line":91,"column":8},"end":{"line":105,"column":9}},"34":{"start":{"line":92,"column":10},"end":{"line":92,"column":30}},"35":{"start":{"line":93,"column":29},"end":{"line":93,"column":61}},"36":{"start":{"line":96,"column":10},"end":{"line":96,"column":67}},"37":{"start":{"line":99,"column":10},"end":{"line":99,"column":64}},"38":{"start":{"line":101,"column":10},"end":{"line":101,"column":37}},"39":{"start":{"line":103,"column":10},"end":{"line":103,"column":30}},"40":{"start":{"line":104,"column":10},"end":{"line":104,"column":63}},"41":{"start":{"line":109,"column":30},"end":{"line":116,"column":5}},"42":{"start":{"line":110,"column":6},"end":{"line":114,"column":7}},"43":{"start":{"line":110,"column":19},"end":{"line":110,"column":20}},"44":{"start":{"line":111,"column":8},"end":{"line":113,"column":9}},"45":{"start":{"line":112,"column":10},"end":{"line":112,"column":22}},"46":{"start":{"line":115,"column":6},"end":{"line":115,"column":19}},"47":{"start":{"line":119,"column":6},"end":{"line":119,"column":23}},"48":{"start":{"line":120,"column":18},"end":{"line":120,"column":37}},"49":{"start":{"line":121,"column":6},"end":{"line":136,"column":7}},"50":{"start":{"line":122,"column":8},"end":{"line":122,"column":26}},"51":{"start":{"line":123,"column":8},"end":{"line":123,"column":28}},"52":{"start":{"line":124,"column":8},"end":{"line":124,"column":48}},"53":{"start":{"line":125,"column":8},"end":{"line":125,"column":15}},"54":{"start":{"line":126,"column":13},"end":{"line":136,"column":7}},"55":{"start":{"line":127,"column":8},"end":{"line":127,"column":26}},"56":{"start":{"line":128,"column":8},"end":{"line":128,"column":28}},"57":{"start":{"line":129,"column":8},"end":{"line":129,"column":51}},"58":{"start":{"line":130,"column":8},"end":{"line":130,"column":15}},"59":{"start":{"line":131,"column":13},"end":{"line":136,"column":7}},"60":{"start":{"line":132,"column":8},"end":{"line":132,"column":26}},"61":{"start":{"line":133,"column":8},"end":{"line":133,"column":28}},"62":{"start":{"line":134,"column":8},"end":{"line":134,"column":49}},"63":{"start":{"line":135,"column":8},"end":{"line":135,"column":15}},"64":{"start":{"line":137,"column":8},"end":{"line":137,"column":25}},"65":{"start":{"line":140,"column":4},"end":{"line":193,"column":4}},"66":{"start":{"line":155,"column":33},"end":{"line":155,"column":65}},"67":{"start":{"line":159,"column":33},"end":{"line":159,"column":68}},"68":{"start":{"line":164,"column":33},"end":{"line":164,"column":68}},"69":{"start":{"line":170,"column":33},"end":{"line":170,"column":75}},"70":{"start":{"line":177,"column":27},"end":{"line":177,"column":43}},"71":{"start":{"line":186,"column":12},"end":{"line":186,"column":33}},"72":{"start":{"line":196,"column":15},"end":{"line":219,"column":2}}},"fnMap":{"0":{"name":"RegisterScreen","decl":{"start":{"line":10,"column":24},"end":{"line":10,"column":38}},"loc":{"start":{"line":10,"column":55},"end":{"line":194,"column":1}},"line":10},"1":{"name":"(anonymous_1)","decl":{"start":{"line":31,"column":19},"end":{"line":31,"column":20}},"loc":{"start":{"line":31,"column":39},"end":{"line":69,"column":5}},"line":31},"2":{"name":"(anonymous_2)","decl":{"start":{"line":71,"column":24},"end":{"line":71,"column":25}},"loc":{"start":{"line":71,"column":36},"end":{"line":107,"column":5}},"line":71},"3":{"name":"(anonymous_3)","decl":{"start":{"line":109,"column":30},"end":{"line":109,"column":31}},"loc":{"start":{"line":109,"column":54},"end":{"line":116,"column":5}},"line":109},"4":{"name":"handleRegister","decl":{"start":{"line":118,"column":19},"end":{"line":118,"column":33}},"loc":{"start":{"line":118,"column":36},"end":{"line":138,"column":5}},"line":118},"5":{"name":"(anonymous_5)","decl":{"start":{"line":155,"column":22},"end":{"line":155,"column":23}},"loc":{"start":{"line":155,"column":33},"end":{"line":155,"column":65}},"line":155},"6":{"name":"(anonymous_6)","decl":{"start":{"line":159,"column":22},"end":{"line":159,"column":23}},"loc":{"start":{"line":159,"column":33},"end":{"line":159,"column":68}},"line":159},"7":{"name":"(anonymous_7)","decl":{"start":{"line":164,"column":22},"end":{"line":164,"column":23}},"loc":{"start":{"line":164,"column":33},"end":{"line":164,"column":68}},"line":164},"8":{"name":"(anonymous_8)","decl":{"start":{"line":170,"column":22},"end":{"line":170,"column":23}},"loc":{"start":{"line":170,"column":33},"end":{"line":170,"column":75}},"line":170},"9":{"name":"(anonymous_9)","decl":{"start":{"line":177,"column":21},"end":{"line":177,"column":22}},"loc":{"start":{"line":177,"column":27},"end":{"line":177,"column":43}},"line":177},"10":{"name":"(anonymous_10)","decl":{"start":{"line":185,"column":20},"end":{"line":185,"column":21}},"loc":{"start":{"line":185,"column":26},"end":{"line":187,"column":11}},"line":185}},"branchMap":{"0":{"loc":{"start":{"line":44,"column":8},"end":{"line":50,"column":9}},"type":"if","locations":[{"start":{"line":44,"column":8},"end":
[...]
tart":{"line":62,"column":21},"end":{"line":71,"column":5}},"16":{"start":{"line":73,"column":4},"end":{"line":82,"column":5}},"17":{"start":{"line":74,"column":19},"end":{"line":74,"column":32}},"18":{"start":{"line":75,"column":23},"end":{"line":75,"column":31}},"19":{"start":{"line":79,"column":6},"end":{"line":79,"column":22}},"20":{"start":{"line":81,"column":6},"end":{"line":81,"column":62}},"21":{"start":{"line":84,"column":4},"end":{"line":84,"column":43}},"22":{"start":{"line":90,"column":21},"end":{"line":90,"column":36}},"23":{"start":{"line":92,"column":44},"end":{"line":92,"column":70}},"24":{"start":{"line":93,"column":40},"end":{"line":93,"column":59}},"25":{"start":{"line":94,"column":34},"end":{"line":94,"column":46}},"26":{"start":{"line":95,"column":42},"end":{"line":95,"column":53}},"27":{"start":{"line":96,"column":40},"end":{"line":96,"column":55}},"28":{"start":{"line":97,"column":36},"end":{"line":97,"column":50}},"29":{"start":{"line":98,"column":46},"end":{"line":98,"column":60}},"30":{"start":{"line":99,"column":30},"end":{"line":99,"column":67}},"31":{"start":{"line":102,"column":16},"end":{"line":102,"column":26}},"32":{"start":{"line":105,"column":24},"end":{"line":105,"column":69}},"33":{"start":{"line":106,"column":25},"end":{"line":106,"column":70}},"34":{"start":{"line":111,"column":19},"end":{"line":119,"column":3}},"35":{"start":{"line":112,"column":4},"end":{"line":118,"column":5}},"36":{"start":{"line":113,"column":21},"end":{"line":113,"column":73}},"37":{"start":{"line":114,"column":6},"end":{"line":114,"column":26}},"38":{"start":{"line":115,"column":6},"end":{"line":115,"column":26}},"39":{"start":{"line":117,"column":6},"end":{"line":117,"column":52}},"40":{"start":{"line":127,"column":2},"end":{"line":129,"column":9}},"41":{"start":{"line":128,"column":4},"end":{"line":128,"column":15}},"42":{"start":{"line":132,"column":2},"end":{"line":138,"column":17}},"43":{"start":{"line":133,"column":4},"end":{"line":137,"column":5}},"44":{"start":{"line":135,"column":6},"end":{"line":135,"column":46}},"45":{"start":{"line":136,"column":6},"end":{"line":136,"column":42}},"46":{"start":{"line":143,"column":31},"end":{"line":150,"column":3}},"47":{"start":{"line":144,"column":4},"end":{"line":149,"column":5}},"48":{"start":{"line":145,"column":6},"end":{"line":145,"column":28}},"49":{"start":{"line":147,"column":6},"end":{"line":147,"column":27}},"50":{"start":{"line":148,"column":6},"end":{"line":148,"column":53}},"51":{"start":{"line":156,"column":26},"end":{"line":163,"column":3}},"52":{"start":{"line":157,"column":22},"end":{"line":157,"column":66}},"53":{"start":{"line":159,"column":4},"end":{"line":159,"column":31}},"54":{"start":{"line":160,"column":4},"end":{"line":160,"column":26}},"55":{"start":{"line":161,"column":4},"end":{"line":161,"column":52}},"56":{"start":{"line":162,"column":4},"end":{"line":162,"column":48}},"57":{"start":{"line":171,"column":26},"end":{"line":177,"column":3}},"58":{"start":{"line":172,"column":22},"end":{"line":172,"column":79}},"59":{"start":{"line":173,"column":4},"end":{"line":173,"column":31}},"60":{"start":{"line":174,"column":4},"end":{"line":174,"column":26}},"61":{"start":{"line":175,"column":4},"end":{"line":175,"column":52}},"62":{"start":{"line":176,"column":4},"end":{"line":176,"column":48}},"63":{"start":{"line":179,"column":2},"end":{"line":232,"column":4}},"64":{"start":{"line":235,"column":15},"end":{"line":319,"column":2}}},"fnMap":{"0":{"name":"fetchVocabWords","decl":{"start":{"line":18,"column":15},"end":{"line":18,"column":30}},"loc":{"start":{"line":18,"column":55},"end":{"line":53,"column":1}},"line":18},"1":{"name":"fetchImage","decl":{"start":{"line":56,"column":15},"end":{"line":56,"column":25}},"loc":{"start":{"line":56,"column":39},"end":{"line":87,"column":1}},"line":56},"2":{"name":"VocabQuestionWords","decl":{"start":{"line":89,"column":24},"end":{"line":89,"column":42}},"loc":{"start":{"line":89,"column":50},"end":{"line":233,"column":1}},"line":89},"3":{"name":"(anonymous_3)","decl":{"start":{"line":111,"column":19},"end":{"line":111,"column":20}},"loc":{"start":{"line":111,"column":31},"end":{"line":119,"column":3}},"line":111},"4":{"name":"(anonymous_4)","decl":{"start":{"line":127,"column":12},"end":{"line":127,"column":13}},"loc":{"start":{"line":127,"column":18},"end":{"line":129,"column":3}},"line":127},"5":{"name":"(anonymous_5)","decl":{"start":{"line":132,"column":12},"end":{"line":132,"column":13}},"loc":{"start":{"line":132,"column":18},"end":{"line":138,"column":3}},"line":132},"6":{"name":"(anonymous_6)","decl":{"start":{"line":143,"column":31},"end":{"line":143,"column":32}},"loc":{"start":{"line":143,"column":37},"end":{"line":150,"column":3}},"line":143},"7":{"name":"(anonymous_7)","decl":{"start":{"line":156,"column":26},"end":{"line":156,"column":27}},"loc":{"start":{"line":156,"column":32},"end":{"line":163,"column":3}},"line":156},"8":{"name":"(anonymous_8)","decl":{"start":{"line":171,"column":26},"end":{"line":171,"column":27}},"loc":{"start":{"line":171,"column":32},"end":{"line":177,"column":3}},"line":171}},"branchMap":{"0":{"loc":{"start":{"line":36,"column":4},"end":{"line":49,"column":5}},"type":"if","locations":[{"start":{"line":36,"column":4},"end":{"line":49,"column":5}},{"start":{"line":47,"column":11},"end":{"line":49,"column":5}}],"line":36},"1":{"loc":{"start":{"line":36,"column":8},"end":{"line":36,"column":65}},"type":"binary-expr","locations":[{"start":{"line":36,"column":8},"end":{"line":36,"column":16}},{"start":{"line":36,"column":20},"end":{"line":36,"column":33}},{"start":{"line":36,"column":37},"end":{"line":36,"column":65}}],"line":36},"2":{"loc":{"start":{"line":41,"column":8},"end":{"line":44,"column":9}},"type":"if","locations":[{"start":{"line":41,"column":8},"end":{"line":44,"column":9}},{"start":{},"end":{}}],"line":41},"3":{"loc":{"start":{"line":73,"column":4},"end":{"line":82,"column":5}},"type":"if","locations":[{"start":{"line":73,"column":4},"end":{"line":82,"column":5}},{"start":{"line":80,"column":11},"end":{"line":82,"column":5}}],"line":73},"4":{"loc":{"start":{"line":73,"column":8},"end":{"line":73,"column":33}},"type":"binary-expr","locations":[{"start":{"line":73,"column":8},"end":{"line":73,"column":16}},{"start":{"line":73,"column":20},"end":{"line":73,"column":33}}],"line":73},"5":{"loc":{"start":{"line":105,"column":24},"end":{"line":105,"column":69}},"type":"binary-expr","locations":[{"start":{"line":105,"column":24},"end":{"line":105,"column":51}},{"start":{"line":105,"column":55},"end":{"line":105,"column":69}}],"line":105},"6":{"loc":{"start":{"line":106,"column":25},"end":{"line":106,"column":70}},"type":"binary-expr","locations":[{"start":{"line":106,"column":25},"end":{"line":106,"column":53}},{"start":{"line":106,"column":56},"end":{"line":106,"column":70}}],"line":106},"7":{"loc":{"start":{"line":133,"column":4},"end":{"line":137,"column":5}},"type":"if","locations":[{"start":{"line":133,"column":4},"end":{"line":137,"column":5}},{"start":{},"end":{}}],"line":133},"8":{"loc":{"start":{"line":144,"column":4},"end":{"line":149,"column":5}},"type":"if","locations":[{"start":{"line":144,"column":4},"end":{"line":149,"column":5}},{"start":{"line":146,"column":11},"end":{"line":149,"column":5}}],"line":144},"9":{"loc":{"start":{"line":157,"column":22},"end":{"line":157,"column":66}},"type":"cond-expr","locations":[{"start":{"line":157,"column":46},"end":{"line":157,"column":62}},{"start":{"line":157,"column":65},"end":{"line":157,"column":66}}],"line":157},"10":{"loc":{"start":{"line":172,"column":22},"end":{"line":172,"column":79}},"type":"cond-expr","locations":[{"start":{"line":172,"column":59},"end":{"line":172,"column":75}},{"start":{"line":172,"column":78},"end":{"line":172,"column":79}}],"line":172},"11":{"loc":{"start":{"line":181,"column":7},"end":{"line":230,"column":7}},"type":"cond-expr","locations":[{"start":{"line":182,"column":8},"end":{"line":188,"column":15}},{"start":{"line":190,"column":8},"end":{"line":229,"column":15}}],"line":181},"12":{"loc":{"start":{"line":197,"column":13},"end":{"line":199,"column":13}},"type":"binary-expr","locations":[{"start":{"line":197,"column":13},"end":{"line":197,"column":24}},{"start":{"line":198,"column":14},"end":{"line":198,"column":51}}],"line":197},"13":{"loc":{"start":{"line":200,"column":13},"end":{"line":202,"column":13}},"type":"binary-expr","locations":[{"start":{"line":200,"column":13},"end":{"line":200,"column":24}},{"start":{"line":201,"column":14},"end":{"line":201,"column":67}}],"line":200},"14":{"loc":{"start":{"line":210,"column":15},"end":{"line":210,"column":57}},"type":"cond-expr","locations":[{"start":{"line":210,"column":29},"end":{"line":210,"column":43}},{"start":{"line":210,"column":46},"end":{"line":210,"column":57}}],"line":210}},"s":{"0":1,"1":1,"2":1,"3":1,"4":0,"5":0,"6":0,"7":0,"8":0,"9":0,"10":0,"11":1,"12":0,"13":0,"14":0,"15":0,"16":0,"17":0,"18":0,"19":0,"20":0,"21":0,"22":3,"23":3,"24":2,"25":2,"26":2,"27":2,"28":2,"29":2,"30":2,"31":2,"32":2,"33":2,"34":2,"35":1,"36":1,"37":1,"38":1,"39":1,"40":2,"41":1,"42":2,"43":2,"44":0,"45":0,"46":2,"47":0,"48":0,"49":0,"50":0,"51":2,"52":0,"53":0,"54":0,"55":0,"56":0,"57":2,"58":0,"59":0,"60":0,"61":0,"62":0,"63":2,"64":1},"f":{"0":1,"1":0,"2":3,"3":1,"4":1,"5":2,"6":0,"7":0,"8":0},"b":{"0":[0,1],"1":[1,0,0],"2":[0,0],"3":[0,0],"4":[0,0],"5":[2,0],"6":[2,2],"7":[0,1],"8":[0,0],"9":[0,0],"10":[0,0],"11":[2,0],"12":[0,0],"13":[0,0],"14":[0,0]},"_coverageSchema":"1a1c01bbd47fc00a2c39e90264f33305004495a9","hash":"4700e994243883c32642881922075162da3d192d"}
,"C:\\Users\\Abdullah Karolia\\Desktop\\Praktyk\\praktyk\\pages\\VocabSynonyms.js": {"path":"C:\\Users\\Abdullah Karolia\\Desktop\\Praktyk\\praktyk\\pages\\VocabSynonyms.js","statementMap":{"0":{"start":{"line":19,"column":15},"end":{"line":22,"column":3}},"1":{"start":{"line":24,"column":2},"end":{"line":52,"column":3}},"2":{"start":{"line":25,"column":21},"end":{"line":34,"column":5}},"3":{"start":{"line":36,"column":4},"end":{"line":49,"column":5}},"4":{"start":{"line":37,"column":23},"end":{"line":37,"column":45}},"5":{"start":{"line":38,"column":24},"end":{"line":38,"column":26}},"6":{"start":{"line":40,"column":6},"end":{"line":45,"column":7}},"7":{"start":{"line":41,"column":8},"end":{"line":44,"column":9}},"8":{"start":{"line":42,"column":32},"end":{"line":42,"column":53}},"9":{"start":{"line":43,"column":10},"end":{"line":43,"column":77}},"10":{"start":{"line":46,"column":6},"end":{"line":46,"column":23}},"11":{"start":{"line":48,"column":6},"end":{"line":48,"column":68}},"12":{"start":{"line":51,"column":4},"end":{"line":51,"column":43}},"13":{"start":{"line":56,"column":44},"end":{"line":56,"column":70}},"14":{"start":{"line":57,"column":40},"end":{"line":57,"column":59}},"15":{"start":{"line":58,"column":34},"end":{"line":58,"column":46}},"16":{"start":{"line":59,"column":42},"end":{"line":59,"column":53}},"17":{"start":{"line":60,"column":40},"end":{"line":60,"column":55}},"18":{"start":{"line":61,"column":36},"end":{"line":61,"column":50}},"19":{"start":{"line":62,"column":46},"end":{"line":62,"column":60}},"20":{"start":{"line":65,"column":16},"end":{"line":65,"column":26}},"21":{"start":{"line":68,"column":24},"end":{"line":68,"column":69}},"22":{"start":{"line":69,"column":19},"end":{"line":69,"column":59}},"23":{"start":{"line":74,"column":19},"end":{"line":82,"column":3}},"24":{"start":{"line":75,"column":4},"end":{"line":81,"column":5}},"25":{"start":{"line":76,"column":21},"end":{"line":76,"column":67}},"26":{"start":{"line":77,"column":6},"end":{"line":77,"column":26}},"27":{"start":{"line":78,"column":6},"end":{"line":78,"column":26}},"28":{"start":{"line":80,"column":6},"end":{"line":80,"column":52}},"29":{"start":{"line":88,"column":19},"end":{"line":99,"column":3}},"30":{"start":{"line":89,"column":4},"end":{"line":98,"column":5}},"31":{"start":{"line":90,"column":6},"end":{"line":90,"column":30}},"32":{"start":{"line":91,"column":19},"end":{"line":91,"column":48}},"33":{"start":{"line":92,"column":6},"end":{"line":92,"column":22}},"34":{"start":{"line":93,"column":6},"end":{"line":93,"column":26}},"35":{"start":{"line":94,"column":6},"end":{"line":94,"column":31}},"36":{"start":{"line":96,"column":6},"end":{"line":96,"column":52}},"37":{"start":{"line":97,"column":6},"end":{"line":97,"column":26}},"38":{"start":{"line":102,"column":2},"end":{"line":104,"column":9}},"39":{"start":{"line":103,"column":4},"end":{"line":103,"column":15}},"40":{"start":{"line":107,"column":2},"end":{"line":113,"column":17}},"41":{"start":{"line":108,"column":4},"end":{"line":112,"column":5}},"42":{"start":{"line":110,"column":6},"end":{"line":110,"column":46}},"43":{"start":{"line":111,"column":6},"end":{"line":111,"column":42}},"44":{"start":{"line":118,"column":31},"end":{"line":125,"column":3}},"45":{"start":{"line":119,"column":4},"end":{"line":124,"column":5}},"46":{"start":{"line":120,"column":6},"end":{"line":120,"column":28}},"47":{"start":{"line":122,"column":6},"end":{"line":122,"column":27}},"48":{"start":{"line":123,"column":6},"end":{"line":123,"column":53}},"49":{"start":{"line":131,"column":26},"end":{"line":138,"column":3}},"50":{"start":{"line":132,"column":22},"end":{"line":132,"column":66}},"51":{"start":{"line":134,"column":4},"end":{"line":134,"column":31}},"52":{"start":{"line":135,"column":4},"end":{"line":135,"column":26}},"53":{"start":{"line":136,"column":4},"end":{"line":136,"column":52}},"54":{"start":{"line":137,"column":4},"end":{"line":137,"column":48}},"55":{"start":{"line":146,"column":26},"end":{"line":152,"column":3}},"56":{"start":{"line":147,"column":22},"end":{"line":147,"column":79}},"57":{"start":{"line":148,"column":4},"end":{"line":148,"column":31}},"58":{"start":{"line":149,"column":4},"end":{"line":149,"column":26}},"59":{"start":{"line":150,"column":4},"end":{"line":150,"column":52}},"60":{"start":{"line":151,"column":4},"end":{"line":151,"column":48}},"61":{"start":{"line":154,"column":2},"end":{"line":209,"column":4}},"62":{"start":{"line":212,"column":15},"end":{"line":296,"column":2}}},"fnMap":{"0":{"name":"fetchVocabWords","decl":{"start":{"line":18,"column":15},"end":{"line":18,"column":30}},"loc":{"start":{"line":18,"column":55},"end":{"line":53,"column":1}},"line":18},"1":{"name":"VocabSynonyms","decl":{"start":{"line":55,"column":24},"end":{"line":55,"column":37}},"loc":{"start":{"line":55,"column":45},"end":{"line":210,"column":1}},"line":55},"2":{"name":"(anonymous_2)","decl":{"start":{"line":74,"column":19},"end":{"line":74,"column":20}},"loc":{"start":{"line":74,"column":31},"end":{"line":82,"column":3}},"line":74},"3":{"name":"(anonymous_3)","decl":{"start":{"line":88,"column":19},"end":{"line":88,"column":20}},"loc":{"start":{"line":88,"column":31},"end":{"line":99,"column":3}},"line":88},"4":{"name":"(anonymous_4)","decl":{"start":{"line":102,"column":12},"end":{"line":102,"column":13}},"loc":{"start":{"line":102,"column":18},"end":{"line":104,"column":3}},"line":102},"5":{"name":"(anonymous_5)","decl":{"start":{"line":107,"column":12},"end":{"line":107,"column":13}},"loc":{"start":{"line":107,"column":18},"end":{"line":113,"column":3}},"line":107},"6":{"name":"(anonymous_6)","decl":{"start":{"line":118,"column":31},"end":{"line":118,"column":32}},"loc":{"start":{"line":118,"column":37},"end":{"line":125,"column":3}},"line":118},"7":{"name":"(anonymous_7)","decl":{"start":{"line":131,"column":26},"end":{"line":131,"column":27}},"loc":{"start":{"line":131,"column":32},"end":{"line":138,"column":3}},"line":131},"8":{"name":"(anonymous_8)","decl":{"start":{"line":146,"column":26},"end":{"line":146,"column":27}},"loc":{"start":{"line":146,"column":32},"end":{"line":152,"column":3}},"line":146}},"branchMap":{"0":{"loc":{"start":{"line":36,"column":4},"end":{"line":49,"column":5}},"type":"if","locations":[{"start":{"line":36,"column":4},"end":{"line":49,"column":5}},{"start":{"line":47,"column":11},"end":{"line":49,"column":5}}],"line":36},"1":{"loc":{"start":{"line":36,"column":8},"end":{"line":36,"column":59}},"type":"binary-expr","locations":[{"start":{"line":36,"column":8},"end":{"line":36,"column":16}},{"start":{"line":36,"column":20},"end":{"line":36,"column":33}},{"start":{"line":36,"column":37},"end":{"line":36,"column":59}}],"line":36},"2":{"loc":{"start":{"line":41,"column":8},"end":{"line":44,"column":9}},"type":"if","locations":[{"start":{"line":41,"column":8},"end":{"line":44,"column":9}},{"start":{},"end":{}}],"line":41},"3":{"loc":{"start":{"line":68,"column":24},"end":{"line":68,"column":69}},"type":"binary-expr","locations":[{"start":{"line":68,"column":24},"end":{"line":68,"column":51}},{"start":{"line":68,"column":55},"end":{"line":68,"column":69}}],"line":68},"4":{"loc":{"start":{"line":69,"column":19},"end":{"line":69,"column":59}},"type":"binary-expr","locations":[{"start":{"line":69,"column":19},"end":{"line":69,"column":41}},{"start":{"line":69,"column":45},"end":{"line":69,"column":59}}],"line":69},"5":{"loc":{"start":{"line":108,"column":4},"end":{"line":112,"column":5}},"type":"if","locations":[{"start":{"line":108,"column":4},"end":{"line":112,"column":5}},{"start":{},"end":{}}],"line":108},"6":{"loc":{"start":{"line":119,"column":4},"end":{"line":124,"column":5}},"type":"if","locations":[{"start":{"line":119,"column":4},"end":{"line":124,"column":5}},{"start":{"line":121,"column":11},"end":{"line":124,"column":5}}],"line":119},"7":{"loc":{"start":{"line":132,"column":22},"end":{"line":132,"column":66}},"type":"cond-expr","locations":[{"start":{"line":132,"column":46},"end":{"line":132,"column":62}},{"start":{"line":132,"column":65},"end":{"line":132,"column":66}}],"line":132},"8":{"loc":{"start":{"line":147,"column":22},"end":{"line":147,"column":79}},"type":"cond-expr","locations":[{"start":{"line":147,"column":59},"end":{"line":147,"column":75}},{"start":{"line":147,"column":78},"end":{"line":147,"column":79}}],"line":147},"9":{"loc":{"start":{"line":156,"column":7},"end":{"line":207,"column":7}},"type":"cond-expr","locations":[{"start":{"line":157,"column":8},"end":{"line":164,"column":15}},{"start":{"line":166,"column":8},"end":{"line":206,"column":15}}],"line":156},"10":{"loc":{"start":{"line":173,"column":13},"end":{"line":175,"column":13}},"type":"binary-expr","locations":[{"start":{"line":173,"column":13},"end":{"line":173,"column":24}},{"start":{"line":174,"column":14},"end":{"line":174,"column":51}}],"line":173},"11":{"loc":{"start":{"line":176,"column":13},"end":{"line":178,"column":13}},"type":"binary-expr","locations":[{"start":{"line":176,"column":13},"end":{"line":176,"column":24}},{"start":{"line":177,"column":14},"end":{"line":177,"column":67}}],"line":176},"12":{"loc":{"start":{"line":187,"column":15},"end":{"line":187,"column":57}},"type":"cond-expr","locations":[{"start":{"line":187,"column":29},"end":{"line":187,"column":43}},{"start":{"line":187,"column":46},"end":{"line":187,"column":57}}],"line":187}},"s":{"0":1,"1":1,"2":1,"3":1,"4":0,"5":0,"6":0,"7":0,"8":0,"9":0,"10":0,"11":1,"12":0,"13":3,"14":2,"15":2,"16":2,"17":2,"18":2,"19":2,"20":2,"21":2,"22":2,"23":2,"24":1,"25":1,"26":1,"27":1,"28":1,"29":2,"30":0,"31":0,"32":0,"33":0,"34":0,"35":0,"36":0,"37":0,"38":2,"39":1,"40":2,"41":2,"42":0,"43":0,"44":2,"45":0,"46":0,"47":0,"48":0,"49":2,"50":0,"51":0,"52":0,"53":0,"54":0,"55":2,"56":0,"57":0,"58":0,"59":0,"60":0,"61":2,"62":1},"f":{"0":1,"1":3,"2":1,"3":0,"4":1,"5":2,"6":0,"7":0,"8":0},"b":{"0":[0,1],"1":[1,0,0],"2":[0,0],"3":[2,0],"4":[2,0],"5":[0,1],"6":[0,0],"7":[0,0],"8":[0,0],"9":[2,0],"10":[0,0],"11":[0,0],"12":[0,0]},"_coverageSchema":"1a1c01bbd47fc00a2c39e90264f33305004495a9","hash":"8d9c736d4c5d4637f18c04edb8ee3fd975de72b1"}
,"C:\\Users\\Abdullah Karolia\\Desktop\\Praktyk\\praktyk\\pages\\index.js": {"path":"C:\\Users\\Abdullah Karolia\\Desktop\\Praktyk\\praktyk\\pages\\index.js","statementMap":{},"fnMap":{},"branchMap":{},"s":{},"f":{},"b":{}}
}
