TN:
SF:components\ButtonComponent.js
FN:4,(anonymous_0)
FNF:1
FNH:1
FNDA:2,(anonymous_0)
DA:4,1
DA:5,2
DA:6,2
LF:3
LH:3
BRF:0
BRH:0
end_of_record
TN:
SF:components\CustomCards.js
FN:5,(anonymous_0)
FNF:1
FNH:1
FNDA:2,(anonymous_0)
DA:5,1
DA:6,2
DA:22,1
LF:3
LH:3
BRF:0
BRH:0
end_of_record
TN:
SF:components\ImageDisplay.js
FN:4,(anonymous_0)
FNF:1
FNH:1
FNDA:1,(anonymous_0)
DA:4,1
DA:5,1
DA:7,1
LF:3
LH:3
BRF:0
BRH:0
end_of_record
TN:
SF:components\InputBox.js
FN:5,(anonymous_0)
FN:10,(anonymous_1)
FN:23,(anonymous_2)
FNF:3
FNH:2
FNDA:4,(anonymous_0)
FNDA:0,(anonymous_1)
FNDA:1,(anonymous_2)
DA:5,1
DA:6,4
DA:7,4
DA:8,4
DA:10,4
DA:11,0
DA:14,4
DA:23,1
DA:37,1
LF:9
LH:8
BRDA:26,0,0,0
BRDA:26,0,1,4
BRDA:26,1,0,4
BRDA:26,1,1,4
BRDA:29,2,0,0
BRDA:29,2,1,4
BRF:6
BRH:4
end_of_record
TN:
SF:components\Popup.js
FN:5,(anonymous_0)
FN:15,(anonymous_1)
FN:18,(anonymous_2)
FNF:3
FNH:3
FNDA:1,(anonymous_0)
FNDA:1,(anonymous_1)
FNDA:1,(anonymous_2)
DA:5,1
DA:6,1
DA:8,1
DA:15,1
DA:18,1
DA:30,1
LF:6
LH:6
BRF:0
BRH:0
end_of_record
TN:
SF:pages\GrammarCategories.js
FN:6,GrammarCategories
FN:17,(anonymous_1)
FN:28,(anonymous_2)
FN:39,(anonymous_3)
FNF:4
FNH:0
FNDA:0,GrammarCategories
FNDA:0,(anonymous_1)
FNDA:0,(anonymous_2)
FNDA:0,(anonymous_3)
DA:7,0
DA:8,0
DA:11,0
DA:12,0
DA:18,0
DA:29,0
DA:40,0
DA:51,0
LF:8
LH:0
BRDA:11,0,0,0
BRDA:11,0,1,0
BRF:2
BRH:0
end_of_record
TN:
SF:pages\HomeScreen.js
FN:7,HomeScreen
FN:24,(anonymous_1)
FN:76,(anonymous_2)
FN:85,(anonymous_3)
FN:93,(anonymous_4)
FNF:5
FNH:0
FNDA:0,HomeScreen
FNDA:0,(anonymous_1)
FNDA:0,(anonymous_2)
FNDA:0,(anonymous_3)
FNDA:0,(anonymous_4)
DA:9,0
DA:10,0
DA:11,0
DA:21,0
DA:24,0
DA:25,0
DA:26,0
DA:36,0
DA:78,0
DA:86,0
DA:94,0
DA:109,0
LF:12
LH:0
BRDA:71,0,0,0
BRDA:71,0,1,0
BRF:2
BRH:0
end_of_record
TN:
SF:pages\LiteratureCategories.js
FN:5,LiteratureCategories
FN:19,(anonymous_1)
FNF:2
FNH:0
FNDA:0,LiteratureCategories
FNDA:0,(anonymous_1)
DA:8,0
DA:10,0
DA:12,0
DA:20,0
LF:4
LH:0
BRF:0
BRH:0
end_of_record
TN:
SF:pages\VocabCategories.js
FN:6,VocabCategories
FN:69,(anonymous_1)
FN:79,(anonymous_2)
FN:89,(anonymous_3)
FNF:4
FNH:0
FNDA:0,VocabCategories
FNDA:0,(anonymous_1)
FNDA:0,(anonymous_2)
FNDA:0,(anonymous_3)
DA:7,0
DA:8,0
DA:11,0
DA:13,0
DA:14,0
DA:15,0
DA:16,0
DA:18,0
DA:70,0
DA:80,0
DA:90,0
LF:11
LH:0
BRDA:11,0,0,0
BRDA:11,0,1,0
BRF:2
BRH:0
end_of_record
TN:
SF:pages\index.js
FNF:0
FNH:0
LF:0
LH:0
BRF:0
BRH:0
end_of_record
